0 verbose cli /usr/local/bin/node /usr/local/bin/npm
1 info using npm@10.8.2
2 info using node@v20.18.1
3 silly config load:file:/usr/local/lib/node_modules/npm/npmrc
4 silly config load:file:/home/user/.npmrc
5 silly config load:file:/usr/local/etc/npmrc
6 verbose title npm install @types/pdf-parse
7 verbose argv "install" "--save-dev" "@types/pdf-parse"
8 verbose logfile logs-max:10 dir:/home/user/.npm/_logs/2026-05-08T01_54_16_299Z-
9 verbose logfile /home/user/.npm/_logs/2026-05-08T01_54_16_299Z-debug-0.log
10 silly packumentCache heap:2197815296 maxSize:549453824 maxEntrySize:274726912
11 silly logfile start cleaning logs, removing 1 files
12 silly logfile done cleaning log files
13 silly idealTree buildDeps
14 silly fetch manifest @types/pdf-parse@*
15 silly packumentCache full:https://registry.npmjs.org/@types%2fpdf-parse cache-miss
16 http fetch GET 200 https://registry.npmjs.org/@types%2fpdf-parse 352ms (cache miss)
17 silly packumentCache full:https://registry.npmjs.org/@types%2fpdf-parse set size:undefined disposed:false
18 silly placeDep ROOT @types/pdf-parse@1.1.5 OK for: nextjs-app@0.1.0 want: *
19 warn EBADENGINE Unsupported engine {
19 warn EBADENGINE   package: 'eslint-visitor-keys@5.0.1',
19 warn EBADENGINE   required: { node: '^20.19.0 || ^22.13.0 || >=24' },
19 warn EBADENGINE   current: { node: 'v20.18.1', npm: '10.8.2' }
19 warn EBADENGINE }
20 silly reify moves {}
21 silly audit bulk request {
21 silly audit   '@alloc/quick-lru': [ '5.2.0' ],
21 silly audit   '@babel/runtime': [ '7.29.2' ],
21 silly audit   '@emnapi/core': [ '1.10.0' ],
21 silly audit   '@emnapi/runtime': [ '1.10.0' ],
21 silly audit   '@emnapi/wasi-threads': [ '1.2.1' ],
21 silly audit   '@eslint-community/eslint-utils': [ '4.9.1' ],
21 silly audit   'eslint-visitor-keys': [ '3.4.3', '5.0.1', '4.2.1' ],
21 silly audit   '@eslint-community/regexpp': [ '4.12.2' ],
21 silly audit   '@eslint/config-array': [ '0.21.2' ],
21 silly audit   '@eslint/config-helpers': [ '0.4.2' ],
21 silly audit   '@eslint/core': [ '0.17.0' ],
21 silly audit   '@eslint/eslintrc': [ '3.3.5' ],
21 silly audit   '@eslint/js': [ '9.39.4' ],
21 silly audit   '@eslint/object-schema': [ '2.1.7' ],
21 silly audit   '@eslint/plugin-kit': [ '0.4.1' ],
21 silly audit   '@floating-ui/core': [ '1.7.5' ],
21 silly audit   '@floating-ui/dom': [ '1.7.6' ],
21 silly audit   '@floating-ui/react-dom': [ '2.1.8' ],
21 silly audit   '@floating-ui/utils': [ '0.2.11' ],
21 silly audit   '@humanfs/core': [ '0.19.2' ],
21 silly audit   '@humanfs/node': [ '0.16.8' ],
21 silly audit   '@humanfs/types': [ '0.15.0' ],
21 silly audit   '@humanwhocodes/module-importer': [ '1.0.1' ],
21 silly audit   '@humanwhocodes/retry': [ '0.4.3' ],
21 silly audit   '@img/colour': [ '1.1.0' ],
21 silly audit   '@img/sharp-darwin-arm64': [ '0.34.5' ],
21 silly audit   '@img/sharp-darwin-x64': [ '0.34.5' ],
21 silly audit   '@img/sharp-libvips-darwin-arm64': [ '1.2.4' ],
21 silly audit   '@img/sharp-libvips-darwin-x64': [ '1.2.4' ],
21 silly audit   '@img/sharp-libvips-linux-arm': [ '1.2.4' ],
21 silly audit   '@img/sharp-libvips-linux-arm64': [ '1.2.4' ],
21 silly audit   '@img/sharp-libvips-linux-ppc64': [ '1.2.4' ],
21 silly audit   '@img/sharp-libvips-linux-riscv64': [ '1.2.4' ],
21 silly audit   '@img/sharp-libvips-linux-s390x': [ '1.2.4' ],
21 silly audit   '@img/sharp-libvips-linux-x64': [ '1.2.4' ],
21 silly audit   '@img/sharp-libvips-linuxmusl-arm64': [ '1.2.4' ],
21 silly audit   '@img/sharp-libvips-linuxmusl-x64': [ '1.2.4' ],
21 silly audit   '@img/sharp-linux-arm': [ '0.34.5' ],
21 silly audit   '@img/sharp-linux-arm64': [ '0.34.5' ],
21 silly audit   '@img/sharp-linux-ppc64': [ '0.34.5' ],
21 silly audit   '@img/sharp-linux-riscv64': [ '0.34.5' ],
21 silly audit   '@img/sharp-linux-s390x': [ '0.34.5' ],
21 silly audit   '@img/sharp-linux-x64': [ '0.34.5' ],
21 silly audit   '@img/sharp-linuxmusl-arm64': [ '0.34.5' ],
21 silly audit   '@img/sharp-linuxmusl-x64': [ '0.34.5' ],
21 silly audit   '@img/sharp-wasm32': [ '0.34.5' ],
21 silly audit   '@img/sharp-win32-arm64': [ '0.34.5' ],
21 silly audit   '@img/sharp-win32-ia32': [ '0.34.5' ],
21 silly audit   '@img/sharp-win32-x64': [ '0.34.5' ],
21 silly audit   '@jridgewell/gen-mapping': [ '0.3.13' ],
21 silly audit   '@jridgewell/resolve-uri': [ '3.1.2' ],
21 silly audit   '@jridgewell/sourcemap-codec': [ '1.5.5' ],
21 silly audit   '@jridgewell/trace-mapping': [ '0.3.31' ],
21 silly audit   '@napi-rs/canvas': [ '0.1.100', '0.1.80' ],
21 silly audit   '@napi-rs/canvas-android-arm64': [ '0.1.100', '0.1.80' ],
21 silly audit   '@napi-rs/canvas-darwin-arm64': [ '0.1.100', '0.1.80' ],
21 silly audit   '@napi-rs/canvas-darwin-x64': [ '0.1.100', '0.1.80' ],
21 silly audit   '@napi-rs/canvas-linux-arm-gnueabihf': [ '0.1.100', '0.1.80' ],
21 silly audit   '@napi-rs/canvas-linux-arm64-gnu': [ '0.1.100', '0.1.80' ],
21 silly audit   '@napi-rs/canvas-linux-arm64-musl': [ '0.1.100', '0.1.80' ],
21 silly audit   '@napi-rs/canvas-linux-riscv64-gnu': [ '0.1.100', '0.1.80' ],
21 silly audit   '@napi-rs/canvas-linux-x64-gnu': [ '0.1.100', '0.1.80' ],
21 silly audit   '@napi-rs/canvas-linux-x64-musl': [ '0.1.100', '0.1.80' ],
21 silly audit   '@napi-rs/canvas-win32-arm64-msvc': [ '0.1.100' ],
21 silly audit   '@napi-rs/canvas-win32-x64-msvc': [ '0.1.100', '0.1.80' ],
21 silly audit   '@napi-rs/wasm-runtime': [ '0.2.12' ],
21 silly audit   '@next/env': [ '16.2.6' ],
21 silly audit   '@next/eslint-plugin-next': [ '15.3.3' ],
21 silly audit   '@next/swc-darwin-arm64': [ '16.2.6' ],
21 silly audit   '@next/swc-darwin-x64': [ '16.2.6' ],
21 silly audit   '@next/swc-linux-arm64-gnu': [ '16.2.6' ],
21 silly audit   '@next/swc-linux-arm64-musl': [ '16.2.6' ],
21 silly audit   '@next/swc-linux-x64-gnu': [ '16.2.6' ],
21 silly audit   '@next/swc-linux-x64-musl': [ '16.2.6' ],
21 silly audit   '@next/swc-win32-arm64-msvc': [ '16.2.6' ],
21 silly audit   '@next/swc-win32-x64-msvc': [ '16.2.6' ],
21 silly audit   '@nodelib/fs.scandir': [ '2.1.5' ],
21 silly audit   '@nodelib/fs.stat': [ '2.0.5' ],
21 silly audit   '@nodelib/fs.walk': [ '1.2.8' ],
21 silly audit   '@nolyfill/is-core-module': [ '1.0.39' ],
21 silly audit   '@radix-ui/number': [ '1.1.1' ],
21 silly audit   '@radix-ui/primitive': [ '1.1.3' ],
21 silly audit   '@radix-ui/react-arrow': [ '1.1.7' ],
21 silly audit   '@radix-ui/react-primitive': [ '2.1.3', '2.1.4' ],
21 silly audit   '@radix-ui/react-slot': [ '1.2.3', '1.2.4' ],
21 silly audit   '@radix-ui/react-avatar': [ '1.1.11' ],
21 silly audit   '@radix-ui/react-checkbox': [ '1.3.3' ],
21 silly audit   '@radix-ui/react-context': [ '1.1.2', '1.1.3' ],
21 silly audit   '@radix-ui/react-collection': [ '1.1.7' ],
21 silly audit   '@radix-ui/react-compose-refs': [ '1.1.2' ],
21 silly audit   '@radix-ui/react-dialog': [ '1.1.15' ],
21 silly audit   '@radix-ui/react-direction': [ '1.1.1' ],
21 silly audit   '@radix-ui/react-dismissable-layer': [ '1.1.11' ],
21 silly audit   '@radix-ui/react-dropdown-menu': [ '2.1.16' ],
21 silly audit   '@radix-ui/react-focus-guards': [ '1.1.3' ],
21 silly audit   '@radix-ui/react-focus-scope': [ '1.1.7' ],
21 silly audit   '@radix-ui/react-id': [ '1.1.1' ],
21 silly audit   '@radix-ui/react-label': [ '2.1.8' ],
21 silly audit   '@radix-ui/react-menu': [ '2.1.16' ],
21 silly audit   '@radix-ui/react-popover': [ '1.1.15' ],
21 silly audit   '@radix-ui/react-popper': [ '1.2.8' ],
21 silly audit   '@radix-ui/react-portal': [ '1.1.9' ],
21 silly audit   '@radix-ui/react-presence': [ '1.1.5' ],
21 silly audit   '@radix-ui/react-progress': [ '1.1.8' ],
21 silly audit   '@radix-ui/react-roving-focus': [ '1.1.11' ],
21 silly audit   '@radix-ui/react-scroll-area': [ '1.2.10' ],
21 silly audit   '@radix-ui/react-select': [ '2.2.6' ],
21 silly audit   '@radix-ui/react-separator': [ '1.1.8' ],
21 silly audit   '@radix-ui/react-slider': [ '1.3.6' ],
21 silly audit   '@radix-ui/react-switch': [ '1.2.6' ],
21 silly audit   '@radix-ui/react-tabs': [ '1.1.13' ],
21 silly audit   '@radix-ui/react-tooltip': [ '1.2.8' ],
21 silly audit   '@radix-ui/react-use-callback-ref': [ '1.1.1' ],
21 silly audit   '@radix-ui/react-use-controllable-state': [ '1.2.2' ],
21 silly audit   '@radix-ui/react-use-effect-event': [ '0.0.2' ],
21 silly audit   '@radix-ui/react-use-escape-keydown': [ '1.1.1' ],
21 silly audit   '@radix-ui/react-use-is-hydrated': [ '0.1.0' ],
21 silly audit   '@radix-ui/react-use-layout-effect': [ '1.1.1' ],
21 silly audit   '@radix-ui/react-use-previous': [ '1.1.1' ],
21 silly audit   '@radix-ui/react-use-rect': [ '1.1.1' ],
21 silly audit   '@radix-ui/react-use-size': [ '1.1.1' ],
21 silly audit   '@radix-ui/react-visually-hidden': [ '1.2.3' ],
21 silly audit   '@radix-ui/rect': [ '1.1.1' ],
21 silly audit   '@rtsao/scc': [ '1.1.0' ],
21 silly audit   '@rushstack/eslint-patch': [ '1.16.1' ],
21 silly audit   '@supabase/auth-js': [ '2.105.3' ],
21 silly audit   '@supabase/functions-js': [ '2.105.3' ],
21 silly audit   '@supabase/phoenix': [ '0.4.1' ],
21 silly audit   '@supabase/postgrest-js': [ '2.105.3' ],
21 silly audit   '@supabase/realtime-js': [ '2.105.3' ],
21 silly audit   '@supabase/storage-js': [ '2.105.3' ],
21 silly audit   '@supabase/supabase-js': [ '2.105.3' ],
21 silly audit   '@swc/helpers': [ '0.5.15' ],
21 silly audit   '@tybys/wasm-util': [ '0.10.2' ],
21 silly audit   '@types/d3-array': [ '3.2.2' ],
21 silly audit   '@types/d3-color': [ '3.1.3' ],
21 silly audit   '@types/d3-ease': [ '3.0.2' ],
21 silly audit   '@types/d3-interpolate': [ '3.0.4' ],
21 silly audit   '@types/d3-path': [ '3.1.1' ],
21 silly audit   '@types/d3-scale': [ '4.0.9' ],
21 silly audit   '@types/d3-shape': [ '3.1.8' ],
21 silly audit   '@types/d3-time': [ '3.0.4' ],
21 silly audit   '@types/d3-timer': [ '3.0.2' ],
21 silly audit   '@types/estree': [ '1.0.9' ],
21 silly audit   '@types/json-schema': [ '7.0.15' ],
21 silly audit   '@types/json5': [ '0.0.29' ],
21 silly audit   '@types/node': [ '22.19.17' ],
21 silly audit   '@types/react': [ '19.2.14' ],
21 silly audit   '@types/react-dom': [ '19.2.3' ],
21 silly audit   '@types/ws': [ '8.18.1' ],
21 silly audit   '@typescript-eslint/eslint-plugin': [ '8.59.2' ],
21 silly audit   ignore: [ '7.0.5', '5.3.2' ],
21 silly audit   '@typescript-eslint/parser': [ '8.59.2' ],
21 silly audit   '@typescript-eslint/project-service': [ '8.59.2' ],
21 silly audit   '@typescript-eslint/scope-manager': [ '8.59.2' ],
21 silly audit   '@typescript-eslint/tsconfig-utils': [ '8.59.2' ],
21 silly audit   '@typescript-eslint/type-utils': [ '8.59.2' ],
21 silly audit   '@typescript-eslint/types': [ '8.59.2' ],
21 silly audit   '@typescript-eslint/typescript-estree': [ '8.59.2' ],
21 silly audit   'balanced-match': [ '4.0.4', '1.0.2' ],
21 silly audit   'brace-expansion': [ '5.0.5', '1.1.14' ],
21 silly audit   minimatch: [ '10.2.5', '3.1.5' ],
21 silly audit   '@typescript-eslint/utils': [ '8.59.2' ],
21 silly audit   '@typescript-eslint/visitor-keys': [ '8.59.2' ],
21 silly audit   '@unrs/resolver-binding-android-arm-eabi': [ '1.11.1' ],
21 silly audit   '@unrs/resolver-binding-android-arm64': [ '1.11.1' ],
21 silly audit   '@unrs/resolver-binding-darwin-arm64': [ '1.11.1' ],
21 silly audit   '@unrs/resolver-binding-darwin-x64': [ '1.11.1' ],
21 silly audit   '@unrs/resolver-binding-freebsd-x64': [ '1.11.1' ],
21 silly audit   '@unrs/resolver-binding-linux-arm-gnueabihf': [ '1.11.1' ],
21 silly audit   '@unrs/resolver-binding-linux-arm-musleabihf': [ '1.11.1' ],
21 silly audit   '@unrs/resolver-binding-linux-arm64-gnu': [ '1.11.1' ],
21 silly audit   '@unrs/resolver-binding-linux-arm64-musl': [ '1.11.1' ],
21 silly audit   '@unrs/resolver-binding-linux-ppc64-gnu': [ '1.11.1' ],
21 silly audit   '@unrs/resolver-binding-linux-riscv64-gnu': [ '1.11.1' ],
21 silly audit   '@unrs/resolver-binding-linux-riscv64-musl': [ '1.11.1' ],
21 silly audit   '@unrs/resolver-binding-linux-s390x-gnu': [ '1.11.1' ],
21 silly audit   '@unrs/resolver-binding-linux-x64-gnu': [ '1.11.1' ],
21 silly audit   '@unrs/resolver-binding-linux-x64-musl': [ '1.11.1' ],
21 silly audit   '@unrs/resolver-binding-wasm32-wasi': [ '1.11.1' ],
21 silly audit   '@unrs/resolver-binding-win32-arm64-msvc': [ '1.11.1' ],
21 silly audit   '@unrs/resolver-binding-win32-ia32-msvc': [ '1.11.1' ],
21 silly audit   '@unrs/resolver-binding-win32-x64-msvc': [ '1.11.1' ],
21 silly audit   acorn: [ '8.16.0' ],
21 silly audit   'acorn-jsx': [ '5.3.2' ],
21 silly audit   ajv: [ '6.15.0' ],
21 silly audit   'ansi-styles': [ '4.3.0' ],
21 silly audit   'any-promise': [ '1.3.0' ],
21 silly audit   anymatch: [ '3.1.3' ],
21 silly audit   arg: [ '5.0.2' ],
21 silly audit   argparse: [ '2.0.1' ],
21 silly audit   'aria-hidden': [ '1.2.6' ],
21 silly audit   'aria-query': [ '5.3.2' ],
21 silly audit   'array-buffer-byte-length': [ '1.0.2' ],
21 silly audit   'array-includes': [ '3.1.9' ],
21 silly audit   'array.prototype.findlast': [ '1.2.5' ],
21 silly audit   'array.prototype.findlastindex': [ '1.2.6' ],
21 silly audit   'array.prototype.flat': [ '1.3.3' ],
21 silly audit   'array.prototype.flatmap': [ '1.3.3' ],
21 silly audit   'array.prototype.tosorted': [ '1.1.4' ],
21 silly audit   'arraybuffer.prototype.slice': [ '1.0.4' ],
21 silly audit   'ast-types-flow': [ '0.0.8' ],
21 silly audit   'async-function': [ '1.0.0' ],
21 silly audit   autoprefixer: [ '10.5.0' ],
21 silly audit   'available-typed-arrays': [ '1.0.7' ],
21 silly audit   'axe-core': [ '4.11.4' ],
21 silly audit   'axobject-query': [ '4.1.0' ],
21 silly audit   'baseline-browser-mapping': [ '2.10.27' ],
21 silly audit   'binary-extensions': [ '2.3.0' ],
21 silly audit   braces: [ '3.0.3' ],
21 silly audit   browserslist: [ '4.28.2' ],
21 silly audit   'call-bind': [ '1.0.9' ],
21 silly audit   'call-bind-apply-helpers': [ '1.0.2' ],
21 silly audit   'call-bound': [ '1.0.4' ],
21 silly audit   callsites: [ '3.1.0' ],
21 silly audit   'camelcase-css': [ '2.0.1' ],
21 silly audit   'caniuse-lite': [ '1.0.30001792' ],
21 silly audit   chalk: [ '4.1.2' ],
21 silly audit   chokidar: [ '3.6.0' ],
21 silly audit   'glob-parent': [ '5.1.2', '6.0.2' ],
21 silly audit   'class-variance-authority': [ '0.7.1' ],
21 silly audit   'client-only': [ '0.0.1' ],
21 silly audit   clsx: [ '2.1.1' ],
21 silly audit   'color-convert': [ '2.0.1' ],
21 silly audit   'color-name': [ '1.1.4' ],
21 silly audit   commander: [ '4.1.1' ],
21 silly audit   'concat-map': [ '0.0.1' ],
21 silly audit   'cross-spawn': [ '7.0.6' ],
21 silly audit   cssesc: [ '3.0.0' ],
21 silly audit   csstype: [ '3.2.3' ],
21 silly audit   'd3-array': [ '3.2.4' ],
21 silly audit   'd3-color': [ '3.1.0' ],
21 silly audit   'd3-ease': [ '3.0.1' ],
21 silly audit   'd3-format': [ '3.1.2' ],
21 silly audit   'd3-interpolate': [ '3.0.1' ],
21 silly audit   'd3-path': [ '3.1.0' ],
21 silly audit   'd3-scale': [ '4.0.2' ],
21 silly audit   'd3-shape': [ '3.2.0' ],
21 silly audit   'd3-time': [ '3.1.0' ],
21 silly audit   'd3-time-format': [ '4.1.0' ],
21 silly audit   'd3-timer': [ '3.0.1' ],
21 silly audit   'damerau-levenshtein': [ '1.0.8' ],
21 silly audit   'data-view-buffer': [ '1.0.2' ],
21 silly audit   'data-view-byte-length': [ '1.0.2' ],
21 silly audit   'data-view-byte-offset': [ '1.0.1' ],
21 silly audit   'date-fns': [ '4.1.0' ],
21 silly audit   debug: [ '4.4.3', '3.2.7' ],
21 silly audit   'decimal.js-light': [ '2.5.1' ],
21 silly audit   'deep-is': [ '0.1.4' ],
21 silly audit   'define-data-property': [ '1.1.4' ],
21 silly audit   'define-properties': [ '1.2.1' ],
21 silly audit   'detect-libc': [ '2.1.2' ],
21 silly audit   'detect-node-es': [ '1.1.0' ],
21 silly audit   didyoumean: [ '1.2.2' ],
21 silly audit   dlv: [ '1.1.3' ],
21 silly audit   doctrine: [ '2.1.0' ],
21 silly audit   'dom-helpers': [ '5.2.1' ],
21 silly audit   'dunder-proto': [ '1.0.1' ],
21 silly audit   'electron-to-chromium': [ '1.5.352' ],
21 silly audit   'emoji-regex': [ '9.2.2' ],
21 silly audit   'es-abstract': [ '1.24.2' ],
21 silly audit   'es-define-property': [ '1.0.1' ],
21 silly audit   'es-errors': [ '1.3.0' ],
21 silly audit   'es-iterator-helpers': [ '1.3.2' ],
21 silly audit   'es-object-atoms': [ '1.1.1' ],
21 silly audit   'es-set-tostringtag': [ '2.1.0' ],
21 silly audit   'es-shim-unscopables': [ '1.1.0' ],
21 silly audit   'es-to-primitive': [ '1.3.0' ],
21 silly audit   escalade: [ '3.2.0' ],
21 silly audit   'escape-string-regexp': [ '4.0.0' ],
21 silly audit   eslint: [ '9.39.4' ],
21 silly audit   'eslint-config-next': [ '15.3.3' ],
21 silly audit   'eslint-import-resolver-node': [ '0.3.10' ],
21 silly audit   'eslint-import-resolver-typescript': [ '3.10.1' ],
21 silly audit   'eslint-module-utils': [ '2.12.1' ],
21 silly audit   'eslint-plugin-import': [ '2.32.0' ],
21 silly audit   semver: [ '6.3.1', '7.7.4' ],
21 silly audit   'eslint-plugin-jsx-a11y': [ '6.10.2' ],
21 silly audit   'eslint-plugin-react': [ '7.37.5' ],
21 silly audit   'eslint-plugin-react-hooks': [ '5.2.0' ],
21 silly audit   'eslint-scope': [ '8.4.0' ],
21 silly audit   espree: [ '10.4.0' ],
21 silly audit   esquery: [ '1.7.0' ],
21 silly audit   esrecurse: [ '4.3.0' ],
21 silly audit   estraverse: [ '5.3.0' ],
21 silly audit   esutils: [ '2.0.3' ],
21 silly audit   eventemitter3: [ '4.0.7' ],
21 silly audit   'fast-deep-equal': [ '3.1.3' ],
21 silly audit   'fast-equals': [ '5.4.0' ],
21 silly audit   'fast-glob': [ '3.3.1', '3.3.3' ],
21 silly audit   'fast-json-stable-stringify': [ '2.1.0' ],
21 silly audit   'fast-levenshtein': [ '2.0.6' ],
21 silly audit   fastq: [ '1.20.1' ],
21 silly audit   'file-entry-cache': [ '8.0.0' ],
21 silly audit   'fill-range': [ '7.1.1' ],
21 silly audit   'find-up': [ '5.0.0' ],
21 silly audit   'flat-cache': [ '4.0.1' ],
21 silly audit   flatted: [ '3.4.2' ],
21 silly audit   'for-each': [ '0.3.5' ],
21 silly audit   'fraction.js': [ '5.3.4' ],
21 silly audit   'framer-motion': [ '12.38.0' ],
21 silly audit   fsevents: [ '2.3.3' ],
21 silly audit   'function-bind': [ '1.1.2' ],
21 silly audit   'function.prototype.name': [ '1.1.8' ],
21 silly audit   'functions-have-names': [ '1.2.3' ],
21 silly audit   'generator-function': [ '2.0.1' ],
21 silly audit   'get-intrinsic': [ '1.3.0' ],
21 silly audit   'get-nonce': [ '1.0.1' ],
21 silly audit   'get-proto': [ '1.0.1' ],
21 silly audit   'get-symbol-description': [ '1.1.0' ],
21 silly audit   'get-tsconfig': [ '4.14.0' ],
21 silly audit   globals: [ '14.0.0' ],
21 silly audit   globalthis: [ '1.0.4' ],
21 silly audit   gopd: [ '1.2.0' ],
21 silly audit   'has-bigints': [ '1.1.0' ],
21 silly audit   'has-flag': [ '4.0.0' ],
21 silly audit   'has-property-descriptors': [ '1.0.2' ],
21 silly audit   'has-proto': [ '1.2.0' ],
21 silly audit   'has-symbols': [ '1.1.0' ],
21 silly audit   'has-tostringtag': [ '1.0.2' ],
21 silly audit   hasown: [ '2.0.3' ],
21 silly audit   'iceberg-js': [ '0.8.1' ],
21 silly audit   'import-fresh': [ '3.3.1' ],
21 silly audit   imurmurhash: [ '0.1.4' ],
21 silly audit   'internal-slot': [ '1.1.0' ],
21 silly audit   internmap: [ '2.0.3' ],
21 silly audit   'is-array-buffer': [ '3.0.5' ],
21 silly audit   'is-async-function': [ '2.1.1' ],
21 silly audit   'is-bigint': [ '1.1.0' ],
21 silly audit   'is-binary-path': [ '2.1.0' ],
21 silly audit   'is-boolean-object': [ '1.2.2' ],
21 silly audit   'is-bun-module': [ '2.0.0' ],
21 silly audit   'is-callable': [ '1.2.7' ],
21 silly audit   'is-core-module': [ '2.16.2' ],
21 silly audit   'is-data-view': [ '1.0.2' ],
21 silly audit   'is-date-object': [ '1.1.0' ],
21 silly audit   'is-extglob': [ '2.1.1' ],
21 silly audit   'is-finalizationregistry': [ '1.1.1' ],
21 silly audit   'is-generator-function': [ '1.1.2' ],
21 silly audit   'is-glob': [ '4.0.3' ],
21 silly audit   'is-map': [ '2.0.3' ],
21 silly audit   'is-negative-zero': [ '2.0.3' ],
21 silly audit   'is-number': [ '7.0.0' ],
21 silly audit   'is-number-object': [ '1.1.1' ],
21 silly audit   'is-regex': [ '1.2.1' ],
21 silly audit   'is-set': [ '2.0.3' ],
21 silly audit   'is-shared-array-buffer': [ '1.0.4' ],
21 silly audit   'is-string': [ '1.1.1' ],
21 silly audit   'is-symbol': [ '1.1.1' ],
21 silly audit   'is-typed-array': [ '1.1.15' ],
21 silly audit   'is-weakmap': [ '2.0.2' ],
21 silly audit   'is-weakref': [ '1.1.1' ],
21 silly audit   'is-weakset': [ '2.0.4' ],
21 silly audit   isarray: [ '2.0.5' ],
21 silly audit   isexe: [ '2.0.0' ],
21 silly audit   'iterator.prototype': [ '1.1.5' ],
21 silly audit   jiti: [ '1.21.7' ],
21 silly audit   'js-tokens': [ '4.0.0' ],
21 silly audit   'js-yaml': [ '4.1.1' ],
21 silly audit   'json-buffer': [ '3.0.1' ],
21 silly audit   'json-schema-traverse': [ '0.4.1' ],
21 silly audit   'json-stable-stringify-without-jsonify': [ '1.0.1' ],
21 silly audit   json5: [ '1.0.2' ],
21 silly audit   'jsx-ast-utils': [ '3.3.5' ],
21 silly audit   keyv: [ '4.5.4' ],
21 silly audit   'language-subtag-registry': [ '0.3.23' ],
21 silly audit   'language-tags': [ '1.0.9' ],
21 silly audit   levn: [ '0.4.1' ],
21 silly audit   lilconfig: [ '3.1.3' ],
21 silly audit   'lines-and-columns': [ '1.2.4' ],
21 silly audit   'locate-path': [ '6.0.0' ],
21 silly audit   lodash: [ '4.18.1' ],
21 silly audit   'lodash.merge': [ '4.6.2' ],
21 silly audit   'loose-envify': [ '1.4.0' ],
21 silly audit   'lucide-react': [ '0.475.0' ],
21 silly audit   'math-intrinsics': [ '1.1.0' ],
21 silly audit   merge2: [ '1.4.1' ],
21 silly audit   micromatch: [ '4.0.8' ],
21 silly audit   minimist: [ '1.2.8' ],
21 silly audit   'motion-dom': [ '12.38.0' ],
21 silly audit   'motion-utils': [ '12.36.0' ],
21 silly audit   ms: [ '2.1.3' ],
21 silly audit   mz: [ '2.7.0' ],
21 silly audit   nanoid: [ '3.3.12' ],
21 silly audit   'napi-postinstall': [ '0.3.4' ],
21 silly audit   'natural-compare': [ '1.4.0' ],
21 silly audit   next: [ '16.2.6' ],
21 silly audit   postcss: [ '8.4.31', '8.5.14' ],
21 silly audit   'node-exports-info': [ '1.6.0' ],
21 silly audit   'node-readable-to-web-readable-stream': [ '0.4.2' ],
21 silly audit   'node-releases': [ '2.0.38' ],
21 silly audit   'normalize-path': [ '3.0.0' ],
21 silly audit   'object-assign': [ '4.1.1' ],
21 silly audit   'object-hash': [ '3.0.0' ],
21 silly audit   'object-inspect': [ '1.13.4' ],
21 silly audit   'object-keys': [ '1.1.1' ],
21 silly audit   'object.assign': [ '4.1.7' ],
21 silly audit   'object.entries': [ '1.1.9' ],
21 silly audit   'object.fromentries': [ '2.0.8' ],
21 silly audit   'object.groupby': [ '1.0.3' ],
21 silly audit   'object.values': [ '1.2.1' ],
21 silly audit   optionator: [ '0.9.4' ],
21 silly audit   'own-keys': [ '1.0.1' ],
21 silly audit   'p-limit': [ '3.1.0' ],
21 silly audit   'p-locate': [ '5.0.0' ],
21 silly audit   'parent-module': [ '1.0.1' ],
21 silly audit   'path-exists': [ '4.0.0' ],
21 silly audit   'path-key': [ '3.1.1' ],
21 silly audit   'path-parse': [ '1.0.7' ],
21 silly audit   'pdf-parse': [ '2.4.5' ],
21 silly audit   'pdfjs-dist': [ '5.4.296', '5.4.624' ],
21 silly audit   picocolors: [ '1.1.1' ],
21 silly audit   picomatch: [ '2.3.2', '4.0.4' ],
21 silly audit   pify: [ '2.3.0' ],
21 silly audit   pirates: [ '4.0.7' ],
21 silly audit   'possible-typed-array-names': [ '1.1.0' ],
21 silly audit   'postcss-import': [ '15.1.0' ],
21 silly audit   resolve: [ '1.22.12', '2.0.0-next.6' ],
21 silly audit   'postcss-js': [ '4.1.0' ],
21 silly audit   'postcss-load-config': [ '6.0.1' ],
21 silly audit   'postcss-nested': [ '6.2.0' ],
21 silly audit   'postcss-selector-parser': [ '6.1.2' ],
21 silly audit   'postcss-value-parser': [ '4.2.0' ],
21 silly audit   'prelude-ls': [ '1.2.1' ],
21 silly audit   'prop-types': [ '15.8.1' ],
21 silly audit   punycode: [ '2.3.1' ],
21 silly audit   'queue-microtask': [ '1.2.3' ],
21 silly audit   react: [ '19.2.6' ],
21 silly audit   'react-dom': [ '19.2.6' ],
21 silly audit   'react-is': [ '16.13.1', '18.3.1' ],
21 silly audit   'react-remove-scroll': [ '2.7.2' ],
21 silly audit   'react-remove-scroll-bar': [ '2.3.8' ],
21 silly audit   'react-smooth': [ '4.0.4' ],
21 silly audit   'react-style-singleton': [ '2.2.3' ],
21 silly audit   'react-transition-group': [ '4.4.5' ],
21 silly audit   'read-cache': [ '1.0.0' ],
21 silly audit   readdirp: [ '3.6.0' ],
21 silly audit   recharts: [ '2.15.4' ],
21 silly audit   'recharts-scale': [ '0.4.5' ],
21 silly audit   'reflect.getprototypeof': [ '1.0.10' ],
21 silly audit   'regexp.prototype.flags': [ '1.5.4' ],
21 silly audit   'resolve-from': [ '4.0.0' ],
21 silly audit   'resolve-pkg-maps': [ '1.0.0' ],
21 silly audit   reusify: [ '1.1.0' ],
21 silly audit   'run-parallel': [ '1.2.0' ],
21 silly audit   'safe-array-concat': [ '1.1.4' ],
21 silly audit   'safe-push-apply': [ '1.0.0' ],
21 silly audit   'safe-regex-test': [ '1.1.0' ],
21 silly audit   scheduler: [ '0.27.0' ],
21 silly audit   'set-function-length': [ '1.2.2' ],
21 silly audit   'set-function-name': [ '2.0.2' ],
21 silly audit   'set-proto': [ '1.0.0' ],
21 silly audit   sharp: [ '0.34.5' ],
21 silly audit   'shebang-command': [ '2.0.0' ],
21 silly audit   'shebang-regex': [ '3.0.0' ],
21 silly audit   'side-channel': [ '1.1.0' ],
21 silly audit   'side-channel-list': [ '1.0.1' ],
21 silly audit   'side-channel-map': [ '1.0.1' ],
21 silly audit   'side-channel-weakmap': [ '1.0.2' ],
21 silly audit   'source-map-js': [ '1.2.1' ],
21 silly audit   'stable-hash': [ '0.0.5' ],
21 silly audit   'stop-iteration-iterator': [ '1.1.0' ],
21 silly audit   'string.prototype.includes': [ '2.0.1' ],
21 silly audit   'string.prototype.matchall': [ '4.0.12' ],
21 silly audit   'string.prototype.repeat': [ '1.0.0' ],
21 silly audit   'string.prototype.trim': [ '1.2.10' ],
21 silly audit   'string.prototype.trimend': [ '1.0.9' ],
21 silly audit   'string.prototype.trimstart': [ '1.0.8' ],
21 silly audit   'strip-bom': [ '3.0.0' ],
21 silly audit   'strip-json-comments': [ '3.1.1' ],
21 silly audit   'styled-jsx': [ '5.1.6' ],
21 silly audit   sucrase: [ '3.35.1' ],
21 silly audit   'supports-color': [ '7.2.0' ],
21 silly audit   'supports-preserve-symlinks-flag': [ '1.0.0' ],
21 silly audit   'tailwind-merge': [ '3.5.0' ],
21 silly audit   tailwindcss: [ '3.4.19' ],
21 silly audit   'tailwindcss-animate': [ '1.0.7' ],
21 silly audit   thenify: [ '3.3.1' ],
21 silly audit   'thenify-all': [ '1.6.0' ],
21 silly audit   'tiny-invariant': [ '1.3.3' ],
21 silly audit   tinyglobby: [ '0.2.16' ],
21 silly audit   fdir: [ '6.5.0' ],
21 silly audit   'to-regex-range': [ '5.0.1' ],
21 silly audit   'ts-api-utils': [ '2.5.0' ],
21 silly audit   'ts-interface-checker': [ '0.1.13' ],
21 silly audit   'tsconfig-paths': [ '3.15.0' ],
21 silly audit   tslib: [ '2.8.1' ],
21 silly audit   'type-check': [ '0.4.0' ],
21 silly audit   'typed-array-buffer': [ '1.0.3' ],
21 silly audit   'typed-array-byte-length': [ '1.0.3' ],
21 silly audit   'typed-array-byte-offset': [ '1.0.4' ],
21 silly audit   'typed-array-length': [ '1.0.7' ],
21 silly audit   typescript: [ '5.9.3' ],
21 silly audit   'unbox-primitive': [ '1.1.0' ],
21 silly audit   'undici-types': [ '6.21.0' ],
21 silly audit   'unrs-resolver': [ '1.11.1' ],
21 silly audit   'update-browserslist-db': [ '1.2.3' ],
21 silly audit   'uri-js': [ '4.4.1' ],
21 silly audit   'use-callback-ref': [ '1.3.3' ],
21 silly audit   'use-sidecar': [ '1.1.3' ],
21 silly audit   'use-sync-external-store': [ '1.6.0' ],
21 silly audit   'util-deprecate': [ '1.0.2' ],
21 silly audit   'victory-vendor': [ '36.9.2' ],
21 silly audit   which: [ '2.0.2' ],
21 silly audit   'which-boxed-primitive': [ '1.1.1' ],
21 silly audit   'which-builtin-type': [ '1.2.1' ],
21 silly audit   'which-collection': [ '1.0.2' ],
21 silly audit   'which-typed-array': [ '1.1.20' ],
21 silly audit   'word-wrap': [ '1.2.5' ],
21 silly audit   ws: [ '8.20.0' ],
21 silly audit   'yocto-queue': [ '0.1.0' ],
21 silly audit   '@types/pdf-parse': [ '1.1.5' ]
21 silly audit }
22 verbose reify failed optional dependency /home/user/node_modules/fsevents
23 silly reify mark deleted [ '/home/user/node_modules/fsevents' ]
24 verbose reify failed optional dependency /home/user/node_modules/@unrs/resolver-binding-win32-x64-msvc
25 silly reify mark deleted [ '/home/user/node_modules/@unrs/resolver-binding-win32-x64-msvc' ]
26 verbose reify failed optional dependency /home/user/node_modules/@unrs/resolver-binding-win32-ia32-msvc
27 silly reify mark deleted [ '/home/user/node_modules/@unrs/resolver-binding-win32-ia32-msvc' ]
28 verbose reify failed optional dependency /home/user/node_modules/@unrs/resolver-binding-win32-arm64-msvc
29 silly reify mark deleted [ '/home/user/node_modules/@unrs/resolver-binding-win32-arm64-msvc' ]
30 verbose reify failed optional dependency /home/user/node_modules/@unrs/resolver-binding-wasm32-wasi
31 silly reify mark deleted [ '/home/user/node_modules/@unrs/resolver-binding-wasm32-wasi' ]
32 verbose reify failed optional dependency /home/user/node_modules/@napi-rs/wasm-runtime
33 silly reify mark deleted [ '/home/user/node_modules/@napi-rs/wasm-runtime' ]
34 verbose reify failed optional dependency /home/user/node_modules/@emnapi/core
35 silly reify mark deleted [ '/home/user/node_modules/@emnapi/core' ]
36 verbose reify failed optional dependency /home/user/node_modules/@tybys/wasm-util
37 silly reify mark deleted [ '/home/user/node_modules/@tybys/wasm-util' ]
38 verbose reify failed optional dependency /home/user/node_modules/@emnapi/wasi-threads
39 silly reify mark deleted [ '/home/user/node_modules/@emnapi/wasi-threads' ]
40 verbose reify failed optional dependency /home/user/node_modules/@unrs/resolver-binding-linux-s390x-gnu
41 silly reify mark deleted [ '/home/user/node_modules/@unrs/resolver-binding-linux-s390x-gnu' ]
42 verbose reify failed optional dependency /home/user/node_modules/@unrs/resolver-binding-linux-riscv64-musl
43 silly reify mark deleted [ '/home/user/node_modules/@unrs/resolver-binding-linux-riscv64-musl' ]
44 verbose reify failed optional dependency /home/user/node_modules/@unrs/resolver-binding-linux-riscv64-gnu
45 silly reify mark deleted [ '/home/user/node_modules/@unrs/resolver-binding-linux-riscv64-gnu' ]
46 verbose reify failed optional dependency /home/user/node_modules/@unrs/resolver-binding-linux-ppc64-gnu
47 silly reify mark deleted [ '/home/user/node_modules/@unrs/resolver-binding-linux-ppc64-gnu' ]
48 verbose reify failed optional dependency /home/user/node_modules/@unrs/resolver-binding-linux-arm64-musl
49 silly reify mark deleted [ '/home/user/node_modules/@unrs/resolver-binding-linux-arm64-musl' ]
50 verbose reify failed optional dependency /home/user/node_modules/@unrs/resolver-binding-linux-arm64-gnu
51 silly reify mark deleted [ '/home/user/node_modules/@unrs/resolver-binding-linux-arm64-gnu' ]
52 verbose reify failed optional dependency /home/user/node_modules/@unrs/resolver-binding-linux-arm-musleabihf
53 silly reify mark deleted [
53 silly reify   '/home/user/node_modules/@unrs/resolver-binding-linux-arm-musleabihf'
53 silly reify ]
54 verbose reify failed optional dependency /home/user/node_modules/@unrs/resolver-binding-linux-arm-gnueabihf
55 silly reify mark deleted [
55 silly reify   '/home/user/node_modules/@unrs/resolver-binding-linux-arm-gnueabihf'
55 silly reify ]
56 verbose reify failed optional dependency /home/user/node_modules/@unrs/resolver-binding-freebsd-x64
57 silly reify mark deleted [ '/home/user/node_modules/@unrs/resolver-binding-freebsd-x64' ]
58 verbose reify failed optional dependency /home/user/node_modules/@unrs/resolver-binding-darwin-x64
59 silly reify mark deleted [ '/home/user/node_modules/@unrs/resolver-binding-darwin-x64' ]
60 verbose reify failed optional dependency /home/user/node_modules/@unrs/resolver-binding-darwin-arm64
61 silly reify mark deleted [ '/home/user/node_modules/@unrs/resolver-binding-darwin-arm64' ]
62 verbose reify failed optional dependency /home/user/node_modules/@unrs/resolver-binding-android-arm64
63 silly reify mark deleted [ '/home/user/node_modules/@unrs/resolver-binding-android-arm64' ]
64 verbose reify failed optional dependency /home/user/node_modules/@unrs/resolver-binding-android-arm-eabi
65 silly reify mark deleted [ '/home/user/node_modules/@unrs/resolver-binding-android-arm-eabi' ]
66 verbose reify failed optional dependency /home/user/node_modules/@next/swc-win32-x64-msvc
67 silly reify mark deleted [ '/home/user/node_modules/@next/swc-win32-x64-msvc' ]
68 verbose reify failed optional dependency /home/user/node_modules/@next/swc-win32-arm64-msvc
69 silly reify mark deleted [ '/home/user/node_modules/@next/swc-win32-arm64-msvc' ]
70 verbose reify failed optional dependency /home/user/node_modules/@next/swc-linux-arm64-musl
71 silly reify mark deleted [ '/home/user/node_modules/@next/swc-linux-arm64-musl' ]
72 verbose reify failed optional dependency /home/user/node_modules/@next/swc-linux-arm64-gnu
73 silly reify mark deleted [ '/home/user/node_modules/@next/swc-linux-arm64-gnu' ]
74 verbose reify failed optional dependency /home/user/node_modules/@next/swc-darwin-x64
75 silly reify mark deleted [ '/home/user/node_modules/@next/swc-darwin-x64' ]
76 verbose reify failed optional dependency /home/user/node_modules/@next/swc-darwin-arm64
77 silly reify mark deleted [ '/home/user/node_modules/@next/swc-darwin-arm64' ]
78 verbose reify failed optional dependency /home/user/node_modules/@napi-rs/canvas-win32-x64-msvc
79 silly reify mark deleted [ '/home/user/node_modules/@napi-rs/canvas-win32-x64-msvc' ]
80 verbose reify failed optional dependency /home/user/node_modules/@napi-rs/canvas-win32-arm64-msvc
81 silly reify mark deleted [ '/home/user/node_modules/@napi-rs/canvas-win32-arm64-msvc' ]
82 verbose reify failed optional dependency /home/user/node_modules/@napi-rs/canvas-linux-riscv64-gnu
83 silly reify mark deleted [ '/home/user/node_modules/@napi-rs/canvas-linux-riscv64-gnu' ]
84 verbose reify failed optional dependency /home/user/node_modules/@napi-rs/canvas-linux-arm64-musl
85 silly reify mark deleted [ '/home/user/node_modules/@napi-rs/canvas-linux-arm64-musl' ]
86 verbose reify failed optional dependency /home/user/node_modules/@napi-rs/canvas-linux-arm64-gnu
87 silly reify mark deleted [ '/home/user/node_modules/@napi-rs/canvas-linux-arm64-gnu' ]
88 verbose reify failed optional dependency /home/user/node_modules/@napi-rs/canvas-linux-arm-gnueabihf
89 silly reify mark deleted [ '/home/user/node_modules/@napi-rs/canvas-linux-arm-gnueabihf' ]
90 verbose reify failed optional dependency /home/user/node_modules/@napi-rs/canvas-darwin-x64
91 silly reify mark deleted [ '/home/user/node_modules/@napi-rs/canvas-darwin-x64' ]
92 verbose reify failed optional dependency /home/user/node_modules/@napi-rs/canvas-darwin-arm64
93 silly reify mark deleted [ '/home/user/node_modules/@napi-rs/canvas-darwin-arm64' ]
94 verbose reify failed optional dependency /home/user/node_modules/@napi-rs/canvas-android-arm64
95 silly reify mark deleted [ '/home/user/node_modules/@napi-rs/canvas-android-arm64' ]
96 verbose reify failed optional dependency /home/user/node_modules/@img/sharp-win32-x64
97 silly reify mark deleted [ '/home/user/node_modules/@img/sharp-win32-x64' ]
98 verbose reify failed optional dependency /home/user/node_modules/@img/sharp-win32-ia32
99 silly reify mark deleted [ '/home/user/node_modules/@img/sharp-win32-ia32' ]
100 verbose reify failed optional dependency /home/user/node_modules/@img/sharp-win32-arm64
101 silly reify mark deleted [ '/home/user/node_modules/@img/sharp-win32-arm64' ]
102 verbose reify failed optional dependency /home/user/node_modules/@img/sharp-wasm32
103 silly reify mark deleted [ '/home/user/node_modules/@img/sharp-wasm32' ]
104 verbose reify failed optional dependency /home/user/node_modules/@img/sharp-linuxmusl-arm64
105 silly reify mark deleted [ '/home/user/node_modules/@img/sharp-linuxmusl-arm64' ]
106 verbose reify failed optional dependency /home/user/node_modules/@img/sharp-linux-s390x
107 silly reify mark deleted [ '/home/user/node_modules/@img/sharp-linux-s390x' ]
108 verbose reify failed optional dependency /home/user/node_modules/@img/sharp-linux-riscv64
109 silly reify mark deleted [ '/home/user/node_modules/@img/sharp-linux-riscv64' ]
110 verbose reify failed optional dependency /home/user/node_modules/@img/sharp-linux-ppc64
111 silly reify mark deleted [ '/home/user/node_modules/@img/sharp-linux-ppc64' ]
112 verbose reify failed optional dependency /home/user/node_modules/@img/sharp-linux-arm64
113 silly reify mark deleted [ '/home/user/node_modules/@img/sharp-linux-arm64' ]
114 verbose reify failed optional dependency /home/user/node_modules/@img/sharp-linux-arm
115 silly reify mark deleted [ '/home/user/node_modules/@img/sharp-linux-arm' ]
116 verbose reify failed optional dependency /home/user/node_modules/@img/sharp-libvips-linuxmusl-arm64
117 silly reify mark deleted [ '/home/user/node_modules/@img/sharp-libvips-linuxmusl-arm64' ]
118 verbose reify failed optional dependency /home/user/node_modules/@img/sharp-libvips-linux-s390x
119 silly reify mark deleted [ '/home/user/node_modules/@img/sharp-libvips-linux-s390x' ]
120 verbose reify failed optional dependency /home/user/node_modules/@img/sharp-libvips-linux-riscv64
121 silly reify mark deleted [ '/home/user/node_modules/@img/sharp-libvips-linux-riscv64' ]
122 verbose reify failed optional dependency /home/user/node_modules/@img/sharp-libvips-linux-ppc64
123 silly reify mark deleted [ '/home/user/node_modules/@img/sharp-libvips-linux-ppc64' ]
124 verbose reify failed optional dependency /home/user/node_modules/@img/sharp-libvips-linux-arm64
125 silly reify mark deleted [ '/home/user/node_modules/@img/sharp-libvips-linux-arm64' ]
126 verbose reify failed optional dependency /home/user/node_modules/@img/sharp-libvips-linux-arm
127 silly reify mark deleted [ '/home/user/node_modules/@img/sharp-libvips-linux-arm' ]
128 verbose reify failed optional dependency /home/user/node_modules/@img/sharp-libvips-darwin-x64
129 silly reify mark deleted [ '/home/user/node_modules/@img/sharp-libvips-darwin-x64' ]
130 verbose reify failed optional dependency /home/user/node_modules/@img/sharp-libvips-darwin-arm64
131 silly reify mark deleted [ '/home/user/node_modules/@img/sharp-libvips-darwin-arm64' ]
132 verbose reify failed optional dependency /home/user/node_modules/@img/sharp-darwin-x64
133 silly reify mark deleted [ '/home/user/node_modules/@img/sharp-darwin-x64' ]
134 verbose reify failed optional dependency /home/user/node_modules/@img/sharp-darwin-arm64
135 silly reify mark deleted [ '/home/user/node_modules/@img/sharp-darwin-arm64' ]
136 verbose reify failed optional dependency /home/user/node_modules/pdf-parse/node_modules/@napi-rs/canvas-win32-x64-msvc
137 silly reify mark deleted [
137 silly reify   '/home/user/node_modules/pdf-parse/node_modules/@napi-rs/canvas-win32-x64-msvc'
137 silly reify ]
138 verbose reify failed optional dependency /home/user/node_modules/pdf-parse/node_modules/@napi-rs/canvas-linux-riscv64-gnu
139 silly reify mark deleted [
139 silly reify   '/home/user/node_modules/pdf-parse/node_modules/@napi-rs/canvas-linux-riscv64-gnu'
139 silly reify ]
140 verbose reify failed optional dependency /home/user/node_modules/pdf-parse/node_modules/@napi-rs/canvas-linux-arm64-musl
141 silly reify mark deleted [
141 silly reify   '/home/user/node_modules/pdf-parse/node_modules/@napi-rs/canvas-linux-arm64-musl'
141 silly reify ]
142 verbose reify failed optional dependency /home/user/node_modules/pdf-parse/node_modules/@napi-rs/canvas-linux-arm64-gnu
143 silly reify mark deleted [
143 silly reify   '/home/user/node_modules/pdf-parse/node_modules/@napi-rs/canvas-linux-arm64-gnu'
143 silly reify ]
144 verbose reify failed optional dependency /home/user/node_modules/pdf-parse/node_modules/@napi-rs/canvas-linux-arm-gnueabihf
145 silly reify mark deleted [
145 silly reify   '/home/user/node_modules/pdf-parse/node_modules/@napi-rs/canvas-linux-arm-gnueabihf'
145 silly reify ]
146 verbose reify failed optional dependency /home/user/node_modules/pdf-parse/node_modules/@napi-rs/canvas-darwin-x64
147 silly reify mark deleted [
147 silly reify   '/home/user/node_modules/pdf-parse/node_modules/@napi-rs/canvas-darwin-x64'
147 silly reify ]
148 verbose reify failed optional dependency /home/user/node_modules/pdf-parse/node_modules/@napi-rs/canvas-darwin-arm64
149 silly reify mark deleted [
149 silly reify   '/home/user/node_modules/pdf-parse/node_modules/@napi-rs/canvas-darwin-arm64'
149 silly reify ]
150 verbose reify failed optional dependency /home/user/node_modules/pdf-parse/node_modules/@napi-rs/canvas-android-arm64
151 silly reify mark deleted [
151 silly reify   '/home/user/node_modules/pdf-parse/node_modules/@napi-rs/canvas-android-arm64'
151 silly reify ]
152 silly tarball no local data for @types/pdf-parse@https://registry.npmjs.org/@types/pdf-parse/-/pdf-parse-1.1.5.tgz. Extracting by manifest.
153 silly tarball no local data for @napi-rs/canvas-linux-x64-musl@https://registry.npmjs.org/@napi-rs/canvas-linux-x64-musl/-/canvas-linux-x64-musl-0.1.80.tgz. Extracting by manifest.
154 http fetch POST 200 https://registry.npmjs.org/-/npm/v1/security/advisories/bulk 65ms
155 silly audit report {
155 silly audit report   postcss: [
155 silly audit report     {
155 silly audit report       id: 1117015,
155 silly audit report       url: 'https://github.com/advisories/GHSA-qx2v-qp2m-jg93',
155 silly audit report       title: 'PostCSS has XSS via Unescaped </style> in its CSS Stringify Output',
155 silly audit report       severity: 'moderate',
155 silly audit report       vulnerable_versions: '<8.5.10',
155 silly audit report       cwe: [Array],
155 silly audit report       cvss: [Object]
155 silly audit report     }
155 silly audit report   ]
155 silly audit report }
156 silly packumentCache corgi:https://registry.npmjs.org/postcss cache-miss
157 http fetch GET 200 https://registry.npmjs.org/postcss 13ms (cache hit)
158 silly packumentCache corgi:https://registry.npmjs.org/postcss set size:343873 disposed:false
159 silly packumentCache corgi:https://registry.npmjs.org/next cache-miss
160 http fetch GET 200 https://registry.npmjs.org/next 67ms (cache hit)
161 silly packumentCache corgi:https://registry.npmjs.org/next set size:24929605 disposed:false
162 http fetch GET 200 https://registry.npmjs.org/@types/pdf-parse/-/pdf-parse-1.1.5.tgz 602ms (cache miss)
163 http fetch GET 200 https://registry.npmjs.org/@napi-rs/canvas-linux-x64-musl/-/canvas-linux-x64-musl-0.1.80.tgz 5535ms (cache miss)
164 silly ADD node_modules/@types/pdf-parse
165 silly ADD
166 silly ADD
167 silly ADD
168 silly ADD
169 silly ADD
170 silly ADD
171 silly ADD
172 silly ADD
173 silly ADD
174 silly ADD
175 silly ADD
176 silly ADD
177 silly ADD
178 silly ADD
179 silly ADD
180 silly ADD
181 silly ADD
182 silly ADD
183 silly ADD
184 silly ADD
185 silly ADD
186 silly ADD
187 silly ADD
188 silly ADD
189 silly ADD
190 silly ADD
191 silly ADD
192 silly ADD
193 silly ADD
194 silly ADD
195 silly ADD
196 silly ADD
197 silly ADD
198 silly ADD
199 silly ADD
200 silly ADD
201 silly ADD
202 silly ADD
203 silly ADD
204 silly ADD
205 silly ADD
206 silly ADD
207 silly ADD
208 silly ADD
209 silly ADD
210 silly ADD
211 silly ADD
212 silly ADD
213 silly ADD
214 silly ADD
215 silly ADD
216 silly ADD
217 silly ADD
218 silly ADD
219 silly ADD
220 silly ADD
221 silly ADD
222 silly ADD
223 silly ADD node_modules/pdf-parse/node_modules/@napi-rs/canvas-linux-x64-musl
224 silly ADD
225 silly ADD
226 silly ADD
227 silly ADD
228 silly ADD
229 silly ADD
230 silly ADD
231 verbose cwd /home/user
232 verbose os Linux 6.1.158
233 verbose node v20.18.1
234 verbose npm  v10.8.2
235 verbose exit 0
236 info ok
