0 verbose cli /usr/local/bin/node /usr/local/bin/npm
1 info using npm@10.8.2
2 info using node@v20.18.1
3 silly config load:file:/usr/local/lib/node_modules/npm/npmrc
4 silly config load:file:/home/user/.npmrc
5 silly config load:file:/usr/local/etc/npmrc
6 verbose title npm install pdf-parse
7 verbose argv "install" "pdf-parse"
8 verbose logfile logs-max:10 dir:/home/user/.npm/_logs/2026-05-08T01_54_12_402Z-
9 verbose logfile /home/user/.npm/_logs/2026-05-08T01_54_12_402Z-debug-0.log
10 silly packumentCache heap:2197815296 maxSize:549453824 maxEntrySize:274726912
11 silly logfile start cleaning logs, removing 1 files
12 silly logfile done cleaning log files
13 silly idealTree buildDeps
14 silly fetch manifest pdf-parse@*
15 silly packumentCache full:https://registry.npmjs.org/pdf-parse cache-miss
16 http fetch GET 200 https://registry.npmjs.org/pdf-parse 254ms (cache miss)
17 silly packumentCache full:https://registry.npmjs.org/pdf-parse set size:undefined disposed:false
18 silly placeDep ROOT pdf-parse@2.4.5 OK for: nextjs-app@0.1.0 want: *
19 silly fetch manifest pdfjs-dist@5.4.296
20 silly packumentCache full:https://registry.npmjs.org/pdfjs-dist cache-miss
21 silly fetch manifest @napi-rs/canvas@0.1.80
22 silly packumentCache full:https://registry.npmjs.org/@napi-rs%2fcanvas cache-miss
23 http fetch GET 200 https://registry.npmjs.org/pdfjs-dist 41ms (cache revalidated)
24 silly packumentCache full:https://registry.npmjs.org/pdfjs-dist set size:2094577 disposed:false
25 http fetch GET 200 https://registry.npmjs.org/@napi-rs%2fcanvas 228ms (cache revalidated)
26 silly packumentCache full:https://registry.npmjs.org/@napi-rs%2fcanvas set size:571109 disposed:false
27 silly placeDep node_modules/pdf-parse @napi-rs/canvas@0.1.80 OK for: pdf-parse@2.4.5 want: 0.1.80
28 silly placeDep node_modules/pdf-parse pdfjs-dist@5.4.296 OK for: pdf-parse@2.4.5 want: 5.4.296
29 silly fetch manifest @napi-rs/canvas-darwin-x64@0.1.80
30 silly packumentCache full:https://registry.npmjs.org/@napi-rs%2fcanvas-darwin-x64 cache-miss
31 silly fetch manifest @napi-rs/canvas-darwin-arm64@0.1.80
32 silly packumentCache full:https://registry.npmjs.org/@napi-rs%2fcanvas-darwin-arm64 cache-miss
33 silly fetch manifest @napi-rs/canvas-android-arm64@0.1.80
34 silly packumentCache full:https://registry.npmjs.org/@napi-rs%2fcanvas-android-arm64 cache-miss
35 http fetch GET 200 https://registry.npmjs.org/@napi-rs%2fcanvas-darwin-x64 51ms (cache revalidated)
36 silly packumentCache full:https://registry.npmjs.org/@napi-rs%2fcanvas-darwin-x64 set size:236542 disposed:false
37 silly fetch manifest @napi-rs/canvas-linux-x64-gnu@0.1.80
38 silly packumentCache full:https://registry.npmjs.org/@napi-rs%2fcanvas-linux-x64-gnu cache-miss
39 http fetch GET 200 https://registry.npmjs.org/@napi-rs%2fcanvas-android-arm64 79ms (cache revalidated)
40 silly packumentCache full:https://registry.npmjs.org/@napi-rs%2fcanvas-android-arm64 set size:239083 disposed:false
41 silly fetch manifest @napi-rs/canvas-linux-x64-musl@0.1.80
42 silly packumentCache full:https://registry.npmjs.org/@napi-rs%2fcanvas-linux-x64-musl cache-miss
43 http fetch GET 200 https://registry.npmjs.org/@napi-rs%2fcanvas-linux-x64-gnu 45ms (cache revalidated)
44 silly packumentCache full:https://registry.npmjs.org/@napi-rs%2fcanvas-linux-x64-gnu set size:241338 disposed:false
45 silly fetch manifest @napi-rs/canvas-win32-x64-msvc@0.1.80
46 silly packumentCache full:https://registry.npmjs.org/@napi-rs%2fcanvas-win32-x64-msvc cache-miss
47 http fetch GET 200 https://registry.npmjs.org/@napi-rs%2fcanvas-linux-x64-musl 41ms (cache revalidated)
48 silly packumentCache full:https://registry.npmjs.org/@napi-rs%2fcanvas-linux-x64-musl set size:241988 disposed:false
49 silly fetch manifest @napi-rs/canvas-linux-arm64-gnu@0.1.80
50 silly packumentCache full:https://registry.npmjs.org/@napi-rs%2fcanvas-linux-arm64-gnu cache-miss
51 http fetch GET 200 https://registry.npmjs.org/@napi-rs%2fcanvas-win32-x64-msvc 53ms (cache revalidated)
52 silly packumentCache full:https://registry.npmjs.org/@napi-rs%2fcanvas-win32-x64-msvc set size:239373 disposed:false
53 silly fetch manifest @napi-rs/canvas-linux-arm64-musl@0.1.80
54 silly packumentCache full:https://registry.npmjs.org/@napi-rs%2fcanvas-linux-arm64-musl cache-miss
55 http fetch GET 200 https://registry.npmjs.org/@napi-rs%2fcanvas-linux-arm64-gnu 42ms (cache revalidated)
56 silly packumentCache full:https://registry.npmjs.org/@napi-rs%2fcanvas-linux-arm64-gnu set size:243035 disposed:false
57 silly fetch manifest @napi-rs/canvas-linux-riscv64-gnu@0.1.80
58 silly packumentCache full:https://registry.npmjs.org/@napi-rs%2fcanvas-linux-riscv64-gnu cache-miss
59 http fetch GET 200 https://registry.npmjs.org/@napi-rs%2fcanvas-linux-arm64-musl 48ms (cache revalidated)
60 silly packumentCache full:https://registry.npmjs.org/@napi-rs%2fcanvas-linux-arm64-musl set size:226318 disposed:false
61 silly fetch manifest @napi-rs/canvas-linux-arm-gnueabihf@0.1.80
62 silly packumentCache full:https://registry.npmjs.org/@napi-rs%2fcanvas-linux-arm-gnueabihf cache-miss
63 http fetch GET 200 https://registry.npmjs.org/@napi-rs%2fcanvas-linux-riscv64-gnu 41ms (cache revalidated)
64 silly packumentCache full:https://registry.npmjs.org/@napi-rs%2fcanvas-linux-riscv64-gnu set size:78848 disposed:false
65 http fetch GET 200 https://registry.npmjs.org/@napi-rs%2fcanvas-linux-arm-gnueabihf 52ms (cache revalidated)
66 silly packumentCache full:https://registry.npmjs.org/@napi-rs%2fcanvas-linux-arm-gnueabihf set size:243044 disposed:false
67 http fetch GET 200 https://registry.npmjs.org/@napi-rs%2fcanvas-darwin-arm64 390ms (cache revalidated)
68 silly packumentCache full:https://registry.npmjs.org/@napi-rs%2fcanvas-darwin-arm64 set size:238216 disposed:false
69 silly placeDep node_modules/pdf-parse @napi-rs/canvas-android-arm64@0.1.80 OK for: @napi-rs/canvas@0.1.80 want: 0.1.80
70 silly placeDep node_modules/pdf-parse @napi-rs/canvas-darwin-arm64@0.1.80 OK for: @napi-rs/canvas@0.1.80 want: 0.1.80
71 silly placeDep node_modules/pdf-parse @napi-rs/canvas-darwin-x64@0.1.80 OK for: @napi-rs/canvas@0.1.80 want: 0.1.80
72 silly placeDep node_modules/pdf-parse @napi-rs/canvas-linux-arm-gnueabihf@0.1.80 OK for: @napi-rs/canvas@0.1.80 want: 0.1.80
73 silly placeDep node_modules/pdf-parse @napi-rs/canvas-linux-arm64-gnu@0.1.80 OK for: @napi-rs/canvas@0.1.80 want: 0.1.80
74 silly placeDep node_modules/pdf-parse @napi-rs/canvas-linux-arm64-musl@0.1.80 OK for: @napi-rs/canvas@0.1.80 want: 0.1.80
75 silly placeDep node_modules/pdf-parse @napi-rs/canvas-linux-riscv64-gnu@0.1.80 OK for: @napi-rs/canvas@0.1.80 want: 0.1.80
76 silly placeDep node_modules/pdf-parse @napi-rs/canvas-linux-x64-gnu@0.1.80 OK for: @napi-rs/canvas@0.1.80 want: 0.1.80
77 silly placeDep node_modules/pdf-parse @napi-rs/canvas-linux-x64-musl@0.1.80 OK for: @napi-rs/canvas@0.1.80 want: 0.1.80
78 silly placeDep node_modules/pdf-parse @napi-rs/canvas-win32-x64-msvc@0.1.80 OK for: @napi-rs/canvas@0.1.80 want: 0.1.80
79 warn EBADENGINE Unsupported engine {
79 warn EBADENGINE   package: 'eslint-visitor-keys@5.0.1',
79 warn EBADENGINE   required: { node: '^20.19.0 || ^22.13.0 || >=24' },
79 warn EBADENGINE   current: { node: 'v20.18.1', npm: '10.8.2' }
79 warn EBADENGINE }
80 silly reify moves {}
81 silly audit bulk request {
81 silly audit   '@alloc/quick-lru': [ '5.2.0' ],
81 silly audit   '@babel/runtime': [ '7.29.2' ],
81 silly audit   '@emnapi/core': [ '1.10.0' ],
81 silly audit   '@emnapi/runtime': [ '1.10.0' ],
81 silly audit   '@emnapi/wasi-threads': [ '1.2.1' ],
81 silly audit   '@eslint-community/eslint-utils': [ '4.9.1' ],
81 silly audit   'eslint-visitor-keys': [ '3.4.3', '5.0.1', '4.2.1' ],
81 silly audit   '@eslint-community/regexpp': [ '4.12.2' ],
81 silly audit   '@eslint/config-array': [ '0.21.2' ],
81 silly audit   '@eslint/config-helpers': [ '0.4.2' ],
81 silly audit   '@eslint/core': [ '0.17.0' ],
81 silly audit   '@eslint/eslintrc': [ '3.3.5' ],
81 silly audit   '@eslint/js': [ '9.39.4' ],
81 silly audit   '@eslint/object-schema': [ '2.1.7' ],
81 silly audit   '@eslint/plugin-kit': [ '0.4.1' ],
81 silly audit   '@floating-ui/core': [ '1.7.5' ],
81 silly audit   '@floating-ui/dom': [ '1.7.6' ],
81 silly audit   '@floating-ui/react-dom': [ '2.1.8' ],
81 silly audit   '@floating-ui/utils': [ '0.2.11' ],
81 silly audit   '@humanfs/core': [ '0.19.2' ],
81 silly audit   '@humanfs/node': [ '0.16.8' ],
81 silly audit   '@humanfs/types': [ '0.15.0' ],
81 silly audit   '@humanwhocodes/module-importer': [ '1.0.1' ],
81 silly audit   '@humanwhocodes/retry': [ '0.4.3' ],
81 silly audit   '@img/colour': [ '1.1.0' ],
81 silly audit   '@img/sharp-darwin-arm64': [ '0.34.5' ],
81 silly audit   '@img/sharp-darwin-x64': [ '0.34.5' ],
81 silly audit   '@img/sharp-libvips-darwin-arm64': [ '1.2.4' ],
81 silly audit   '@img/sharp-libvips-darwin-x64': [ '1.2.4' ],
81 silly audit   '@img/sharp-libvips-linux-arm': [ '1.2.4' ],
81 silly audit   '@img/sharp-libvips-linux-arm64': [ '1.2.4' ],
81 silly audit   '@img/sharp-libvips-linux-ppc64': [ '1.2.4' ],
81 silly audit   '@img/sharp-libvips-linux-riscv64': [ '1.2.4' ],
81 silly audit   '@img/sharp-libvips-linux-s390x': [ '1.2.4' ],
81 silly audit   '@img/sharp-libvips-linux-x64': [ '1.2.4' ],
81 silly audit   '@img/sharp-libvips-linuxmusl-arm64': [ '1.2.4' ],
81 silly audit   '@img/sharp-libvips-linuxmusl-x64': [ '1.2.4' ],
81 silly audit   '@img/sharp-linux-arm': [ '0.34.5' ],
81 silly audit   '@img/sharp-linux-arm64': [ '0.34.5' ],
81 silly audit   '@img/sharp-linux-ppc64': [ '0.34.5' ],
81 silly audit   '@img/sharp-linux-riscv64': [ '0.34.5' ],
81 silly audit   '@img/sharp-linux-s390x': [ '0.34.5' ],
81 silly audit   '@img/sharp-linux-x64': [ '0.34.5' ],
81 silly audit   '@img/sharp-linuxmusl-arm64': [ '0.34.5' ],
81 silly audit   '@img/sharp-linuxmusl-x64': [ '0.34.5' ],
81 silly audit   '@img/sharp-wasm32': [ '0.34.5' ],
81 silly audit   '@img/sharp-win32-arm64': [ '0.34.5' ],
81 silly audit   '@img/sharp-win32-ia32': [ '0.34.5' ],
81 silly audit   '@img/sharp-win32-x64': [ '0.34.5' ],
81 silly audit   '@jridgewell/gen-mapping': [ '0.3.13' ],
81 silly audit   '@jridgewell/resolve-uri': [ '3.1.2' ],
81 silly audit   '@jridgewell/sourcemap-codec': [ '1.5.5' ],
81 silly audit   '@jridgewell/trace-mapping': [ '0.3.31' ],
81 silly audit   '@napi-rs/canvas': [ '0.1.100', '0.1.80' ],
81 silly audit   '@napi-rs/canvas-android-arm64': [ '0.1.100', '0.1.80' ],
81 silly audit   '@napi-rs/canvas-darwin-arm64': [ '0.1.100', '0.1.80' ],
81 silly audit   '@napi-rs/canvas-darwin-x64': [ '0.1.100', '0.1.80' ],
81 silly audit   '@napi-rs/canvas-linux-arm-gnueabihf': [ '0.1.100', '0.1.80' ],
81 silly audit   '@napi-rs/canvas-linux-arm64-gnu': [ '0.1.100', '0.1.80' ],
81 silly audit   '@napi-rs/canvas-linux-arm64-musl': [ '0.1.100', '0.1.80' ],
81 silly audit   '@napi-rs/canvas-linux-riscv64-gnu': [ '0.1.100', '0.1.80' ],
81 silly audit   '@napi-rs/canvas-linux-x64-gnu': [ '0.1.100', '0.1.80' ],
81 silly audit   '@napi-rs/canvas-linux-x64-musl': [ '0.1.100', '0.1.80' ],
81 silly audit   '@napi-rs/canvas-win32-arm64-msvc': [ '0.1.100' ],
81 silly audit   '@napi-rs/canvas-win32-x64-msvc': [ '0.1.100', '0.1.80' ],
81 silly audit   '@napi-rs/wasm-runtime': [ '0.2.12' ],
81 silly audit   '@next/env': [ '16.2.6' ],
81 silly audit   '@next/eslint-plugin-next': [ '15.3.3' ],
81 silly audit   '@next/swc-darwin-arm64': [ '16.2.6' ],
81 silly audit   '@next/swc-darwin-x64': [ '16.2.6' ],
81 silly audit   '@next/swc-linux-arm64-gnu': [ '16.2.6' ],
81 silly audit   '@next/swc-linux-arm64-musl': [ '16.2.6' ],
81 silly audit   '@next/swc-linux-x64-gnu': [ '16.2.6' ],
81 silly audit   '@next/swc-linux-x64-musl': [ '16.2.6' ],
81 silly audit   '@next/swc-win32-arm64-msvc': [ '16.2.6' ],
81 silly audit   '@next/swc-win32-x64-msvc': [ '16.2.6' ],
81 silly audit   '@nodelib/fs.scandir': [ '2.1.5' ],
81 silly audit   '@nodelib/fs.stat': [ '2.0.5' ],
81 silly audit   '@nodelib/fs.walk': [ '1.2.8' ],
81 silly audit   '@nolyfill/is-core-module': [ '1.0.39' ],
81 silly audit   '@radix-ui/number': [ '1.1.1' ],
81 silly audit   '@radix-ui/primitive': [ '1.1.3' ],
81 silly audit   '@radix-ui/react-arrow': [ '1.1.7' ],
81 silly audit   '@radix-ui/react-primitive': [ '2.1.3', '2.1.4' ],
81 silly audit   '@radix-ui/react-slot': [ '1.2.3', '1.2.4' ],
81 silly audit   '@radix-ui/react-avatar': [ '1.1.11' ],
81 silly audit   '@radix-ui/react-checkbox': [ '1.3.3' ],
81 silly audit   '@radix-ui/react-context': [ '1.1.2', '1.1.3' ],
81 silly audit   '@radix-ui/react-collection': [ '1.1.7' ],
81 silly audit   '@radix-ui/react-compose-refs': [ '1.1.2' ],
81 silly audit   '@radix-ui/react-dialog': [ '1.1.15' ],
81 silly audit   '@radix-ui/react-direction': [ '1.1.1' ],
81 silly audit   '@radix-ui/react-dismissable-layer': [ '1.1.11' ],
81 silly audit   '@radix-ui/react-dropdown-menu': [ '2.1.16' ],
81 silly audit   '@radix-ui/react-focus-guards': [ '1.1.3' ],
81 silly audit   '@radix-ui/react-focus-scope': [ '1.1.7' ],
81 silly audit   '@radix-ui/react-id': [ '1.1.1' ],
81 silly audit   '@radix-ui/react-label': [ '2.1.8' ],
81 silly audit   '@radix-ui/react-menu': [ '2.1.16' ],
81 silly audit   '@radix-ui/react-popover': [ '1.1.15' ],
81 silly audit   '@radix-ui/react-popper': [ '1.2.8' ],
81 silly audit   '@radix-ui/react-portal': [ '1.1.9' ],
81 silly audit   '@radix-ui/react-presence': [ '1.1.5' ],
81 silly audit   '@radix-ui/react-progress': [ '1.1.8' ],
81 silly audit   '@radix-ui/react-roving-focus': [ '1.1.11' ],
81 silly audit   '@radix-ui/react-scroll-area': [ '1.2.10' ],
81 silly audit   '@radix-ui/react-select': [ '2.2.6' ],
81 silly audit   '@radix-ui/react-separator': [ '1.1.8' ],
81 silly audit   '@radix-ui/react-slider': [ '1.3.6' ],
81 silly audit   '@radix-ui/react-switch': [ '1.2.6' ],
81 silly audit   '@radix-ui/react-tabs': [ '1.1.13' ],
81 silly audit   '@radix-ui/react-tooltip': [ '1.2.8' ],
81 silly audit   '@radix-ui/react-use-callback-ref': [ '1.1.1' ],
81 silly audit   '@radix-ui/react-use-controllable-state': [ '1.2.2' ],
81 silly audit   '@radix-ui/react-use-effect-event': [ '0.0.2' ],
81 silly audit   '@radix-ui/react-use-escape-keydown': [ '1.1.1' ],
81 silly audit   '@radix-ui/react-use-is-hydrated': [ '0.1.0' ],
81 silly audit   '@radix-ui/react-use-layout-effect': [ '1.1.1' ],
81 silly audit   '@radix-ui/react-use-previous': [ '1.1.1' ],
81 silly audit   '@radix-ui/react-use-rect': [ '1.1.1' ],
81 silly audit   '@radix-ui/react-use-size': [ '1.1.1' ],
81 silly audit   '@radix-ui/react-visually-hidden': [ '1.2.3' ],
81 silly audit   '@radix-ui/rect': [ '1.1.1' ],
81 silly audit   '@rtsao/scc': [ '1.1.0' ],
81 silly audit   '@rushstack/eslint-patch': [ '1.16.1' ],
81 silly audit   '@supabase/auth-js': [ '2.105.3' ],
81 silly audit   '@supabase/functions-js': [ '2.105.3' ],
81 silly audit   '@supabase/phoenix': [ '0.4.1' ],
81 silly audit   '@supabase/postgrest-js': [ '2.105.3' ],
81 silly audit   '@supabase/realtime-js': [ '2.105.3' ],
81 silly audit   '@supabase/storage-js': [ '2.105.3' ],
81 silly audit   '@supabase/supabase-js': [ '2.105.3' ],
81 silly audit   '@swc/helpers': [ '0.5.15' ],
81 silly audit   '@tybys/wasm-util': [ '0.10.2' ],
81 silly audit   '@types/d3-array': [ '3.2.2' ],
81 silly audit   '@types/d3-color': [ '3.1.3' ],
81 silly audit   '@types/d3-ease': [ '3.0.2' ],
81 silly audit   '@types/d3-interpolate': [ '3.0.4' ],
81 silly audit   '@types/d3-path': [ '3.1.1' ],
81 silly audit   '@types/d3-scale': [ '4.0.9' ],
81 silly audit   '@types/d3-shape': [ '3.1.8' ],
81 silly audit   '@types/d3-time': [ '3.0.4' ],
81 silly audit   '@types/d3-timer': [ '3.0.2' ],
81 silly audit   '@types/estree': [ '1.0.9' ],
81 silly audit   '@types/json-schema': [ '7.0.15' ],
81 silly audit   '@types/json5': [ '0.0.29' ],
81 silly audit   '@types/node': [ '22.19.17' ],
81 silly audit   '@types/react': [ '19.2.14' ],
81 silly audit   '@types/react-dom': [ '19.2.3' ],
81 silly audit   '@types/ws': [ '8.18.1' ],
81 silly audit   '@typescript-eslint/eslint-plugin': [ '8.59.2' ],
81 silly audit   ignore: [ '7.0.5', '5.3.2' ],
81 silly audit   '@typescript-eslint/parser': [ '8.59.2' ],
81 silly audit   '@typescript-eslint/project-service': [ '8.59.2' ],
81 silly audit   '@typescript-eslint/scope-manager': [ '8.59.2' ],
81 silly audit   '@typescript-eslint/tsconfig-utils': [ '8.59.2' ],
81 silly audit   '@typescript-eslint/type-utils': [ '8.59.2' ],
81 silly audit   '@typescript-eslint/types': [ '8.59.2' ],
81 silly audit   '@typescript-eslint/typescript-estree': [ '8.59.2' ],
81 silly audit   'balanced-match': [ '4.0.4', '1.0.2' ],
81 silly audit   'brace-expansion': [ '5.0.5', '1.1.14' ],
81 silly audit   minimatch: [ '10.2.5', '3.1.5' ],
81 silly audit   '@typescript-eslint/utils': [ '8.59.2' ],
81 silly audit   '@typescript-eslint/visitor-keys': [ '8.59.2' ],
81 silly audit   '@unrs/resolver-binding-android-arm-eabi': [ '1.11.1' ],
81 silly audit   '@unrs/resolver-binding-android-arm64': [ '1.11.1' ],
81 silly audit   '@unrs/resolver-binding-darwin-arm64': [ '1.11.1' ],
81 silly audit   '@unrs/resolver-binding-darwin-x64': [ '1.11.1' ],
81 silly audit   '@unrs/resolver-binding-freebsd-x64': [ '1.11.1' ],
81 silly audit   '@unrs/resolver-binding-linux-arm-gnueabihf': [ '1.11.1' ],
81 silly audit   '@unrs/resolver-binding-linux-arm-musleabihf': [ '1.11.1' ],
81 silly audit   '@unrs/resolver-binding-linux-arm64-gnu': [ '1.11.1' ],
81 silly audit   '@unrs/resolver-binding-linux-arm64-musl': [ '1.11.1' ],
81 silly audit   '@unrs/resolver-binding-linux-ppc64-gnu': [ '1.11.1' ],
81 silly audit   '@unrs/resolver-binding-linux-riscv64-gnu': [ '1.11.1' ],
81 silly audit   '@unrs/resolver-binding-linux-riscv64-musl': [ '1.11.1' ],
81 silly audit   '@unrs/resolver-binding-linux-s390x-gnu': [ '1.11.1' ],
81 silly audit   '@unrs/resolver-binding-linux-x64-gnu': [ '1.11.1' ],
81 silly audit   '@unrs/resolver-binding-linux-x64-musl': [ '1.11.1' ],
81 silly audit   '@unrs/resolver-binding-wasm32-wasi': [ '1.11.1' ],
81 silly audit   '@unrs/resolver-binding-win32-arm64-msvc': [ '1.11.1' ],
81 silly audit   '@unrs/resolver-binding-win32-ia32-msvc': [ '1.11.1' ],
81 silly audit   '@unrs/resolver-binding-win32-x64-msvc': [ '1.11.1' ],
81 silly audit   acorn: [ '8.16.0' ],
81 silly audit   'acorn-jsx': [ '5.3.2' ],
81 silly audit   ajv: [ '6.15.0' ],
81 silly audit   'ansi-styles': [ '4.3.0' ],
81 silly audit   'any-promise': [ '1.3.0' ],
81 silly audit   anymatch: [ '3.1.3' ],
81 silly audit   arg: [ '5.0.2' ],
81 silly audit   argparse: [ '2.0.1' ],
81 silly audit   'aria-hidden': [ '1.2.6' ],
81 silly audit   'aria-query': [ '5.3.2' ],
81 silly audit   'array-buffer-byte-length': [ '1.0.2' ],
81 silly audit   'array-includes': [ '3.1.9' ],
81 silly audit   'array.prototype.findlast': [ '1.2.5' ],
81 silly audit   'array.prototype.findlastindex': [ '1.2.6' ],
81 silly audit   'array.prototype.flat': [ '1.3.3' ],
81 silly audit   'array.prototype.flatmap': [ '1.3.3' ],
81 silly audit   'array.prototype.tosorted': [ '1.1.4' ],
81 silly audit   'arraybuffer.prototype.slice': [ '1.0.4' ],
81 silly audit   'ast-types-flow': [ '0.0.8' ],
81 silly audit   'async-function': [ '1.0.0' ],
81 silly audit   autoprefixer: [ '10.5.0' ],
81 silly audit   'available-typed-arrays': [ '1.0.7' ],
81 silly audit   'axe-core': [ '4.11.4' ],
81 silly audit   'axobject-query': [ '4.1.0' ],
81 silly audit   'baseline-browser-mapping': [ '2.10.27' ],
81 silly audit   'binary-extensions': [ '2.3.0' ],
81 silly audit   braces: [ '3.0.3' ],
81 silly audit   browserslist: [ '4.28.2' ],
81 silly audit   'call-bind': [ '1.0.9' ],
81 silly audit   'call-bind-apply-helpers': [ '1.0.2' ],
81 silly audit   'call-bound': [ '1.0.4' ],
81 silly audit   callsites: [ '3.1.0' ],
81 silly audit   'camelcase-css': [ '2.0.1' ],
81 silly audit   'caniuse-lite': [ '1.0.30001792' ],
81 silly audit   chalk: [ '4.1.2' ],
81 silly audit   chokidar: [ '3.6.0' ],
81 silly audit   'glob-parent': [ '5.1.2', '6.0.2' ],
81 silly audit   'class-variance-authority': [ '0.7.1' ],
81 silly audit   'client-only': [ '0.0.1' ],
81 silly audit   clsx: [ '2.1.1' ],
81 silly audit   'color-convert': [ '2.0.1' ],
81 silly audit   'color-name': [ '1.1.4' ],
81 silly audit   commander: [ '4.1.1' ],
81 silly audit   'concat-map': [ '0.0.1' ],
81 silly audit   'cross-spawn': [ '7.0.6' ],
81 silly audit   cssesc: [ '3.0.0' ],
81 silly audit   csstype: [ '3.2.3' ],
81 silly audit   'd3-array': [ '3.2.4' ],
81 silly audit   'd3-color': [ '3.1.0' ],
81 silly audit   'd3-ease': [ '3.0.1' ],
81 silly audit   'd3-format': [ '3.1.2' ],
81 silly audit   'd3-interpolate': [ '3.0.1' ],
81 silly audit   'd3-path': [ '3.1.0' ],
81 silly audit   'd3-scale': [ '4.0.2' ],
81 silly audit   'd3-shape': [ '3.2.0' ],
81 silly audit   'd3-time': [ '3.1.0' ],
81 silly audit   'd3-time-format': [ '4.1.0' ],
81 silly audit   'd3-timer': [ '3.0.1' ],
81 silly audit   'damerau-levenshtein': [ '1.0.8' ],
81 silly audit   'data-view-buffer': [ '1.0.2' ],
81 silly audit   'data-view-byte-length': [ '1.0.2' ],
81 silly audit   'data-view-byte-offset': [ '1.0.1' ],
81 silly audit   'date-fns': [ '4.1.0' ],
81 silly audit   debug: [ '4.4.3', '3.2.7' ],
81 silly audit   'decimal.js-light': [ '2.5.1' ],
81 silly audit   'deep-is': [ '0.1.4' ],
81 silly audit   'define-data-property': [ '1.1.4' ],
81 silly audit   'define-properties': [ '1.2.1' ],
81 silly audit   'detect-libc': [ '2.1.2' ],
81 silly audit   'detect-node-es': [ '1.1.0' ],
81 silly audit   didyoumean: [ '1.2.2' ],
81 silly audit   dlv: [ '1.1.3' ],
81 silly audit   doctrine: [ '2.1.0' ],
81 silly audit   'dom-helpers': [ '5.2.1' ],
81 silly audit   'dunder-proto': [ '1.0.1' ],
81 silly audit   'electron-to-chromium': [ '1.5.352' ],
81 silly audit   'emoji-regex': [ '9.2.2' ],
81 silly audit   'es-abstract': [ '1.24.2' ],
81 silly audit   'es-define-property': [ '1.0.1' ],
81 silly audit   'es-errors': [ '1.3.0' ],
81 silly audit   'es-iterator-helpers': [ '1.3.2' ],
81 silly audit   'es-object-atoms': [ '1.1.1' ],
81 silly audit   'es-set-tostringtag': [ '2.1.0' ],
81 silly audit   'es-shim-unscopables': [ '1.1.0' ],
81 silly audit   'es-to-primitive': [ '1.3.0' ],
81 silly audit   escalade: [ '3.2.0' ],
81 silly audit   'escape-string-regexp': [ '4.0.0' ],
81 silly audit   eslint: [ '9.39.4' ],
81 silly audit   'eslint-config-next': [ '15.3.3' ],
81 silly audit   'eslint-import-resolver-node': [ '0.3.10' ],
81 silly audit   'eslint-import-resolver-typescript': [ '3.10.1' ],
81 silly audit   'eslint-module-utils': [ '2.12.1' ],
81 silly audit   'eslint-plugin-import': [ '2.32.0' ],
81 silly audit   semver: [ '6.3.1', '7.7.4' ],
81 silly audit   'eslint-plugin-jsx-a11y': [ '6.10.2' ],
81 silly audit   'eslint-plugin-react': [ '7.37.5' ],
81 silly audit   'eslint-plugin-react-hooks': [ '5.2.0' ],
81 silly audit   'eslint-scope': [ '8.4.0' ],
81 silly audit   espree: [ '10.4.0' ],
81 silly audit   esquery: [ '1.7.0' ],
81 silly audit   esrecurse: [ '4.3.0' ],
81 silly audit   estraverse: [ '5.3.0' ],
81 silly audit   esutils: [ '2.0.3' ],
81 silly audit   eventemitter3: [ '4.0.7' ],
81 silly audit   'fast-deep-equal': [ '3.1.3' ],
81 silly audit   'fast-equals': [ '5.4.0' ],
81 silly audit   'fast-glob': [ '3.3.1', '3.3.3' ],
81 silly audit   'fast-json-stable-stringify': [ '2.1.0' ],
81 silly audit   'fast-levenshtein': [ '2.0.6' ],
81 silly audit   fastq: [ '1.20.1' ],
81 silly audit   'file-entry-cache': [ '8.0.0' ],
81 silly audit   'fill-range': [ '7.1.1' ],
81 silly audit   'find-up': [ '5.0.0' ],
81 silly audit   'flat-cache': [ '4.0.1' ],
81 silly audit   flatted: [ '3.4.2' ],
81 silly audit   'for-each': [ '0.3.5' ],
81 silly audit   'fraction.js': [ '5.3.4' ],
81 silly audit   'framer-motion': [ '12.38.0' ],
81 silly audit   fsevents: [ '2.3.3' ],
81 silly audit   'function-bind': [ '1.1.2' ],
81 silly audit   'function.prototype.name': [ '1.1.8' ],
81 silly audit   'functions-have-names': [ '1.2.3' ],
81 silly audit   'generator-function': [ '2.0.1' ],
81 silly audit   'get-intrinsic': [ '1.3.0' ],
81 silly audit   'get-nonce': [ '1.0.1' ],
81 silly audit   'get-proto': [ '1.0.1' ],
81 silly audit   'get-symbol-description': [ '1.1.0' ],
81 silly audit   'get-tsconfig': [ '4.14.0' ],
81 silly audit   globals: [ '14.0.0' ],
81 silly audit   globalthis: [ '1.0.4' ],
81 silly audit   gopd: [ '1.2.0' ],
81 silly audit   'has-bigints': [ '1.1.0' ],
81 silly audit   'has-flag': [ '4.0.0' ],
81 silly audit   'has-property-descriptors': [ '1.0.2' ],
81 silly audit   'has-proto': [ '1.2.0' ],
81 silly audit   'has-symbols': [ '1.1.0' ],
81 silly audit   'has-tostringtag': [ '1.0.2' ],
81 silly audit   hasown: [ '2.0.3' ],
81 silly audit   'iceberg-js': [ '0.8.1' ],
81 silly audit   'import-fresh': [ '3.3.1' ],
81 silly audit   imurmurhash: [ '0.1.4' ],
81 silly audit   'internal-slot': [ '1.1.0' ],
81 silly audit   internmap: [ '2.0.3' ],
81 silly audit   'is-array-buffer': [ '3.0.5' ],
81 silly audit   'is-async-function': [ '2.1.1' ],
81 silly audit   'is-bigint': [ '1.1.0' ],
81 silly audit   'is-binary-path': [ '2.1.0' ],
81 silly audit   'is-boolean-object': [ '1.2.2' ],
81 silly audit   'is-bun-module': [ '2.0.0' ],
81 silly audit   'is-callable': [ '1.2.7' ],
81 silly audit   'is-core-module': [ '2.16.2' ],
81 silly audit   'is-data-view': [ '1.0.2' ],
81 silly audit   'is-date-object': [ '1.1.0' ],
81 silly audit   'is-extglob': [ '2.1.1' ],
81 silly audit   'is-finalizationregistry': [ '1.1.1' ],
81 silly audit   'is-generator-function': [ '1.1.2' ],
81 silly audit   'is-glob': [ '4.0.3' ],
81 silly audit   'is-map': [ '2.0.3' ],
81 silly audit   'is-negative-zero': [ '2.0.3' ],
81 silly audit   'is-number': [ '7.0.0' ],
81 silly audit   'is-number-object': [ '1.1.1' ],
81 silly audit   'is-regex': [ '1.2.1' ],
81 silly audit   'is-set': [ '2.0.3' ],
81 silly audit   'is-shared-array-buffer': [ '1.0.4' ],
81 silly audit   'is-string': [ '1.1.1' ],
81 silly audit   'is-symbol': [ '1.1.1' ],
81 silly audit   'is-typed-array': [ '1.1.15' ],
81 silly audit   'is-weakmap': [ '2.0.2' ],
81 silly audit   'is-weakref': [ '1.1.1' ],
81 silly audit   'is-weakset': [ '2.0.4' ],
81 silly audit   isarray: [ '2.0.5' ],
81 silly audit   isexe: [ '2.0.0' ],
81 silly audit   'iterator.prototype': [ '1.1.5' ],
81 silly audit   jiti: [ '1.21.7' ],
81 silly audit   'js-tokens': [ '4.0.0' ],
81 silly audit   'js-yaml': [ '4.1.1' ],
81 silly audit   'json-buffer': [ '3.0.1' ],
81 silly audit   'json-schema-traverse': [ '0.4.1' ],
81 silly audit   'json-stable-stringify-without-jsonify': [ '1.0.1' ],
81 silly audit   json5: [ '1.0.2' ],
81 silly audit   'jsx-ast-utils': [ '3.3.5' ],
81 silly audit   keyv: [ '4.5.4' ],
81 silly audit   'language-subtag-registry': [ '0.3.23' ],
81 silly audit   'language-tags': [ '1.0.9' ],
81 silly audit   levn: [ '0.4.1' ],
81 silly audit   lilconfig: [ '3.1.3' ],
81 silly audit   'lines-and-columns': [ '1.2.4' ],
81 silly audit   'locate-path': [ '6.0.0' ],
81 silly audit   lodash: [ '4.18.1' ],
81 silly audit   'lodash.merge': [ '4.6.2' ],
81 silly audit   'loose-envify': [ '1.4.0' ],
81 silly audit   'lucide-react': [ '0.475.0' ],
81 silly audit   'math-intrinsics': [ '1.1.0' ],
81 silly audit   merge2: [ '1.4.1' ],
81 silly audit   micromatch: [ '4.0.8' ],
81 silly audit   minimist: [ '1.2.8' ],
81 silly audit   'motion-dom': [ '12.38.0' ],
81 silly audit   'motion-utils': [ '12.36.0' ],
81 silly audit   ms: [ '2.1.3' ],
81 silly audit   mz: [ '2.7.0' ],
81 silly audit   nanoid: [ '3.3.12' ],
81 silly audit   'napi-postinstall': [ '0.3.4' ],
81 silly audit   'natural-compare': [ '1.4.0' ],
81 silly audit   next: [ '16.2.6' ],
81 silly audit   postcss: [ '8.4.31', '8.5.14' ],
81 silly audit   'node-exports-info': [ '1.6.0' ],
81 silly audit   'node-readable-to-web-readable-stream': [ '0.4.2' ],
81 silly audit   'node-releases': [ '2.0.38' ],
81 silly audit   'normalize-path': [ '3.0.0' ],
81 silly audit   'object-assign': [ '4.1.1' ],
81 silly audit   'object-hash': [ '3.0.0' ],
81 silly audit   'object-inspect': [ '1.13.4' ],
81 silly audit   'object-keys': [ '1.1.1' ],
81 silly audit   'object.assign': [ '4.1.7' ],
81 silly audit   'object.entries': [ '1.1.9' ],
81 silly audit   'object.fromentries': [ '2.0.8' ],
81 silly audit   'object.groupby': [ '1.0.3' ],
81 silly audit   'object.values': [ '1.2.1' ],
81 silly audit   optionator: [ '0.9.4' ],
81 silly audit   'own-keys': [ '1.0.1' ],
81 silly audit   'p-limit': [ '3.1.0' ],
81 silly audit   'p-locate': [ '5.0.0' ],
81 silly audit   'parent-module': [ '1.0.1' ],
81 silly audit   'path-exists': [ '4.0.0' ],
81 silly audit   'path-key': [ '3.1.1' ],
81 silly audit   'path-parse': [ '1.0.7' ],
81 silly audit   'pdfjs-dist': [ '5.4.624', '5.4.296' ],
81 silly audit   picocolors: [ '1.1.1' ],
81 silly audit   picomatch: [ '2.3.2', '4.0.4' ],
81 silly audit   pify: [ '2.3.0' ],
81 silly audit   pirates: [ '4.0.7' ],
81 silly audit   'possible-typed-array-names': [ '1.1.0' ],
81 silly audit   'postcss-import': [ '15.1.0' ],
81 silly audit   resolve: [ '1.22.12', '2.0.0-next.6' ],
81 silly audit   'postcss-js': [ '4.1.0' ],
81 silly audit   'postcss-load-config': [ '6.0.1' ],
81 silly audit   'postcss-nested': [ '6.2.0' ],
81 silly audit   'postcss-selector-parser': [ '6.1.2' ],
81 silly audit   'postcss-value-parser': [ '4.2.0' ],
81 silly audit   'prelude-ls': [ '1.2.1' ],
81 silly audit   'prop-types': [ '15.8.1' ],
81 silly audit   punycode: [ '2.3.1' ],
81 silly audit   'queue-microtask': [ '1.2.3' ],
81 silly audit   react: [ '19.2.6' ],
81 silly audit   'react-dom': [ '19.2.6' ],
81 silly audit   'react-is': [ '16.13.1', '18.3.1' ],
81 silly audit   'react-remove-scroll': [ '2.7.2' ],
81 silly audit   'react-remove-scroll-bar': [ '2.3.8' ],
81 silly audit   'react-smooth': [ '4.0.4' ],
81 silly audit   'react-style-singleton': [ '2.2.3' ],
81 silly audit   'react-transition-group': [ '4.4.5' ],
81 silly audit   'read-cache': [ '1.0.0' ],
81 silly audit   readdirp: [ '3.6.0' ],
81 silly audit   recharts: [ '2.15.4' ],
81 silly audit   'recharts-scale': [ '0.4.5' ],
81 silly audit   'reflect.getprototypeof': [ '1.0.10' ],
81 silly audit   'regexp.prototype.flags': [ '1.5.4' ],
81 silly audit   'resolve-from': [ '4.0.0' ],
81 silly audit   'resolve-pkg-maps': [ '1.0.0' ],
81 silly audit   reusify: [ '1.1.0' ],
81 silly audit   'run-parallel': [ '1.2.0' ],
81 silly audit   'safe-array-concat': [ '1.1.4' ],
81 silly audit   'safe-push-apply': [ '1.0.0' ],
81 silly audit   'safe-regex-test': [ '1.1.0' ],
81 silly audit   scheduler: [ '0.27.0' ],
81 silly audit   'set-function-length': [ '1.2.2' ],
81 silly audit   'set-function-name': [ '2.0.2' ],
81 silly audit   'set-proto': [ '1.0.0' ],
81 silly audit   sharp: [ '0.34.5' ],
81 silly audit   'shebang-command': [ '2.0.0' ],
81 silly audit   'shebang-regex': [ '3.0.0' ],
81 silly audit   'side-channel': [ '1.1.0' ],
81 silly audit   'side-channel-list': [ '1.0.1' ],
81 silly audit   'side-channel-map': [ '1.0.1' ],
81 silly audit   'side-channel-weakmap': [ '1.0.2' ],
81 silly audit   'source-map-js': [ '1.2.1' ],
81 silly audit   'stable-hash': [ '0.0.5' ],
81 silly audit   'stop-iteration-iterator': [ '1.1.0' ],
81 silly audit   'string.prototype.includes': [ '2.0.1' ],
81 silly audit   'string.prototype.matchall': [ '4.0.12' ],
81 silly audit   'string.prototype.repeat': [ '1.0.0' ],
81 silly audit   'string.prototype.trim': [ '1.2.10' ],
81 silly audit   'string.prototype.trimend': [ '1.0.9' ],
81 silly audit   'string.prototype.trimstart': [ '1.0.8' ],
81 silly audit   'strip-bom': [ '3.0.0' ],
81 silly audit   'strip-json-comments': [ '3.1.1' ],
81 silly audit   'styled-jsx': [ '5.1.6' ],
81 silly audit   sucrase: [ '3.35.1' ],
81 silly audit   'supports-color': [ '7.2.0' ],
81 silly audit   'supports-preserve-symlinks-flag': [ '1.0.0' ],
81 silly audit   'tailwind-merge': [ '3.5.0' ],
81 silly audit   tailwindcss: [ '3.4.19' ],
81 silly audit   'tailwindcss-animate': [ '1.0.7' ],
81 silly audit   thenify: [ '3.3.1' ],
81 silly audit   'thenify-all': [ '1.6.0' ],
81 silly audit   'tiny-invariant': [ '1.3.3' ],
81 silly audit   tinyglobby: [ '0.2.16' ],
81 silly audit   fdir: [ '6.5.0' ],
81 silly audit   'to-regex-range': [ '5.0.1' ],
81 silly audit   'ts-api-utils': [ '2.5.0' ],
81 silly audit   'ts-interface-checker': [ '0.1.13' ],
81 silly audit   'tsconfig-paths': [ '3.15.0' ],
81 silly audit   tslib: [ '2.8.1' ],
81 silly audit   'type-check': [ '0.4.0' ],
81 silly audit   'typed-array-buffer': [ '1.0.3' ],
81 silly audit   'typed-array-byte-length': [ '1.0.3' ],
81 silly audit   'typed-array-byte-offset': [ '1.0.4' ],
81 silly audit   'typed-array-length': [ '1.0.7' ],
81 silly audit   typescript: [ '5.9.3' ],
81 silly audit   'unbox-primitive': [ '1.1.0' ],
81 silly audit   'undici-types': [ '6.21.0' ],
81 silly audit   'unrs-resolver': [ '1.11.1' ],
81 silly audit   'update-browserslist-db': [ '1.2.3' ],
81 silly audit   'uri-js': [ '4.4.1' ],
81 silly audit   'use-callback-ref': [ '1.3.3' ],
81 silly audit   'use-sidecar': [ '1.1.3' ],
81 silly audit   'use-sync-external-store': [ '1.6.0' ],
81 silly audit   'util-deprecate': [ '1.0.2' ],
81 silly audit   'victory-vendor': [ '36.9.2' ],
81 silly audit   which: [ '2.0.2' ],
81 silly audit   'which-boxed-primitive': [ '1.1.1' ],
81 silly audit   'which-builtin-type': [ '1.2.1' ],
81 silly audit   'which-collection': [ '1.0.2' ],
81 silly audit   'which-typed-array': [ '1.1.20' ],
81 silly audit   'word-wrap': [ '1.2.5' ],
81 silly audit   ws: [ '8.20.0' ],
81 silly audit   'yocto-queue': [ '0.1.0' ],
81 silly audit   'pdf-parse': [ '2.4.5' ]
81 silly audit }
82 verbose reify failed optional dependency /home/user/node_modules/pdf-parse/node_modules/@napi-rs/canvas-win32-x64-msvc
83 silly reify mark deleted [
83 silly reify   '/home/user/node_modules/pdf-parse/node_modules/@napi-rs/canvas-win32-x64-msvc'
83 silly reify ]
84 verbose reify failed optional dependency /home/user/node_modules/pdf-parse/node_modules/@napi-rs/canvas-linux-x64-musl
85 silly reify mark deleted [
85 silly reify   '/home/user/node_modules/pdf-parse/node_modules/@napi-rs/canvas-linux-x64-musl'
85 silly reify ]
86 verbose reify failed optional dependency /home/user/node_modules/pdf-parse/node_modules/@napi-rs/canvas-linux-riscv64-gnu
87 silly reify mark deleted [
87 silly reify   '/home/user/node_modules/pdf-parse/node_modules/@napi-rs/canvas-linux-riscv64-gnu'
87 silly reify ]
88 verbose reify failed optional dependency /home/user/node_modules/pdf-parse/node_modules/@napi-rs/canvas-linux-arm64-musl
89 silly reify mark deleted [
89 silly reify   '/home/user/node_modules/pdf-parse/node_modules/@napi-rs/canvas-linux-arm64-musl'
89 silly reify ]
90 verbose reify failed optional dependency /home/user/node_modules/pdf-parse/node_modules/@napi-rs/canvas-linux-arm64-gnu
91 silly reify mark deleted [
91 silly reify   '/home/user/node_modules/pdf-parse/node_modules/@napi-rs/canvas-linux-arm64-gnu'
91 silly reify ]
92 verbose reify failed optional dependency /home/user/node_modules/pdf-parse/node_modules/@napi-rs/canvas-linux-arm-gnueabihf
93 silly reify mark deleted [
93 silly reify   '/home/user/node_modules/pdf-parse/node_modules/@napi-rs/canvas-linux-arm-gnueabihf'
93 silly reify ]
94 verbose reify failed optional dependency /home/user/node_modules/pdf-parse/node_modules/@napi-rs/canvas-darwin-x64
95 silly reify mark deleted [
95 silly reify   '/home/user/node_modules/pdf-parse/node_modules/@napi-rs/canvas-darwin-x64'
95 silly reify ]
96 verbose reify failed optional dependency /home/user/node_modules/pdf-parse/node_modules/@napi-rs/canvas-darwin-arm64
97 silly reify mark deleted [
97 silly reify   '/home/user/node_modules/pdf-parse/node_modules/@napi-rs/canvas-darwin-arm64'
97 silly reify ]
98 verbose reify failed optional dependency /home/user/node_modules/pdf-parse/node_modules/@napi-rs/canvas-android-arm64
99 silly reify mark deleted [
99 silly reify   '/home/user/node_modules/pdf-parse/node_modules/@napi-rs/canvas-android-arm64'
99 silly reify ]
100 verbose reify failed optional dependency /home/user/node_modules/fsevents
101 silly reify mark deleted [ '/home/user/node_modules/fsevents' ]
102 verbose reify failed optional dependency /home/user/node_modules/@unrs/resolver-binding-win32-x64-msvc
103 silly reify mark deleted [ '/home/user/node_modules/@unrs/resolver-binding-win32-x64-msvc' ]
104 verbose reify failed optional dependency /home/user/node_modules/@unrs/resolver-binding-win32-ia32-msvc
105 silly reify mark deleted [ '/home/user/node_modules/@unrs/resolver-binding-win32-ia32-msvc' ]
106 verbose reify failed optional dependency /home/user/node_modules/@unrs/resolver-binding-win32-arm64-msvc
107 silly reify mark deleted [ '/home/user/node_modules/@unrs/resolver-binding-win32-arm64-msvc' ]
108 verbose reify failed optional dependency /home/user/node_modules/@unrs/resolver-binding-wasm32-wasi
109 silly reify mark deleted [ '/home/user/node_modules/@unrs/resolver-binding-wasm32-wasi' ]
110 verbose reify failed optional dependency /home/user/node_modules/@napi-rs/wasm-runtime
111 silly reify mark deleted [ '/home/user/node_modules/@napi-rs/wasm-runtime' ]
112 verbose reify failed optional dependency /home/user/node_modules/@emnapi/core
113 silly reify mark deleted [ '/home/user/node_modules/@emnapi/core' ]
114 verbose reify failed optional dependency /home/user/node_modules/@tybys/wasm-util
115 silly reify mark deleted [ '/home/user/node_modules/@tybys/wasm-util' ]
116 verbose reify failed optional dependency /home/user/node_modules/@emnapi/wasi-threads
117 silly reify mark deleted [ '/home/user/node_modules/@emnapi/wasi-threads' ]
118 verbose reify failed optional dependency /home/user/node_modules/@unrs/resolver-binding-linux-s390x-gnu
119 silly reify mark deleted [ '/home/user/node_modules/@unrs/resolver-binding-linux-s390x-gnu' ]
120 verbose reify failed optional dependency /home/user/node_modules/@unrs/resolver-binding-linux-riscv64-musl
121 silly reify mark deleted [ '/home/user/node_modules/@unrs/resolver-binding-linux-riscv64-musl' ]
122 verbose reify failed optional dependency /home/user/node_modules/@unrs/resolver-binding-linux-riscv64-gnu
123 silly reify mark deleted [ '/home/user/node_modules/@unrs/resolver-binding-linux-riscv64-gnu' ]
124 verbose reify failed optional dependency /home/user/node_modules/@unrs/resolver-binding-linux-ppc64-gnu
125 silly reify mark deleted [ '/home/user/node_modules/@unrs/resolver-binding-linux-ppc64-gnu' ]
126 verbose reify failed optional dependency /home/user/node_modules/@unrs/resolver-binding-linux-arm64-musl
127 silly reify mark deleted [ '/home/user/node_modules/@unrs/resolver-binding-linux-arm64-musl' ]
128 verbose reify failed optional dependency /home/user/node_modules/@unrs/resolver-binding-linux-arm64-gnu
129 silly reify mark deleted [ '/home/user/node_modules/@unrs/resolver-binding-linux-arm64-gnu' ]
130 verbose reify failed optional dependency /home/user/node_modules/@unrs/resolver-binding-linux-arm-musleabihf
131 silly reify mark deleted [
131 silly reify   '/home/user/node_modules/@unrs/resolver-binding-linux-arm-musleabihf'
131 silly reify ]
132 verbose reify failed optional dependency /home/user/node_modules/@unrs/resolver-binding-linux-arm-gnueabihf
133 silly reify mark deleted [
133 silly reify   '/home/user/node_modules/@unrs/resolver-binding-linux-arm-gnueabihf'
133 silly reify ]
134 verbose reify failed optional dependency /home/user/node_modules/@unrs/resolver-binding-freebsd-x64
135 silly reify mark deleted [ '/home/user/node_modules/@unrs/resolver-binding-freebsd-x64' ]
136 verbose reify failed optional dependency /home/user/node_modules/@unrs/resolver-binding-darwin-x64
137 silly reify mark deleted [ '/home/user/node_modules/@unrs/resolver-binding-darwin-x64' ]
138 verbose reify failed optional dependency /home/user/node_modules/@unrs/resolver-binding-darwin-arm64
139 silly reify mark deleted [ '/home/user/node_modules/@unrs/resolver-binding-darwin-arm64' ]
140 verbose reify failed optional dependency /home/user/node_modules/@unrs/resolver-binding-android-arm64
141 silly reify mark deleted [ '/home/user/node_modules/@unrs/resolver-binding-android-arm64' ]
142 verbose reify failed optional dependency /home/user/node_modules/@unrs/resolver-binding-android-arm-eabi
143 silly reify mark deleted [ '/home/user/node_modules/@unrs/resolver-binding-android-arm-eabi' ]
144 verbose reify failed optional dependency /home/user/node_modules/@next/swc-win32-x64-msvc
145 silly reify mark deleted [ '/home/user/node_modules/@next/swc-win32-x64-msvc' ]
146 verbose reify failed optional dependency /home/user/node_modules/@next/swc-win32-arm64-msvc
147 silly reify mark deleted [ '/home/user/node_modules/@next/swc-win32-arm64-msvc' ]
148 verbose reify failed optional dependency /home/user/node_modules/@next/swc-linux-arm64-musl
149 silly reify mark deleted [ '/home/user/node_modules/@next/swc-linux-arm64-musl' ]
150 verbose reify failed optional dependency /home/user/node_modules/@next/swc-linux-arm64-gnu
151 silly reify mark deleted [ '/home/user/node_modules/@next/swc-linux-arm64-gnu' ]
152 verbose reify failed optional dependency /home/user/node_modules/@next/swc-darwin-x64
153 silly reify mark deleted [ '/home/user/node_modules/@next/swc-darwin-x64' ]
154 verbose reify failed optional dependency /home/user/node_modules/@next/swc-darwin-arm64
155 silly reify mark deleted [ '/home/user/node_modules/@next/swc-darwin-arm64' ]
156 verbose reify failed optional dependency /home/user/node_modules/@napi-rs/canvas-win32-x64-msvc
157 silly reify mark deleted [ '/home/user/node_modules/@napi-rs/canvas-win32-x64-msvc' ]
158 verbose reify failed optional dependency /home/user/node_modules/@napi-rs/canvas-win32-arm64-msvc
159 silly reify mark deleted [ '/home/user/node_modules/@napi-rs/canvas-win32-arm64-msvc' ]
160 verbose reify failed optional dependency /home/user/node_modules/@napi-rs/canvas-linux-riscv64-gnu
161 silly reify mark deleted [ '/home/user/node_modules/@napi-rs/canvas-linux-riscv64-gnu' ]
162 verbose reify failed optional dependency /home/user/node_modules/@napi-rs/canvas-linux-arm64-musl
163 silly reify mark deleted [ '/home/user/node_modules/@napi-rs/canvas-linux-arm64-musl' ]
164 verbose reify failed optional dependency /home/user/node_modules/@napi-rs/canvas-linux-arm64-gnu
165 silly reify mark deleted [ '/home/user/node_modules/@napi-rs/canvas-linux-arm64-gnu' ]
166 verbose reify failed optional dependency /home/user/node_modules/@napi-rs/canvas-linux-arm-gnueabihf
167 silly reify mark deleted [ '/home/user/node_modules/@napi-rs/canvas-linux-arm-gnueabihf' ]
168 verbose reify failed optional dependency /home/user/node_modules/@napi-rs/canvas-darwin-x64
169 silly reify mark deleted [ '/home/user/node_modules/@napi-rs/canvas-darwin-x64' ]
170 verbose reify failed optional dependency /home/user/node_modules/@napi-rs/canvas-darwin-arm64
171 silly reify mark deleted [ '/home/user/node_modules/@napi-rs/canvas-darwin-arm64' ]
172 verbose reify failed optional dependency /home/user/node_modules/@napi-rs/canvas-android-arm64
173 silly reify mark deleted [ '/home/user/node_modules/@napi-rs/canvas-android-arm64' ]
174 verbose reify failed optional dependency /home/user/node_modules/@img/sharp-win32-x64
175 silly reify mark deleted [ '/home/user/node_modules/@img/sharp-win32-x64' ]
176 verbose reify failed optional dependency /home/user/node_modules/@img/sharp-win32-ia32
177 silly reify mark deleted [ '/home/user/node_modules/@img/sharp-win32-ia32' ]
178 verbose reify failed optional dependency /home/user/node_modules/@img/sharp-win32-arm64
179 silly reify mark deleted [ '/home/user/node_modules/@img/sharp-win32-arm64' ]
180 verbose reify failed optional dependency /home/user/node_modules/@img/sharp-wasm32
181 silly reify mark deleted [ '/home/user/node_modules/@img/sharp-wasm32' ]
182 verbose reify failed optional dependency /home/user/node_modules/@img/sharp-linuxmusl-arm64
183 silly reify mark deleted [ '/home/user/node_modules/@img/sharp-linuxmusl-arm64' ]
184 verbose reify failed optional dependency /home/user/node_modules/@img/sharp-linux-s390x
185 silly reify mark deleted [ '/home/user/node_modules/@img/sharp-linux-s390x' ]
186 verbose reify failed optional dependency /home/user/node_modules/@img/sharp-linux-riscv64
187 silly reify mark deleted [ '/home/user/node_modules/@img/sharp-linux-riscv64' ]
188 verbose reify failed optional dependency /home/user/node_modules/@img/sharp-linux-ppc64
189 silly reify mark deleted [ '/home/user/node_modules/@img/sharp-linux-ppc64' ]
190 verbose reify failed optional dependency /home/user/node_modules/@img/sharp-linux-arm64
191 silly reify mark deleted [ '/home/user/node_modules/@img/sharp-linux-arm64' ]
192 verbose reify failed optional dependency /home/user/node_modules/@img/sharp-linux-arm
193 silly reify mark deleted [ '/home/user/node_modules/@img/sharp-linux-arm' ]
194 verbose reify failed optional dependency /home/user/node_modules/@img/sharp-libvips-linuxmusl-arm64
195 silly reify mark deleted [ '/home/user/node_modules/@img/sharp-libvips-linuxmusl-arm64' ]
196 verbose reify failed optional dependency /home/user/node_modules/@img/sharp-libvips-linux-s390x
197 silly reify mark deleted [ '/home/user/node_modules/@img/sharp-libvips-linux-s390x' ]
198 verbose reify failed optional dependency /home/user/node_modules/@img/sharp-libvips-linux-riscv64
199 silly reify mark deleted [ '/home/user/node_modules/@img/sharp-libvips-linux-riscv64' ]
200 verbose reify failed optional dependency /home/user/node_modules/@img/sharp-libvips-linux-ppc64
201 silly reify mark deleted [ '/home/user/node_modules/@img/sharp-libvips-linux-ppc64' ]
202 verbose reify failed optional dependency /home/user/node_modules/@img/sharp-libvips-linux-arm64
203 silly reify mark deleted [ '/home/user/node_modules/@img/sharp-libvips-linux-arm64' ]
204 verbose reify failed optional dependency /home/user/node_modules/@img/sharp-libvips-linux-arm
205 silly reify mark deleted [ '/home/user/node_modules/@img/sharp-libvips-linux-arm' ]
206 verbose reify failed optional dependency /home/user/node_modules/@img/sharp-libvips-darwin-x64
207 silly reify mark deleted [ '/home/user/node_modules/@img/sharp-libvips-darwin-x64' ]
208 verbose reify failed optional dependency /home/user/node_modules/@img/sharp-libvips-darwin-arm64
209 silly reify mark deleted [ '/home/user/node_modules/@img/sharp-libvips-darwin-arm64' ]
210 verbose reify failed optional dependency /home/user/node_modules/@img/sharp-darwin-x64
211 silly reify mark deleted [ '/home/user/node_modules/@img/sharp-darwin-x64' ]
212 verbose reify failed optional dependency /home/user/node_modules/@img/sharp-darwin-arm64
213 silly reify mark deleted [ '/home/user/node_modules/@img/sharp-darwin-arm64' ]
214 silly tarball no local data for pdf-parse@https://registry.npmjs.org/pdf-parse/-/pdf-parse-2.4.5.tgz. Extracting by manifest.
215 silly tarball no local data for @napi-rs/canvas-linux-x64-musl@https://registry.npmjs.org/@napi-rs/canvas-linux-x64-musl/-/canvas-linux-x64-musl-0.1.100.tgz. Extracting by manifest.
216 silly tarball no local data for @napi-rs/canvas-linux-x64-gnu@https://registry.npmjs.org/@napi-rs/canvas-linux-x64-gnu/-/canvas-linux-x64-gnu-0.1.80.tgz. Extracting by manifest.
217 silly tarball no local data for pdfjs-dist@https://registry.npmjs.org/pdfjs-dist/-/pdfjs-dist-5.4.296.tgz. Extracting by manifest.
218 silly tarball no local data for @napi-rs/canvas@https://registry.npmjs.org/@napi-rs/canvas/-/canvas-0.1.80.tgz. Extracting by manifest.
219 http fetch POST 200 https://registry.npmjs.org/-/npm/v1/security/advisories/bulk 235ms
220 silly audit report {
220 silly audit report   postcss: [
220 silly audit report     {
220 silly audit report       id: 1117015,
220 silly audit report       url: 'https://github.com/advisories/GHSA-qx2v-qp2m-jg93',
220 silly audit report       title: 'PostCSS has XSS via Unescaped </style> in its CSS Stringify Output',
220 silly audit report       severity: 'moderate',
220 silly audit report       vulnerable_versions: '<8.5.10',
220 silly audit report       cwe: [Array],
220 silly audit report       cvss: [Object]
220 silly audit report     }
220 silly audit report   ]
220 silly audit report }
221 silly packumentCache corgi:https://registry.npmjs.org/postcss cache-miss
222 http fetch GET 200 https://registry.npmjs.org/postcss 68ms (cache revalidated)
223 silly packumentCache corgi:https://registry.npmjs.org/postcss set size:343873 disposed:false
224 silly packumentCache corgi:https://registry.npmjs.org/next cache-miss
225 http fetch GET 200 https://registry.npmjs.org/@napi-rs/canvas/-/canvas-0.1.80.tgz 223ms (cache miss)
226 http fetch GET 200 https://registry.npmjs.org/next 167ms (cache revalidated)
227 silly packumentCache corgi:https://registry.npmjs.org/next set size:24929605 disposed:false
228 http fetch GET 200 https://registry.npmjs.org/pdf-parse/-/pdf-parse-2.4.5.tgz 1638ms (cache miss)
229 http fetch GET 200 https://registry.npmjs.org/@napi-rs/canvas-linux-x64-musl/-/canvas-linux-x64-musl-0.1.100.tgz 1849ms (cache miss)
230 http fetch GET 200 https://registry.npmjs.org/@napi-rs/canvas-linux-x64-gnu/-/canvas-linux-x64-gnu-0.1.80.tgz 1858ms (cache miss)
231 http fetch GET 200 https://registry.npmjs.org/pdfjs-dist/-/pdfjs-dist-5.4.296.tgz 1961ms (cache miss)
232 silly ADD node_modules/pdf-parse
233 silly ADD
234 silly ADD
235 silly ADD node_modules/pdf-parse/node_modules/@napi-rs/canvas-linux-x64-gnu
236 silly ADD
237 silly ADD
238 silly ADD
239 silly ADD
240 silly ADD
241 silly ADD
242 silly ADD
243 silly ADD node_modules/pdf-parse/node_modules/pdfjs-dist
244 silly ADD node_modules/pdf-parse/node_modules/@napi-rs/canvas
245 silly ADD
246 silly ADD
247 silly ADD
248 silly ADD
249 silly ADD
250 silly ADD
251 silly ADD
252 silly ADD
253 silly ADD
254 silly ADD
255 silly ADD
256 silly ADD
257 silly ADD
258 silly ADD
259 silly ADD
260 silly ADD
261 silly ADD
262 silly ADD
263 silly ADD
264 silly ADD
265 silly ADD
266 silly ADD
267 silly ADD
268 silly ADD
269 silly ADD
270 silly ADD
271 silly ADD
272 silly ADD
273 silly ADD node_modules/@napi-rs/canvas-linux-x64-musl
274 silly ADD
275 silly ADD
276 silly ADD
277 silly ADD
278 silly ADD
279 silly ADD
280 silly ADD
281 silly ADD
282 silly ADD
283 silly ADD
284 silly ADD
285 silly ADD
286 silly ADD
287 silly ADD
288 silly ADD
289 silly ADD
290 silly ADD
291 silly ADD
292 silly ADD
293 silly ADD
294 silly ADD
295 silly ADD
296 silly ADD
297 silly ADD
298 silly ADD
299 silly ADD
300 silly ADD
301 silly ADD
302 silly ADD
303 verbose cwd /home/user
304 verbose os Linux 6.1.158
305 verbose node v20.18.1
306 verbose npm  v10.8.2
307 verbose exit 0
308 info ok
