0 verbose cli /usr/local/bin/node /usr/local/bin/npm
1 info using npm@10.8.2
2 info using node@v20.18.1
3 silly config load:file:/usr/local/lib/node_modules/npm/npmrc
4 silly config load:file:/home/user/.npmrc
5 silly config load:file:/usr/local/etc/npmrc
6 verbose title npm install next@latest
7 verbose argv "install" "next@latest"
8 verbose logfile logs-max:10 dir:/home/user/.npm/_logs/2026-05-08T00_24_27_902Z-
9 verbose logfile /home/user/.npm/_logs/2026-05-08T00_24_27_902Z-debug-0.log
10 silly packumentCache heap:2197815296 maxSize:549453824 maxEntrySize:274726912
11 silly logfile start cleaning logs, removing 1 files
12 silly logfile done cleaning log files
13 silly packumentCache corgi:https://registry.npmjs.org/next cache-miss
14 http fetch GET 200 https://registry.npmjs.org/next 702ms (cache updated)
15 silly packumentCache corgi:https://registry.npmjs.org/next set size:undefined disposed:false
16 silly idealTree buildDeps
17 silly fetch manifest next@16.2.6
18 silly packumentCache full:https://registry.npmjs.org/next cache-miss
19 http fetch GET 200 https://registry.npmjs.org/next 683ms (cache updated)
20 silly packumentCache full:https://registry.npmjs.org/next set size:undefined disposed:false
21 silly fetch manifest @opentelemetry/api@^1.1.0
22 silly packumentCache full:https://registry.npmjs.org/@opentelemetry%2fapi cache-miss
23 http fetch GET 200 https://registry.npmjs.org/@opentelemetry%2fapi 58ms (cache revalidated)
24 silly packumentCache full:https://registry.npmjs.org/@opentelemetry%2fapi set size:272967 disposed:false
25 silly fetch manifest @playwright/test@^1.51.1
26 silly packumentCache full:https://registry.npmjs.org/@playwright%2ftest cache-miss
27 http fetch GET 200 https://registry.npmjs.org/@playwright%2ftest 306ms (cache updated)
28 silly packumentCache full:https://registry.npmjs.org/@playwright%2ftest set size:undefined disposed:false
29 silly fetch manifest babel-plugin-react-compiler@*
30 silly packumentCache full:https://registry.npmjs.org/babel-plugin-react-compiler cache-miss
31 http fetch GET 200 https://registry.npmjs.org/babel-plugin-react-compiler 39ms (cache revalidated)
32 silly packumentCache full:https://registry.npmjs.org/babel-plugin-react-compiler set size:1353683 disposed:false
33 silly fetch manifest react@^19
34 silly packumentCache full:https://registry.npmjs.org/react cache-miss
35 http fetch GET 200 https://registry.npmjs.org/react 56ms (cache revalidated)
36 silly packumentCache full:https://registry.npmjs.org/react set size:6646698 disposed:false
37 silly fetch manifest react-dom@^19
38 silly packumentCache full:https://registry.npmjs.org/react-dom cache-miss
39 http fetch GET 200 https://registry.npmjs.org/react-dom 57ms (cache revalidated)
40 silly packumentCache full:https://registry.npmjs.org/react-dom set size:8862063 disposed:false
41 silly fetch manifest sass@^1.3.0
42 silly packumentCache full:https://registry.npmjs.org/sass cache-miss
43 http fetch GET 200 https://registry.npmjs.org/sass 40ms (cache revalidated)
44 silly packumentCache full:https://registry.npmjs.org/sass set size:726244 disposed:false
45 silly placeDep ROOT next@16.2.6 REPLACE for: nextjs-app@0.1.0 want: 16.2.6
46 silly fetch manifest @next/env@16.2.6
47 silly packumentCache full:https://registry.npmjs.org/@next%2fenv cache-miss
48 silly fetch manifest @next/swc-darwin-x64@16.2.6
49 silly packumentCache full:https://registry.npmjs.org/@next%2fswc-darwin-x64 cache-miss
50 silly fetch manifest @next/swc-darwin-arm64@16.2.6
51 silly packumentCache full:https://registry.npmjs.org/@next%2fswc-darwin-arm64 cache-miss
52 http fetch GET 200 https://registry.npmjs.org/@next%2fswc-darwin-arm64 277ms (cache updated)
53 silly packumentCache full:https://registry.npmjs.org/@next%2fswc-darwin-arm64 set size:undefined disposed:false
54 silly fetch manifest @next/swc-linux-x64-gnu@16.2.6
55 silly packumentCache full:https://registry.npmjs.org/@next%2fswc-linux-x64-gnu cache-miss
56 http fetch GET 200 https://registry.npmjs.org/@next%2fenv 323ms (cache updated)
57 silly packumentCache full:https://registry.npmjs.org/@next%2fenv set size:undefined disposed:false
58 silly fetch manifest @next/swc-linux-x64-musl@16.2.6
59 silly packumentCache full:https://registry.npmjs.org/@next%2fswc-linux-x64-musl cache-miss
60 http fetch GET 200 https://registry.npmjs.org/@next%2fswc-darwin-x64 374ms (cache updated)
61 silly packumentCache full:https://registry.npmjs.org/@next%2fswc-darwin-x64 set size:undefined disposed:false
62 silly fetch manifest @next/swc-win32-x64-msvc@16.2.6
63 silly packumentCache full:https://registry.npmjs.org/@next%2fswc-win32-x64-msvc cache-miss
64 http fetch GET 200 https://registry.npmjs.org/@next%2fswc-linux-x64-gnu 245ms (cache updated)
65 silly packumentCache full:https://registry.npmjs.org/@next%2fswc-linux-x64-gnu set size:undefined disposed:false
66 silly fetch manifest @next/swc-linux-arm64-gnu@16.2.6
67 silly packumentCache full:https://registry.npmjs.org/@next%2fswc-linux-arm64-gnu cache-miss
68 http fetch GET 200 https://registry.npmjs.org/@next%2fswc-linux-x64-musl 251ms (cache updated)
69 silly packumentCache full:https://registry.npmjs.org/@next%2fswc-linux-x64-musl set size:undefined disposed:false
70 silly fetch manifest @next/swc-linux-arm64-musl@16.2.6
71 silly packumentCache full:https://registry.npmjs.org/@next%2fswc-linux-arm64-musl cache-miss
72 http fetch GET 200 https://registry.npmjs.org/@next%2fswc-win32-x64-msvc 247ms (cache updated)
73 silly packumentCache full:https://registry.npmjs.org/@next%2fswc-win32-x64-msvc set size:undefined disposed:false
74 silly fetch manifest @next/swc-win32-arm64-msvc@16.2.6
75 silly packumentCache full:https://registry.npmjs.org/@next%2fswc-win32-arm64-msvc cache-miss
76 http fetch GET 200 https://registry.npmjs.org/@next%2fswc-linux-arm64-gnu 284ms (cache updated)
77 silly packumentCache full:https://registry.npmjs.org/@next%2fswc-linux-arm64-gnu set size:undefined disposed:false
78 http fetch GET 200 https://registry.npmjs.org/@next%2fswc-win32-arm64-msvc 213ms (cache updated)
79 silly packumentCache full:https://registry.npmjs.org/@next%2fswc-win32-arm64-msvc set size:undefined disposed:false
80 http fetch GET 200 https://registry.npmjs.org/@next%2fswc-linux-arm64-musl 315ms (cache updated)
81 silly packumentCache full:https://registry.npmjs.org/@next%2fswc-linux-arm64-musl set size:undefined disposed:false
82 silly placeDep ROOT @next/env@16.2.6 OK for: next@16.2.6 want: 16.2.6
83 silly placeDep ROOT @next/swc-darwin-arm64@16.2.6 OK for: next@16.2.6 want: 16.2.6
84 silly placeDep ROOT @next/swc-darwin-x64@16.2.6 OK for: next@16.2.6 want: 16.2.6
85 silly placeDep ROOT @next/swc-linux-arm64-gnu@16.2.6 OK for: next@16.2.6 want: 16.2.6
86 silly placeDep ROOT @next/swc-linux-arm64-musl@16.2.6 OK for: next@16.2.6 want: 16.2.6
87 silly placeDep ROOT @next/swc-linux-x64-gnu@16.2.6 OK for: next@16.2.6 want: 16.2.6
88 silly placeDep ROOT @next/swc-linux-x64-musl@16.2.6 OK for: next@16.2.6 want: 16.2.6
89 silly placeDep ROOT @next/swc-win32-arm64-msvc@16.2.6 OK for: next@16.2.6 want: 16.2.6
90 silly placeDep ROOT @next/swc-win32-x64-msvc@16.2.6 OK for: next@16.2.6 want: 16.2.6
91 warn EBADENGINE Unsupported engine {
91 warn EBADENGINE   package: 'eslint-visitor-keys@5.0.1',
91 warn EBADENGINE   required: { node: '^20.19.0 || ^22.13.0 || >=24' },
91 warn EBADENGINE   current: { node: 'v20.18.1', npm: '10.8.2' }
91 warn EBADENGINE }
92 silly reify mark retired [ '/home/user/node_modules/@next/env' ]
93 silly reify mark retired [ '/home/user/node_modules/@next/swc-linux-x64-gnu' ]
94 silly reify mark retired [ '/home/user/node_modules/@next/swc-linux-x64-musl' ]
95 silly reify mark retired [ '/home/user/node_modules/@swc/counter' ]
96 silly reify mark retired [ '/home/user/node_modules/busboy' ]
97 silly reify mark retired [ '/home/user/node_modules/next', '/home/user/node_modules/.bin/next' ]
98 silly reify mark retired [ '/home/user/node_modules/streamsearch' ]
99 silly reify moves {
99 silly reify   '/home/user/node_modules/@next/env': '/home/user/node_modules/@next/.env-HM0O62N7',
99 silly reify   '/home/user/node_modules/@next/swc-linux-x64-gnu': '/home/user/node_modules/@next/.swc-linux-x64-gnu-CJgt9Gm8',
99 silly reify   '/home/user/node_modules/@next/swc-linux-x64-musl': '/home/user/node_modules/@next/.swc-linux-x64-musl-us2f4hni',
99 silly reify   '/home/user/node_modules/@swc/counter': '/home/user/node_modules/@swc/.counter-CK4jIJQa',
99 silly reify   '/home/user/node_modules/busboy': '/home/user/node_modules/.busboy-lY3ewuv8',
99 silly reify   '/home/user/node_modules/next': '/home/user/node_modules/.next-wiYTqLh3',
99 silly reify   '/home/user/node_modules/.bin/next': '/home/user/node_modules/.bin/.next-59hP0CLA',
99 silly reify   '/home/user/node_modules/streamsearch': '/home/user/node_modules/.streamsearch-K9RjKcbo'
99 silly reify }
100 silly audit bulk request {
100 silly audit   '@alloc/quick-lru': [ '5.2.0' ],
100 silly audit   '@babel/runtime': [ '7.29.2' ],
100 silly audit   '@emnapi/core': [ '1.10.0' ],
100 silly audit   '@emnapi/runtime': [ '1.10.0' ],
100 silly audit   '@emnapi/wasi-threads': [ '1.2.1' ],
100 silly audit   '@eslint-community/eslint-utils': [ '4.9.1' ],
100 silly audit   'eslint-visitor-keys': [ '3.4.3', '5.0.1', '4.2.1' ],
100 silly audit   '@eslint-community/regexpp': [ '4.12.2' ],
100 silly audit   '@eslint/config-array': [ '0.21.2' ],
100 silly audit   '@eslint/config-helpers': [ '0.4.2' ],
100 silly audit   '@eslint/core': [ '0.17.0' ],
100 silly audit   '@eslint/eslintrc': [ '3.3.5' ],
100 silly audit   '@eslint/js': [ '9.39.4' ],
100 silly audit   '@eslint/object-schema': [ '2.1.7' ],
100 silly audit   '@eslint/plugin-kit': [ '0.4.1' ],
100 silly audit   '@floating-ui/core': [ '1.7.5' ],
100 silly audit   '@floating-ui/dom': [ '1.7.6' ],
100 silly audit   '@floating-ui/react-dom': [ '2.1.8' ],
100 silly audit   '@floating-ui/utils': [ '0.2.11' ],
100 silly audit   '@humanfs/core': [ '0.19.2' ],
100 silly audit   '@humanfs/node': [ '0.16.8' ],
100 silly audit   '@humanfs/types': [ '0.15.0' ],
100 silly audit   '@humanwhocodes/module-importer': [ '1.0.1' ],
100 silly audit   '@humanwhocodes/retry': [ '0.4.3' ],
100 silly audit   '@img/colour': [ '1.1.0' ],
100 silly audit   '@img/sharp-darwin-arm64': [ '0.34.5' ],
100 silly audit   '@img/sharp-darwin-x64': [ '0.34.5' ],
100 silly audit   '@img/sharp-libvips-darwin-arm64': [ '1.2.4' ],
100 silly audit   '@img/sharp-libvips-darwin-x64': [ '1.2.4' ],
100 silly audit   '@img/sharp-libvips-linux-arm': [ '1.2.4' ],
100 silly audit   '@img/sharp-libvips-linux-arm64': [ '1.2.4' ],
100 silly audit   '@img/sharp-libvips-linux-ppc64': [ '1.2.4' ],
100 silly audit   '@img/sharp-libvips-linux-riscv64': [ '1.2.4' ],
100 silly audit   '@img/sharp-libvips-linux-s390x': [ '1.2.4' ],
100 silly audit   '@img/sharp-libvips-linux-x64': [ '1.2.4' ],
100 silly audit   '@img/sharp-libvips-linuxmusl-arm64': [ '1.2.4' ],
100 silly audit   '@img/sharp-libvips-linuxmusl-x64': [ '1.2.4' ],
100 silly audit   '@img/sharp-linux-arm': [ '0.34.5' ],
100 silly audit   '@img/sharp-linux-arm64': [ '0.34.5' ],
100 silly audit   '@img/sharp-linux-ppc64': [ '0.34.5' ],
100 silly audit   '@img/sharp-linux-riscv64': [ '0.34.5' ],
100 silly audit   '@img/sharp-linux-s390x': [ '0.34.5' ],
100 silly audit   '@img/sharp-linux-x64': [ '0.34.5' ],
100 silly audit   '@img/sharp-linuxmusl-arm64': [ '0.34.5' ],
100 silly audit   '@img/sharp-linuxmusl-x64': [ '0.34.5' ],
100 silly audit   '@img/sharp-wasm32': [ '0.34.5' ],
100 silly audit   '@img/sharp-win32-arm64': [ '0.34.5' ],
100 silly audit   '@img/sharp-win32-ia32': [ '0.34.5' ],
100 silly audit   '@img/sharp-win32-x64': [ '0.34.5' ],
100 silly audit   '@jridgewell/gen-mapping': [ '0.3.13' ],
100 silly audit   '@jridgewell/resolve-uri': [ '3.1.2' ],
100 silly audit   '@jridgewell/sourcemap-codec': [ '1.5.5' ],
100 silly audit   '@jridgewell/trace-mapping': [ '0.3.31' ],
100 silly audit   '@napi-rs/wasm-runtime': [ '0.2.12' ],
100 silly audit   '@next/eslint-plugin-next': [ '15.3.3' ],
100 silly audit   '@nodelib/fs.scandir': [ '2.1.5' ],
100 silly audit   '@nodelib/fs.stat': [ '2.0.5' ],
100 silly audit   '@nodelib/fs.walk': [ '1.2.8' ],
100 silly audit   '@nolyfill/is-core-module': [ '1.0.39' ],
100 silly audit   '@radix-ui/number': [ '1.1.1' ],
100 silly audit   '@radix-ui/primitive': [ '1.1.3' ],
100 silly audit   '@radix-ui/react-arrow': [ '1.1.7' ],
100 silly audit   '@radix-ui/react-primitive': [ '2.1.3', '2.1.4' ],
100 silly audit   '@radix-ui/react-slot': [ '1.2.3', '1.2.4' ],
100 silly audit   '@radix-ui/react-avatar': [ '1.1.11' ],
100 silly audit   '@radix-ui/react-checkbox': [ '1.3.3' ],
100 silly audit   '@radix-ui/react-context': [ '1.1.2', '1.1.3' ],
100 silly audit   '@radix-ui/react-collection': [ '1.1.7' ],
100 silly audit   '@radix-ui/react-compose-refs': [ '1.1.2' ],
100 silly audit   '@radix-ui/react-dialog': [ '1.1.15' ],
100 silly audit   '@radix-ui/react-direction': [ '1.1.1' ],
100 silly audit   '@radix-ui/react-dismissable-layer': [ '1.1.11' ],
100 silly audit   '@radix-ui/react-dropdown-menu': [ '2.1.16' ],
100 silly audit   '@radix-ui/react-focus-guards': [ '1.1.3' ],
100 silly audit   '@radix-ui/react-focus-scope': [ '1.1.7' ],
100 silly audit   '@radix-ui/react-id': [ '1.1.1' ],
100 silly audit   '@radix-ui/react-label': [ '2.1.8' ],
100 silly audit   '@radix-ui/react-menu': [ '2.1.16' ],
100 silly audit   '@radix-ui/react-popover': [ '1.1.15' ],
100 silly audit   '@radix-ui/react-popper': [ '1.2.8' ],
100 silly audit   '@radix-ui/react-portal': [ '1.1.9' ],
100 silly audit   '@radix-ui/react-presence': [ '1.1.5' ],
100 silly audit   '@radix-ui/react-progress': [ '1.1.8' ],
100 silly audit   '@radix-ui/react-roving-focus': [ '1.1.11' ],
100 silly audit   '@radix-ui/react-scroll-area': [ '1.2.10' ],
100 silly audit   '@radix-ui/react-select': [ '2.2.6' ],
100 silly audit   '@radix-ui/react-separator': [ '1.1.8' ],
100 silly audit   '@radix-ui/react-slider': [ '1.3.6' ],
100 silly audit   '@radix-ui/react-switch': [ '1.2.6' ],
100 silly audit   '@radix-ui/react-tabs': [ '1.1.13' ],
100 silly audit   '@radix-ui/react-tooltip': [ '1.2.8' ],
100 silly audit   '@radix-ui/react-use-callback-ref': [ '1.1.1' ],
100 silly audit   '@radix-ui/react-use-controllable-state': [ '1.2.2' ],
100 silly audit   '@radix-ui/react-use-effect-event': [ '0.0.2' ],
100 silly audit   '@radix-ui/react-use-escape-keydown': [ '1.1.1' ],
100 silly audit   '@radix-ui/react-use-is-hydrated': [ '0.1.0' ],
100 silly audit   '@radix-ui/react-use-layout-effect': [ '1.1.1' ],
100 silly audit   '@radix-ui/react-use-previous': [ '1.1.1' ],
100 silly audit   '@radix-ui/react-use-rect': [ '1.1.1' ],
100 silly audit   '@radix-ui/react-use-size': [ '1.1.1' ],
100 silly audit   '@radix-ui/react-visually-hidden': [ '1.2.3' ],
100 silly audit   '@radix-ui/rect': [ '1.1.1' ],
100 silly audit   '@rtsao/scc': [ '1.1.0' ],
100 silly audit   '@rushstack/eslint-patch': [ '1.16.1' ],
100 silly audit   '@supabase/auth-js': [ '2.105.3' ],
100 silly audit   '@supabase/functions-js': [ '2.105.3' ],
100 silly audit   '@supabase/phoenix': [ '0.4.1' ],
100 silly audit   '@supabase/postgrest-js': [ '2.105.3' ],
100 silly audit   '@supabase/realtime-js': [ '2.105.3' ],
100 silly audit   '@supabase/storage-js': [ '2.105.3' ],
100 silly audit   '@supabase/supabase-js': [ '2.105.3' ],
100 silly audit   '@swc/helpers': [ '0.5.15' ],
100 silly audit   '@tybys/wasm-util': [ '0.10.2' ],
100 silly audit   '@types/d3-array': [ '3.2.2' ],
100 silly audit   '@types/d3-color': [ '3.1.3' ],
100 silly audit   '@types/d3-ease': [ '3.0.2' ],
100 silly audit   '@types/d3-interpolate': [ '3.0.4' ],
100 silly audit   '@types/d3-path': [ '3.1.1' ],
100 silly audit   '@types/d3-scale': [ '4.0.9' ],
100 silly audit   '@types/d3-shape': [ '3.1.8' ],
100 silly audit   '@types/d3-time': [ '3.0.4' ],
100 silly audit   '@types/d3-timer': [ '3.0.2' ],
100 silly audit   '@types/estree': [ '1.0.9' ],
100 silly audit   '@types/json-schema': [ '7.0.15' ],
100 silly audit   '@types/json5': [ '0.0.29' ],
100 silly audit   '@types/node': [ '22.19.17' ],
100 silly audit   '@types/react': [ '19.2.14' ],
100 silly audit   '@types/react-dom': [ '19.2.3' ],
100 silly audit   '@types/ws': [ '8.18.1' ],
100 silly audit   '@typescript-eslint/eslint-plugin': [ '8.59.2' ],
100 silly audit   ignore: [ '7.0.5', '5.3.2' ],
100 silly audit   '@typescript-eslint/parser': [ '8.59.2' ],
100 silly audit   '@typescript-eslint/project-service': [ '8.59.2' ],
100 silly audit   '@typescript-eslint/scope-manager': [ '8.59.2' ],
100 silly audit   '@typescript-eslint/tsconfig-utils': [ '8.59.2' ],
100 silly audit   '@typescript-eslint/type-utils': [ '8.59.2' ],
100 silly audit   '@typescript-eslint/types': [ '8.59.2' ],
100 silly audit   '@typescript-eslint/typescript-estree': [ '8.59.2' ],
100 silly audit   'balanced-match': [ '4.0.4', '1.0.2' ],
100 silly audit   'brace-expansion': [ '5.0.5', '1.1.14' ],
100 silly audit   minimatch: [ '10.2.5', '3.1.5' ],
100 silly audit   '@typescript-eslint/utils': [ '8.59.2' ],
100 silly audit   '@typescript-eslint/visitor-keys': [ '8.59.2' ],
100 silly audit   '@unrs/resolver-binding-android-arm-eabi': [ '1.11.1' ],
100 silly audit   '@unrs/resolver-binding-android-arm64': [ '1.11.1' ],
100 silly audit   '@unrs/resolver-binding-darwin-arm64': [ '1.11.1' ],
100 silly audit   '@unrs/resolver-binding-darwin-x64': [ '1.11.1' ],
100 silly audit   '@unrs/resolver-binding-freebsd-x64': [ '1.11.1' ],
100 silly audit   '@unrs/resolver-binding-linux-arm-gnueabihf': [ '1.11.1' ],
100 silly audit   '@unrs/resolver-binding-linux-arm-musleabihf': [ '1.11.1' ],
100 silly audit   '@unrs/resolver-binding-linux-arm64-gnu': [ '1.11.1' ],
100 silly audit   '@unrs/resolver-binding-linux-arm64-musl': [ '1.11.1' ],
100 silly audit   '@unrs/resolver-binding-linux-ppc64-gnu': [ '1.11.1' ],
100 silly audit   '@unrs/resolver-binding-linux-riscv64-gnu': [ '1.11.1' ],
100 silly audit   '@unrs/resolver-binding-linux-riscv64-musl': [ '1.11.1' ],
100 silly audit   '@unrs/resolver-binding-linux-s390x-gnu': [ '1.11.1' ],
100 silly audit   '@unrs/resolver-binding-linux-x64-gnu': [ '1.11.1' ],
100 silly audit   '@unrs/resolver-binding-linux-x64-musl': [ '1.11.1' ],
100 silly audit   '@unrs/resolver-binding-wasm32-wasi': [ '1.11.1' ],
100 silly audit   '@unrs/resolver-binding-win32-arm64-msvc': [ '1.11.1' ],
100 silly audit   '@unrs/resolver-binding-win32-ia32-msvc': [ '1.11.1' ],
100 silly audit   '@unrs/resolver-binding-win32-x64-msvc': [ '1.11.1' ],
100 silly audit   acorn: [ '8.16.0' ],
100 silly audit   'acorn-jsx': [ '5.3.2' ],
100 silly audit   ajv: [ '6.15.0' ],
100 silly audit   'ansi-styles': [ '4.3.0' ],
100 silly audit   'any-promise': [ '1.3.0' ],
100 silly audit   anymatch: [ '3.1.3' ],
100 silly audit   arg: [ '5.0.2' ],
100 silly audit   argparse: [ '2.0.1' ],
100 silly audit   'aria-hidden': [ '1.2.6' ],
100 silly audit   'aria-query': [ '5.3.2' ],
100 silly audit   'array-buffer-byte-length': [ '1.0.2' ],
100 silly audit   'array-includes': [ '3.1.9' ],
100 silly audit   'array.prototype.findlast': [ '1.2.5' ],
100 silly audit   'array.prototype.findlastindex': [ '1.2.6' ],
100 silly audit   'array.prototype.flat': [ '1.3.3' ],
100 silly audit   'array.prototype.flatmap': [ '1.3.3' ],
100 silly audit   'array.prototype.tosorted': [ '1.1.4' ],
100 silly audit   'arraybuffer.prototype.slice': [ '1.0.4' ],
100 silly audit   'ast-types-flow': [ '0.0.8' ],
100 silly audit   'async-function': [ '1.0.0' ],
100 silly audit   autoprefixer: [ '10.5.0' ],
100 silly audit   'available-typed-arrays': [ '1.0.7' ],
100 silly audit   'axe-core': [ '4.11.4' ],
100 silly audit   'axobject-query': [ '4.1.0' ],
100 silly audit   'baseline-browser-mapping': [ '2.10.27' ],
100 silly audit   'binary-extensions': [ '2.3.0' ],
100 silly audit   braces: [ '3.0.3' ],
100 silly audit   browserslist: [ '4.28.2' ],
100 silly audit   'call-bind': [ '1.0.9' ],
100 silly audit   'call-bind-apply-helpers': [ '1.0.2' ],
100 silly audit   'call-bound': [ '1.0.4' ],
100 silly audit   callsites: [ '3.1.0' ],
100 silly audit   'camelcase-css': [ '2.0.1' ],
100 silly audit   'caniuse-lite': [ '1.0.30001792' ],
100 silly audit   chalk: [ '4.1.2' ],
100 silly audit   chokidar: [ '3.6.0' ],
100 silly audit   'glob-parent': [ '5.1.2', '6.0.2' ],
100 silly audit   'class-variance-authority': [ '0.7.1' ],
100 silly audit   'client-only': [ '0.0.1' ],
100 silly audit   clsx: [ '2.1.1' ],
100 silly audit   'color-convert': [ '2.0.1' ],
100 silly audit   'color-name': [ '1.1.4' ],
100 silly audit   commander: [ '4.1.1' ],
100 silly audit   'concat-map': [ '0.0.1' ],
100 silly audit   'cross-spawn': [ '7.0.6' ],
100 silly audit   cssesc: [ '3.0.0' ],
100 silly audit   csstype: [ '3.2.3' ],
100 silly audit   'd3-array': [ '3.2.4' ],
100 silly audit   'd3-color': [ '3.1.0' ],
100 silly audit   'd3-ease': [ '3.0.1' ],
100 silly audit   'd3-format': [ '3.1.2' ],
100 silly audit   'd3-interpolate': [ '3.0.1' ],
100 silly audit   'd3-path': [ '3.1.0' ],
100 silly audit   'd3-scale': [ '4.0.2' ],
100 silly audit   'd3-shape': [ '3.2.0' ],
100 silly audit   'd3-time': [ '3.1.0' ],
100 silly audit   'd3-time-format': [ '4.1.0' ],
100 silly audit   'd3-timer': [ '3.0.1' ],
100 silly audit   'damerau-levenshtein': [ '1.0.8' ],
100 silly audit   'data-view-buffer': [ '1.0.2' ],
100 silly audit   'data-view-byte-length': [ '1.0.2' ],
100 silly audit   'data-view-byte-offset': [ '1.0.1' ],
100 silly audit   'date-fns': [ '4.1.0' ],
100 silly audit   debug: [ '4.4.3', '3.2.7' ],
100 silly audit   'decimal.js-light': [ '2.5.1' ],
100 silly audit   'deep-is': [ '0.1.4' ],
100 silly audit   'define-data-property': [ '1.1.4' ],
100 silly audit   'define-properties': [ '1.2.1' ],
100 silly audit   'detect-libc': [ '2.1.2' ],
100 silly audit   'detect-node-es': [ '1.1.0' ],
100 silly audit   didyoumean: [ '1.2.2' ],
100 silly audit   dlv: [ '1.1.3' ],
100 silly audit   doctrine: [ '2.1.0' ],
100 silly audit   'dom-helpers': [ '5.2.1' ],
100 silly audit   'dunder-proto': [ '1.0.1' ],
100 silly audit   'electron-to-chromium': [ '1.5.352' ],
100 silly audit   'emoji-regex': [ '9.2.2' ],
100 silly audit   'es-abstract': [ '1.24.2' ],
100 silly audit   'es-define-property': [ '1.0.1' ],
100 silly audit   'es-errors': [ '1.3.0' ],
100 silly audit   'es-iterator-helpers': [ '1.3.2' ],
100 silly audit   'es-object-atoms': [ '1.1.1' ],
100 silly audit   'es-set-tostringtag': [ '2.1.0' ],
100 silly audit   'es-shim-unscopables': [ '1.1.0' ],
100 silly audit   'es-to-primitive': [ '1.3.0' ],
100 silly audit   escalade: [ '3.2.0' ],
100 silly audit   'escape-string-regexp': [ '4.0.0' ],
100 silly audit   eslint: [ '9.39.4' ],
100 silly audit   'eslint-config-next': [ '15.3.3' ],
100 silly audit   'eslint-import-resolver-node': [ '0.3.10' ],
100 silly audit   'eslint-import-resolver-typescript': [ '3.10.1' ],
100 silly audit   'eslint-module-utils': [ '2.12.1' ],
100 silly audit   'eslint-plugin-import': [ '2.32.0' ],
100 silly audit   semver: [ '6.3.1', '7.7.4' ],
100 silly audit   'eslint-plugin-jsx-a11y': [ '6.10.2' ],
100 silly audit   'eslint-plugin-react': [ '7.37.5' ],
100 silly audit   'eslint-plugin-react-hooks': [ '5.2.0' ],
100 silly audit   'eslint-scope': [ '8.4.0' ],
100 silly audit   espree: [ '10.4.0' ],
100 silly audit   esquery: [ '1.7.0' ],
100 silly audit   esrecurse: [ '4.3.0' ],
100 silly audit   estraverse: [ '5.3.0' ],
100 silly audit   esutils: [ '2.0.3' ],
100 silly audit   eventemitter3: [ '4.0.7' ],
100 silly audit   'fast-deep-equal': [ '3.1.3' ],
100 silly audit   'fast-equals': [ '5.4.0' ],
100 silly audit   'fast-glob': [ '3.3.1', '3.3.3' ],
100 silly audit   'fast-json-stable-stringify': [ '2.1.0' ],
100 silly audit   'fast-levenshtein': [ '2.0.6' ],
100 silly audit   fastq: [ '1.20.1' ],
100 silly audit   'file-entry-cache': [ '8.0.0' ],
100 silly audit   'fill-range': [ '7.1.1' ],
100 silly audit   'find-up': [ '5.0.0' ],
100 silly audit   'flat-cache': [ '4.0.1' ],
100 silly audit   flatted: [ '3.4.2' ],
100 silly audit   'for-each': [ '0.3.5' ],
100 silly audit   'fraction.js': [ '5.3.4' ],
100 silly audit   'framer-motion': [ '12.38.0' ],
100 silly audit   fsevents: [ '2.3.3' ],
100 silly audit   'function-bind': [ '1.1.2' ],
100 silly audit   'function.prototype.name': [ '1.1.8' ],
100 silly audit   'functions-have-names': [ '1.2.3' ],
100 silly audit   'generator-function': [ '2.0.1' ],
100 silly audit   'get-intrinsic': [ '1.3.0' ],
100 silly audit   'get-nonce': [ '1.0.1' ],
100 silly audit   'get-proto': [ '1.0.1' ],
100 silly audit   'get-symbol-description': [ '1.1.0' ],
100 silly audit   'get-tsconfig': [ '4.14.0' ],
100 silly audit   globals: [ '14.0.0' ],
100 silly audit   globalthis: [ '1.0.4' ],
100 silly audit   gopd: [ '1.2.0' ],
100 silly audit   'has-bigints': [ '1.1.0' ],
100 silly audit   'has-flag': [ '4.0.0' ],
100 silly audit   'has-property-descriptors': [ '1.0.2' ],
100 silly audit   'has-proto': [ '1.2.0' ],
100 silly audit   'has-symbols': [ '1.1.0' ],
100 silly audit   'has-tostringtag': [ '1.0.2' ],
100 silly audit   hasown: [ '2.0.3' ],
100 silly audit   'iceberg-js': [ '0.8.1' ],
100 silly audit   'import-fresh': [ '3.3.1' ],
100 silly audit   imurmurhash: [ '0.1.4' ],
100 silly audit   'internal-slot': [ '1.1.0' ],
100 silly audit   internmap: [ '2.0.3' ],
100 silly audit   'is-array-buffer': [ '3.0.5' ],
100 silly audit   'is-async-function': [ '2.1.1' ],
100 silly audit   'is-bigint': [ '1.1.0' ],
100 silly audit   'is-binary-path': [ '2.1.0' ],
100 silly audit   'is-boolean-object': [ '1.2.2' ],
100 silly audit   'is-bun-module': [ '2.0.0' ],
100 silly audit   'is-callable': [ '1.2.7' ],
100 silly audit   'is-core-module': [ '2.16.2' ],
100 silly audit   'is-data-view': [ '1.0.2' ],
100 silly audit   'is-date-object': [ '1.1.0' ],
100 silly audit   'is-extglob': [ '2.1.1' ],
100 silly audit   'is-finalizationregistry': [ '1.1.1' ],
100 silly audit   'is-generator-function': [ '1.1.2' ],
100 silly audit   'is-glob': [ '4.0.3' ],
100 silly audit   'is-map': [ '2.0.3' ],
100 silly audit   'is-negative-zero': [ '2.0.3' ],
100 silly audit   'is-number': [ '7.0.0' ],
100 silly audit   'is-number-object': [ '1.1.1' ],
100 silly audit   'is-regex': [ '1.2.1' ],
100 silly audit   'is-set': [ '2.0.3' ],
100 silly audit   'is-shared-array-buffer': [ '1.0.4' ],
100 silly audit   'is-string': [ '1.1.1' ],
100 silly audit   'is-symbol': [ '1.1.1' ],
100 silly audit   'is-typed-array': [ '1.1.15' ],
100 silly audit   'is-weakmap': [ '2.0.2' ],
100 silly audit   'is-weakref': [ '1.1.1' ],
100 silly audit   'is-weakset': [ '2.0.4' ],
100 silly audit   isarray: [ '2.0.5' ],
100 silly audit   isexe: [ '2.0.0' ],
100 silly audit   'iterator.prototype': [ '1.1.5' ],
100 silly audit   jiti: [ '1.21.7' ],
100 silly audit   'js-tokens': [ '4.0.0' ],
100 silly audit   'js-yaml': [ '4.1.1' ],
100 silly audit   'json-buffer': [ '3.0.1' ],
100 silly audit   'json-schema-traverse': [ '0.4.1' ],
100 silly audit   'json-stable-stringify-without-jsonify': [ '1.0.1' ],
100 silly audit   json5: [ '1.0.2' ],
100 silly audit   'jsx-ast-utils': [ '3.3.5' ],
100 silly audit   keyv: [ '4.5.4' ],
100 silly audit   'language-subtag-registry': [ '0.3.23' ],
100 silly audit   'language-tags': [ '1.0.9' ],
100 silly audit   levn: [ '0.4.1' ],
100 silly audit   lilconfig: [ '3.1.3' ],
100 silly audit   'lines-and-columns': [ '1.2.4' ],
100 silly audit   'locate-path': [ '6.0.0' ],
100 silly audit   lodash: [ '4.18.1' ],
100 silly audit   'lodash.merge': [ '4.6.2' ],
100 silly audit   'loose-envify': [ '1.4.0' ],
100 silly audit   'lucide-react': [ '0.475.0' ],
100 silly audit   'math-intrinsics': [ '1.1.0' ],
100 silly audit   merge2: [ '1.4.1' ],
100 silly audit   micromatch: [ '4.0.8' ],
100 silly audit   minimist: [ '1.2.8' ],
100 silly audit   'motion-dom': [ '12.38.0' ],
100 silly audit   'motion-utils': [ '12.36.0' ],
100 silly audit   ms: [ '2.1.3' ],
100 silly audit   mz: [ '2.7.0' ],
100 silly audit   nanoid: [ '3.3.12' ],
100 silly audit   'napi-postinstall': [ '0.3.4' ],
100 silly audit   'natural-compare': [ '1.4.0' ],
100 silly audit   postcss: [ '8.5.14', '8.4.31' ],
100 silly audit   'node-exports-info': [ '1.6.0' ],
100 silly audit   'node-releases': [ '2.0.38' ],
100 silly audit   'normalize-path': [ '3.0.0' ],
100 silly audit   'object-assign': [ '4.1.1' ],
100 silly audit   'object-hash': [ '3.0.0' ],
100 silly audit   'object-inspect': [ '1.13.4' ],
100 silly audit   'object-keys': [ '1.1.1' ],
100 silly audit   'object.assign': [ '4.1.7' ],
100 silly audit   'object.entries': [ '1.1.9' ],
100 silly audit   'object.fromentries': [ '2.0.8' ],
100 silly audit   'object.groupby': [ '1.0.3' ],
100 silly audit   'object.values': [ '1.2.1' ],
100 silly audit   optionator: [ '0.9.4' ],
100 silly audit   'own-keys': [ '1.0.1' ],
100 silly audit   'p-limit': [ '3.1.0' ],
100 silly audit   'p-locate': [ '5.0.0' ],
100 silly audit   'parent-module': [ '1.0.1' ],
100 silly audit   'path-exists': [ '4.0.0' ],
100 silly audit   'path-key': [ '3.1.1' ],
100 silly audit   'path-parse': [ '1.0.7' ],
100 silly audit   picocolors: [ '1.1.1' ],
100 silly audit   picomatch: [ '2.3.2', '4.0.4' ],
100 silly audit   pify: [ '2.3.0' ],
100 silly audit   pirates: [ '4.0.7' ],
100 silly audit   'possible-typed-array-names': [ '1.1.0' ],
100 silly audit   'postcss-import': [ '15.1.0' ],
100 silly audit   resolve: [ '1.22.12', '2.0.0-next.6' ],
100 silly audit   'postcss-js': [ '4.1.0' ],
100 silly audit   'postcss-load-config': [ '6.0.1' ],
100 silly audit   'postcss-nested': [ '6.2.0' ],
100 silly audit   'postcss-selector-parser': [ '6.1.2' ],
100 silly audit   'postcss-value-parser': [ '4.2.0' ],
100 silly audit   'prelude-ls': [ '1.2.1' ],
100 silly audit   'prop-types': [ '15.8.1' ],
100 silly audit   punycode: [ '2.3.1' ],
100 silly audit   'queue-microtask': [ '1.2.3' ],
100 silly audit   react: [ '19.2.6' ],
100 silly audit   'react-dom': [ '19.2.6' ],
100 silly audit   'react-is': [ '16.13.1', '18.3.1' ],
100 silly audit   'react-remove-scroll': [ '2.7.2' ],
100 silly audit   'react-remove-scroll-bar': [ '2.3.8' ],
100 silly audit   'react-smooth': [ '4.0.4' ],
100 silly audit   'react-style-singleton': [ '2.2.3' ],
100 silly audit   'react-transition-group': [ '4.4.5' ],
100 silly audit   'read-cache': [ '1.0.0' ],
100 silly audit   readdirp: [ '3.6.0' ],
100 silly audit   recharts: [ '2.15.4' ],
100 silly audit   'recharts-scale': [ '0.4.5' ],
100 silly audit   'reflect.getprototypeof': [ '1.0.10' ],
100 silly audit   'regexp.prototype.flags': [ '1.5.4' ],
100 silly audit   'resolve-from': [ '4.0.0' ],
100 silly audit   'resolve-pkg-maps': [ '1.0.0' ],
100 silly audit   reusify: [ '1.1.0' ],
100 silly audit   'run-parallel': [ '1.2.0' ],
100 silly audit   'safe-array-concat': [ '1.1.4' ],
100 silly audit   'safe-push-apply': [ '1.0.0' ],
100 silly audit   'safe-regex-test': [ '1.1.0' ],
100 silly audit   scheduler: [ '0.27.0' ],
100 silly audit   'set-function-length': [ '1.2.2' ],
100 silly audit   'set-function-name': [ '2.0.2' ],
100 silly audit   'set-proto': [ '1.0.0' ],
100 silly audit   sharp: [ '0.34.5' ],
100 silly audit   'shebang-command': [ '2.0.0' ],
100 silly audit   'shebang-regex': [ '3.0.0' ],
100 silly audit   'side-channel': [ '1.1.0' ],
100 silly audit   'side-channel-list': [ '1.0.1' ],
100 silly audit   'side-channel-map': [ '1.0.1' ],
100 silly audit   'side-channel-weakmap': [ '1.0.2' ],
100 silly audit   'source-map-js': [ '1.2.1' ],
100 silly audit   'stable-hash': [ '0.0.5' ],
100 silly audit   'stop-iteration-iterator': [ '1.1.0' ],
100 silly audit   'string.prototype.includes': [ '2.0.1' ],
100 silly audit   'string.prototype.matchall': [ '4.0.12' ],
100 silly audit   'string.prototype.repeat': [ '1.0.0' ],
100 silly audit   'string.prototype.trim': [ '1.2.10' ],
100 silly audit   'string.prototype.trimend': [ '1.0.9' ],
100 silly audit   'string.prototype.trimstart': [ '1.0.8' ],
100 silly audit   'strip-bom': [ '3.0.0' ],
100 silly audit   'strip-json-comments': [ '3.1.1' ],
100 silly audit   'styled-jsx': [ '5.1.6' ],
100 silly audit   sucrase: [ '3.35.1' ],
100 silly audit   'supports-color': [ '7.2.0' ],
100 silly audit   'supports-preserve-symlinks-flag': [ '1.0.0' ],
100 silly audit   'tailwind-merge': [ '3.5.0' ],
100 silly audit   tailwindcss: [ '3.4.19' ],
100 silly audit   'tailwindcss-animate': [ '1.0.7' ],
100 silly audit   thenify: [ '3.3.1' ],
100 silly audit   'thenify-all': [ '1.6.0' ],
100 silly audit   'tiny-invariant': [ '1.3.3' ],
100 silly audit   tinyglobby: [ '0.2.16' ],
100 silly audit   fdir: [ '6.5.0' ],
100 silly audit   'to-regex-range': [ '5.0.1' ],
100 silly audit   'ts-api-utils': [ '2.5.0' ],
100 silly audit   'ts-interface-checker': [ '0.1.13' ],
100 silly audit   'tsconfig-paths': [ '3.15.0' ],
100 silly audit   tslib: [ '2.8.1' ],
100 silly audit   'type-check': [ '0.4.0' ],
100 silly audit   'typed-array-buffer': [ '1.0.3' ],
100 silly audit   'typed-array-byte-length': [ '1.0.3' ],
100 silly audit   'typed-array-byte-offset': [ '1.0.4' ],
100 silly audit   'typed-array-length': [ '1.0.7' ],
100 silly audit   typescript: [ '5.9.3' ],
100 silly audit   'unbox-primitive': [ '1.1.0' ],
100 silly audit   'undici-types': [ '6.21.0' ],
100 silly audit   'unrs-resolver': [ '1.11.1' ],
100 silly audit   'update-browserslist-db': [ '1.2.3' ],
100 silly audit   'uri-js': [ '4.4.1' ],
100 silly audit   'use-callback-ref': [ '1.3.3' ],
100 silly audit   'use-sidecar': [ '1.1.3' ],
100 silly audit   'use-sync-external-store': [ '1.6.0' ],
100 silly audit   'util-deprecate': [ '1.0.2' ],
100 silly audit   'victory-vendor': [ '36.9.2' ],
100 silly audit   which: [ '2.0.2' ],
100 silly audit   'which-boxed-primitive': [ '1.1.1' ],
100 silly audit   'which-builtin-type': [ '1.2.1' ],
100 silly audit   'which-collection': [ '1.0.2' ],
100 silly audit   'which-typed-array': [ '1.1.20' ],
100 silly audit   'word-wrap': [ '1.2.5' ],
100 silly audit   ws: [ '8.20.0' ],
100 silly audit   'yocto-queue': [ '0.1.0' ],
100 silly audit   next: [ '16.2.6' ],
100 silly audit   '@next/env': [ '16.2.6' ],
100 silly audit   '@next/swc-darwin-arm64': [ '16.2.6' ],
100 silly audit   '@next/swc-darwin-x64': [ '16.2.6' ],
100 silly audit   '@next/swc-linux-arm64-gnu': [ '16.2.6' ],
100 silly audit   '@next/swc-linux-arm64-musl': [ '16.2.6' ],
100 silly audit   '@next/swc-linux-x64-gnu': [ '16.2.6' ],
100 silly audit   '@next/swc-linux-x64-musl': [ '16.2.6' ],
100 silly audit   '@next/swc-win32-arm64-msvc': [ '16.2.6' ],
100 silly audit   '@next/swc-win32-x64-msvc': [ '16.2.6' ]
100 silly audit }
101 verbose reify failed optional dependency /home/user/node_modules/@next/swc-win32-x64-msvc
102 silly reify mark deleted [ '/home/user/node_modules/@next/swc-win32-x64-msvc' ]
103 verbose reify failed optional dependency /home/user/node_modules/@next/swc-win32-arm64-msvc
104 silly reify mark deleted [ '/home/user/node_modules/@next/swc-win32-arm64-msvc' ]
105 verbose reify failed optional dependency /home/user/node_modules/@next/swc-linux-arm64-musl
106 silly reify mark deleted [ '/home/user/node_modules/@next/swc-linux-arm64-musl' ]
107 verbose reify failed optional dependency /home/user/node_modules/@next/swc-linux-arm64-gnu
108 silly reify mark deleted [ '/home/user/node_modules/@next/swc-linux-arm64-gnu' ]
109 verbose reify failed optional dependency /home/user/node_modules/@next/swc-darwin-x64
110 silly reify mark deleted [ '/home/user/node_modules/@next/swc-darwin-x64' ]
111 verbose reify failed optional dependency /home/user/node_modules/@next/swc-darwin-arm64
112 silly reify mark deleted [ '/home/user/node_modules/@next/swc-darwin-arm64' ]
113 verbose reify failed optional dependency /home/user/node_modules/fsevents
114 silly reify mark deleted [ '/home/user/node_modules/fsevents' ]
115 verbose reify failed optional dependency /home/user/node_modules/@unrs/resolver-binding-win32-x64-msvc
116 silly reify mark deleted [ '/home/user/node_modules/@unrs/resolver-binding-win32-x64-msvc' ]
117 verbose reify failed optional dependency /home/user/node_modules/@unrs/resolver-binding-win32-ia32-msvc
118 silly reify mark deleted [ '/home/user/node_modules/@unrs/resolver-binding-win32-ia32-msvc' ]
119 verbose reify failed optional dependency /home/user/node_modules/@unrs/resolver-binding-win32-arm64-msvc
120 silly reify mark deleted [ '/home/user/node_modules/@unrs/resolver-binding-win32-arm64-msvc' ]
121 verbose reify failed optional dependency /home/user/node_modules/@unrs/resolver-binding-wasm32-wasi
122 silly reify mark deleted [ '/home/user/node_modules/@unrs/resolver-binding-wasm32-wasi' ]
123 verbose reify failed optional dependency /home/user/node_modules/@napi-rs/wasm-runtime
124 silly reify mark deleted [ '/home/user/node_modules/@napi-rs/wasm-runtime' ]
125 verbose reify failed optional dependency /home/user/node_modules/@emnapi/core
126 silly reify mark deleted [ '/home/user/node_modules/@emnapi/core' ]
127 verbose reify failed optional dependency /home/user/node_modules/@tybys/wasm-util
128 silly reify mark deleted [ '/home/user/node_modules/@tybys/wasm-util' ]
129 verbose reify failed optional dependency /home/user/node_modules/@emnapi/wasi-threads
130 silly reify mark deleted [ '/home/user/node_modules/@emnapi/wasi-threads' ]
131 verbose reify failed optional dependency /home/user/node_modules/@unrs/resolver-binding-linux-s390x-gnu
132 silly reify mark deleted [ '/home/user/node_modules/@unrs/resolver-binding-linux-s390x-gnu' ]
133 verbose reify failed optional dependency /home/user/node_modules/@unrs/resolver-binding-linux-riscv64-musl
134 silly reify mark deleted [ '/home/user/node_modules/@unrs/resolver-binding-linux-riscv64-musl' ]
135 verbose reify failed optional dependency /home/user/node_modules/@unrs/resolver-binding-linux-riscv64-gnu
136 silly reify mark deleted [ '/home/user/node_modules/@unrs/resolver-binding-linux-riscv64-gnu' ]
137 verbose reify failed optional dependency /home/user/node_modules/@unrs/resolver-binding-linux-ppc64-gnu
138 silly reify mark deleted [ '/home/user/node_modules/@unrs/resolver-binding-linux-ppc64-gnu' ]
139 verbose reify failed optional dependency /home/user/node_modules/@unrs/resolver-binding-linux-arm64-musl
140 silly reify mark deleted [ '/home/user/node_modules/@unrs/resolver-binding-linux-arm64-musl' ]
141 verbose reify failed optional dependency /home/user/node_modules/@unrs/resolver-binding-linux-arm64-gnu
142 silly reify mark deleted [ '/home/user/node_modules/@unrs/resolver-binding-linux-arm64-gnu' ]
143 verbose reify failed optional dependency /home/user/node_modules/@unrs/resolver-binding-linux-arm-musleabihf
144 silly reify mark deleted [
144 silly reify   '/home/user/node_modules/@unrs/resolver-binding-linux-arm-musleabihf'
144 silly reify ]
145 verbose reify failed optional dependency /home/user/node_modules/@unrs/resolver-binding-linux-arm-gnueabihf
146 silly reify mark deleted [
146 silly reify   '/home/user/node_modules/@unrs/resolver-binding-linux-arm-gnueabihf'
146 silly reify ]
147 verbose reify failed optional dependency /home/user/node_modules/@unrs/resolver-binding-freebsd-x64
148 silly reify mark deleted [ '/home/user/node_modules/@unrs/resolver-binding-freebsd-x64' ]
149 verbose reify failed optional dependency /home/user/node_modules/@unrs/resolver-binding-darwin-x64
150 silly reify mark deleted [ '/home/user/node_modules/@unrs/resolver-binding-darwin-x64' ]
151 verbose reify failed optional dependency /home/user/node_modules/@unrs/resolver-binding-darwin-arm64
152 silly reify mark deleted [ '/home/user/node_modules/@unrs/resolver-binding-darwin-arm64' ]
153 verbose reify failed optional dependency /home/user/node_modules/@unrs/resolver-binding-android-arm64
154 silly reify mark deleted [ '/home/user/node_modules/@unrs/resolver-binding-android-arm64' ]
155 verbose reify failed optional dependency /home/user/node_modules/@unrs/resolver-binding-android-arm-eabi
156 silly reify mark deleted [ '/home/user/node_modules/@unrs/resolver-binding-android-arm-eabi' ]
157 verbose reify failed optional dependency /home/user/node_modules/@img/sharp-win32-x64
158 silly reify mark deleted [ '/home/user/node_modules/@img/sharp-win32-x64' ]
159 verbose reify failed optional dependency /home/user/node_modules/@img/sharp-win32-ia32
160 silly reify mark deleted [ '/home/user/node_modules/@img/sharp-win32-ia32' ]
161 verbose reify failed optional dependency /home/user/node_modules/@img/sharp-win32-arm64
162 silly reify mark deleted [ '/home/user/node_modules/@img/sharp-win32-arm64' ]
163 verbose reify failed optional dependency /home/user/node_modules/@img/sharp-wasm32
164 silly reify mark deleted [ '/home/user/node_modules/@img/sharp-wasm32' ]
165 verbose reify failed optional dependency /home/user/node_modules/@img/sharp-linuxmusl-arm64
166 silly reify mark deleted [ '/home/user/node_modules/@img/sharp-linuxmusl-arm64' ]
167 verbose reify failed optional dependency /home/user/node_modules/@img/sharp-linux-s390x
168 silly reify mark deleted [ '/home/user/node_modules/@img/sharp-linux-s390x' ]
169 verbose reify failed optional dependency /home/user/node_modules/@img/sharp-linux-riscv64
170 silly reify mark deleted [ '/home/user/node_modules/@img/sharp-linux-riscv64' ]
171 verbose reify failed optional dependency /home/user/node_modules/@img/sharp-linux-ppc64
172 silly reify mark deleted [ '/home/user/node_modules/@img/sharp-linux-ppc64' ]
173 verbose reify failed optional dependency /home/user/node_modules/@img/sharp-linux-arm64
174 silly reify mark deleted [ '/home/user/node_modules/@img/sharp-linux-arm64' ]
175 verbose reify failed optional dependency /home/user/node_modules/@img/sharp-linux-arm
176 silly reify mark deleted [ '/home/user/node_modules/@img/sharp-linux-arm' ]
177 verbose reify failed optional dependency /home/user/node_modules/@img/sharp-libvips-linuxmusl-arm64
178 silly reify mark deleted [ '/home/user/node_modules/@img/sharp-libvips-linuxmusl-arm64' ]
179 verbose reify failed optional dependency /home/user/node_modules/@img/sharp-libvips-linux-s390x
180 silly reify mark deleted [ '/home/user/node_modules/@img/sharp-libvips-linux-s390x' ]
181 verbose reify failed optional dependency /home/user/node_modules/@img/sharp-libvips-linux-riscv64
182 silly reify mark deleted [ '/home/user/node_modules/@img/sharp-libvips-linux-riscv64' ]
183 verbose reify failed optional dependency /home/user/node_modules/@img/sharp-libvips-linux-ppc64
184 silly reify mark deleted [ '/home/user/node_modules/@img/sharp-libvips-linux-ppc64' ]
185 verbose reify failed optional dependency /home/user/node_modules/@img/sharp-libvips-linux-arm64
186 silly reify mark deleted [ '/home/user/node_modules/@img/sharp-libvips-linux-arm64' ]
187 verbose reify failed optional dependency /home/user/node_modules/@img/sharp-libvips-linux-arm
188 silly reify mark deleted [ '/home/user/node_modules/@img/sharp-libvips-linux-arm' ]
189 verbose reify failed optional dependency /home/user/node_modules/@img/sharp-libvips-darwin-x64
190 silly reify mark deleted [ '/home/user/node_modules/@img/sharp-libvips-darwin-x64' ]
191 verbose reify failed optional dependency /home/user/node_modules/@img/sharp-libvips-darwin-arm64
192 silly reify mark deleted [ '/home/user/node_modules/@img/sharp-libvips-darwin-arm64' ]
193 verbose reify failed optional dependency /home/user/node_modules/@img/sharp-darwin-x64
194 silly reify mark deleted [ '/home/user/node_modules/@img/sharp-darwin-x64' ]
195 verbose reify failed optional dependency /home/user/node_modules/@img/sharp-darwin-arm64
196 silly reify mark deleted [ '/home/user/node_modules/@img/sharp-darwin-arm64' ]
197 verbose reify failed optional dependency /home/user/node_modules/@next/swc-linux-x64-musl
198 silly reify mark deleted [ '/home/user/node_modules/@next/swc-linux-x64-musl' ]
199 silly tarball no local data for @next/swc-linux-x64-gnu@https://registry.npmjs.org/@next/swc-linux-x64-gnu/-/swc-linux-x64-gnu-16.2.6.tgz. Extracting by manifest.
200 silly tarball no local data for @next/env@https://registry.npmjs.org/@next/env/-/env-16.2.6.tgz. Extracting by manifest.
201 silly tarball no local data for next@https://registry.npmjs.org/next/-/next-16.2.6.tgz. Extracting by manifest.
202 http fetch POST 200 https://registry.npmjs.org/-/npm/v1/security/advisories/bulk 198ms
203 silly audit report {
203 silly audit report   postcss: [
203 silly audit report     {
203 silly audit report       id: 1117015,
203 silly audit report       url: 'https://github.com/advisories/GHSA-qx2v-qp2m-jg93',
203 silly audit report       title: 'PostCSS has XSS via Unescaped </style> in its CSS Stringify Output',
203 silly audit report       severity: 'moderate',
203 silly audit report       vulnerable_versions: '<8.5.10',
203 silly audit report       cwe: [Array],
203 silly audit report       cvss: [Object]
203 silly audit report     }
203 silly audit report   ]
203 silly audit report }
204 silly packumentCache corgi:https://registry.npmjs.org/postcss cache-miss
205 http fetch GET 200 https://registry.npmjs.org/@next/env/-/env-16.2.6.tgz 130ms (cache miss)
206 http fetch GET 200 https://registry.npmjs.org/postcss 167ms (cache revalidated)
207 silly packumentCache corgi:https://registry.npmjs.org/postcss set size:343873 disposed:false
208 silly packumentCache corgi:https://registry.npmjs.org/next cache-miss
209 http fetch GET 200 https://registry.npmjs.org/next 190ms (cache hit)
210 silly packumentCache corgi:https://registry.npmjs.org/next set size:24929605 disposed:false
211 http fetch GET 200 https://registry.npmjs.org/@next/swc-linux-x64-gnu/-/swc-linux-x64-gnu-16.2.6.tgz 3689ms (cache miss)
212 http fetch GET 200 https://registry.npmjs.org/next/-/next-16.2.6.tgz 6224ms (cache miss)
213 silly ADD
214 silly ADD
215 silly ADD
216 silly ADD
217 silly ADD
218 silly ADD
219 silly ADD
220 silly ADD
221 silly ADD
222 silly ADD
223 silly ADD
224 silly ADD
225 silly ADD
226 silly ADD
227 silly ADD
228 silly ADD
229 silly ADD
230 silly ADD
231 silly ADD
232 silly ADD
233 silly ADD
234 silly ADD
235 silly ADD
236 silly ADD
237 silly ADD
238 silly ADD
239 silly ADD
240 silly ADD
241 silly ADD
242 silly ADD
243 silly ADD
244 silly ADD
245 silly ADD
246 silly ADD
247 silly ADD
248 silly ADD
249 silly ADD
250 silly ADD
251 silly ADD
252 silly ADD
253 silly ADD
254 silly ADD
255 silly ADD
256 silly ADD
257 silly ADD
258 silly ADD
259 silly ADD
260 silly ADD
261 silly REMOVE node_modules/streamsearch
262 silly CHANGE node_modules/next
263 silly REMOVE node_modules/busboy
264 silly REMOVE node_modules/@swc/counter
265 silly CHANGE node_modules/@next/swc-linux-x64-musl
266 silly CHANGE node_modules/@next/swc-linux-x64-gnu
267 silly CHANGE node_modules/@next/env
268 verbose cwd /home/user
269 verbose os Linux 6.1.158
270 verbose node v20.18.1
271 verbose npm  v10.8.2
272 verbose exit 0
273 info ok
