0 verbose cli /usr/local/bin/node /usr/local/bin/npm
1 info using npm@10.8.2
2 info using node@v20.18.1
3 silly config load:file:/usr/local/lib/node_modules/npm/npmrc
4 silly config load:file:/home/user/.npmrc
5 silly config load:file:/usr/local/etc/npmrc
6 verbose title npm install @radix-ui/react-slider
7 verbose argv "install" "@radix-ui/react-slider"
8 verbose logfile logs-max:10 dir:/home/user/.npm/_logs/2026-05-07T23_26_45_716Z-
9 verbose logfile /home/user/.npm/_logs/2026-05-07T23_26_45_716Z-debug-0.log
10 silly packumentCache heap:2197815296 maxSize:549453824 maxEntrySize:274726912
11 silly logfile start cleaning logs, removing 1 files
12 silly logfile done cleaning log files
13 silly idealTree buildDeps
14 silly fetch manifest @radix-ui/react-slider@*
15 silly packumentCache full:https://registry.npmjs.org/@radix-ui%2freact-slider cache-miss
16 http fetch GET 200 https://registry.npmjs.org/@radix-ui%2freact-slider 274ms (cache revalidated)
17 silly packumentCache full:https://registry.npmjs.org/@radix-ui%2freact-slider set size:816874 disposed:false
18 silly fetch manifest @types/react@^19
19 silly packumentCache full:https://registry.npmjs.org/@types%2freact cache-miss
20 http fetch GET 200 https://registry.npmjs.org/@types%2freact 127ms (cache revalidated)
21 silly packumentCache full:https://registry.npmjs.org/@types%2freact set size:2588964 disposed:false
22 silly fetch manifest @types/react-dom@^19
23 silly packumentCache full:https://registry.npmjs.org/@types%2freact-dom cache-miss
24 http fetch GET 200 https://registry.npmjs.org/@types%2freact-dom 98ms (cache revalidated)
25 silly packumentCache full:https://registry.npmjs.org/@types%2freact-dom set size:429026 disposed:false
26 silly fetch manifest react@^19
27 silly packumentCache full:https://registry.npmjs.org/react cache-miss
28 http fetch GET 200 https://registry.npmjs.org/react 59ms (cache revalidated)
29 silly packumentCache full:https://registry.npmjs.org/react set size:6646698 disposed:false
30 silly fetch manifest react-dom@^19
31 silly packumentCache full:https://registry.npmjs.org/react-dom cache-miss
32 http fetch GET 200 https://registry.npmjs.org/react-dom 58ms (cache revalidated)
33 silly packumentCache full:https://registry.npmjs.org/react-dom set size:8862063 disposed:false
34 silly placeDep ROOT @radix-ui/react-slider@1.3.6 OK for: nextjs-app@0.1.0 want: *
35 silly fetch manifest @radix-ui/react-context@1.1.2
36 silly packumentCache full:https://registry.npmjs.org/@radix-ui%2freact-context cache-miss
37 silly fetch manifest @radix-ui/react-primitive@2.1.3
38 silly packumentCache full:https://registry.npmjs.org/@radix-ui%2freact-primitive cache-miss
39 http fetch GET 200 https://registry.npmjs.org/@radix-ui%2freact-context 71ms (cache revalidated)
40 silly packumentCache full:https://registry.npmjs.org/@radix-ui%2freact-context set size:266557 disposed:false
41 http fetch GET 200 https://registry.npmjs.org/@radix-ui%2freact-primitive 97ms (cache revalidated)
42 silly packumentCache full:https://registry.npmjs.org/@radix-ui%2freact-primitive set size:595809 disposed:false
43 silly fetch manifest @types/react@*
44 silly packumentCache full:https://registry.npmjs.org/@types%2freact cache-miss
45 http fetch GET 200 https://registry.npmjs.org/@types%2freact 9ms (cache hit)
46 silly packumentCache full:https://registry.npmjs.org/@types%2freact set size:2588964 disposed:false
47 silly fetch manifest react@^16.8 || ^17.0 || ^18.0 || ^19.0 || ^19.0.0-rc
48 silly packumentCache full:https://registry.npmjs.org/react cache-miss
49 http fetch GET 200 https://registry.npmjs.org/react 19ms (cache hit)
50 silly packumentCache full:https://registry.npmjs.org/react set size:6646698 disposed:false
51 silly fetch manifest @types/react-dom@*
52 silly packumentCache full:https://registry.npmjs.org/@types%2freact-dom cache-hit
53 silly fetch manifest react-dom@^16.8 || ^17.0 || ^18.0 || ^19.0 || ^19.0.0-rc
54 silly packumentCache full:https://registry.npmjs.org/react-dom cache-miss
55 http fetch GET 200 https://registry.npmjs.org/react-dom 22ms (cache hit)
56 silly packumentCache full:https://registry.npmjs.org/react-dom set size:8862063 disposed:false
57 silly placeDep node_modules/@radix-ui/react-slider @radix-ui/react-context@1.1.2 OK for: @radix-ui/react-slider@1.3.6 want: 1.1.2
58 silly placeDep node_modules/@radix-ui/react-slider @radix-ui/react-primitive@2.1.3 OK for: @radix-ui/react-slider@1.3.6 want: 2.1.3
59 silly fetch manifest @radix-ui/react-slot@1.2.3
60 silly packumentCache full:https://registry.npmjs.org/@radix-ui%2freact-slot cache-miss
61 http fetch GET 200 https://registry.npmjs.org/@radix-ui%2freact-slot 72ms (cache revalidated)
62 silly packumentCache full:https://registry.npmjs.org/@radix-ui%2freact-slot set size:387271 disposed:false
63 silly placeDep node_modules/@radix-ui/react-slider @radix-ui/react-slot@1.2.3 OK for: @radix-ui/react-primitive@2.1.3 want: 1.2.3
64 warn EBADENGINE Unsupported engine {
64 warn EBADENGINE   package: 'eslint-visitor-keys@5.0.1',
64 warn EBADENGINE   required: { node: '^20.19.0 || ^22.13.0 || >=24' },
64 warn EBADENGINE   current: { node: 'v20.18.1', npm: '10.8.2' }
64 warn EBADENGINE }
65 silly reify moves {}
66 silly audit bulk request {
66 silly audit   '@alloc/quick-lru': [ '5.2.0' ],
66 silly audit   '@babel/runtime': [ '7.29.2' ],
66 silly audit   '@emnapi/core': [ '1.10.0' ],
66 silly audit   '@emnapi/runtime': [ '1.10.0' ],
66 silly audit   '@emnapi/wasi-threads': [ '1.2.1' ],
66 silly audit   '@eslint-community/eslint-utils': [ '4.9.1' ],
66 silly audit   'eslint-visitor-keys': [ '3.4.3', '5.0.1', '4.2.1' ],
66 silly audit   '@eslint-community/regexpp': [ '4.12.2' ],
66 silly audit   '@eslint/config-array': [ '0.21.2' ],
66 silly audit   '@eslint/config-helpers': [ '0.4.2' ],
66 silly audit   '@eslint/core': [ '0.17.0' ],
66 silly audit   '@eslint/eslintrc': [ '3.3.5' ],
66 silly audit   '@eslint/js': [ '9.39.4' ],
66 silly audit   '@eslint/object-schema': [ '2.1.7' ],
66 silly audit   '@eslint/plugin-kit': [ '0.4.1' ],
66 silly audit   '@floating-ui/core': [ '1.7.5' ],
66 silly audit   '@floating-ui/dom': [ '1.7.6' ],
66 silly audit   '@floating-ui/react-dom': [ '2.1.8' ],
66 silly audit   '@floating-ui/utils': [ '0.2.11' ],
66 silly audit   '@humanfs/core': [ '0.19.2' ],
66 silly audit   '@humanfs/node': [ '0.16.8' ],
66 silly audit   '@humanfs/types': [ '0.15.0' ],
66 silly audit   '@humanwhocodes/module-importer': [ '1.0.1' ],
66 silly audit   '@humanwhocodes/retry': [ '0.4.3' ],
66 silly audit   '@img/colour': [ '1.1.0' ],
66 silly audit   '@img/sharp-darwin-arm64': [ '0.34.5' ],
66 silly audit   '@img/sharp-darwin-x64': [ '0.34.5' ],
66 silly audit   '@img/sharp-libvips-darwin-arm64': [ '1.2.4' ],
66 silly audit   '@img/sharp-libvips-darwin-x64': [ '1.2.4' ],
66 silly audit   '@img/sharp-libvips-linux-arm': [ '1.2.4' ],
66 silly audit   '@img/sharp-libvips-linux-arm64': [ '1.2.4' ],
66 silly audit   '@img/sharp-libvips-linux-ppc64': [ '1.2.4' ],
66 silly audit   '@img/sharp-libvips-linux-riscv64': [ '1.2.4' ],
66 silly audit   '@img/sharp-libvips-linux-s390x': [ '1.2.4' ],
66 silly audit   '@img/sharp-libvips-linux-x64': [ '1.2.4' ],
66 silly audit   '@img/sharp-libvips-linuxmusl-arm64': [ '1.2.4' ],
66 silly audit   '@img/sharp-libvips-linuxmusl-x64': [ '1.2.4' ],
66 silly audit   '@img/sharp-linux-arm': [ '0.34.5' ],
66 silly audit   '@img/sharp-linux-arm64': [ '0.34.5' ],
66 silly audit   '@img/sharp-linux-ppc64': [ '0.34.5' ],
66 silly audit   '@img/sharp-linux-riscv64': [ '0.34.5' ],
66 silly audit   '@img/sharp-linux-s390x': [ '0.34.5' ],
66 silly audit   '@img/sharp-linux-x64': [ '0.34.5' ],
66 silly audit   '@img/sharp-linuxmusl-arm64': [ '0.34.5' ],
66 silly audit   '@img/sharp-linuxmusl-x64': [ '0.34.5' ],
66 silly audit   '@img/sharp-wasm32': [ '0.34.5' ],
66 silly audit   '@img/sharp-win32-arm64': [ '0.34.5' ],
66 silly audit   '@img/sharp-win32-ia32': [ '0.34.5' ],
66 silly audit   '@img/sharp-win32-x64': [ '0.34.5' ],
66 silly audit   '@jridgewell/gen-mapping': [ '0.3.13' ],
66 silly audit   '@jridgewell/resolve-uri': [ '3.1.2' ],
66 silly audit   '@jridgewell/sourcemap-codec': [ '1.5.5' ],
66 silly audit   '@jridgewell/trace-mapping': [ '0.3.31' ],
66 silly audit   '@napi-rs/wasm-runtime': [ '0.2.12' ],
66 silly audit   '@next/env': [ '15.3.3' ],
66 silly audit   '@next/eslint-plugin-next': [ '15.3.3' ],
66 silly audit   '@next/swc-darwin-arm64': [ '15.3.3' ],
66 silly audit   '@next/swc-darwin-x64': [ '15.3.3' ],
66 silly audit   '@next/swc-linux-arm64-gnu': [ '15.3.3' ],
66 silly audit   '@next/swc-linux-arm64-musl': [ '15.3.3' ],
66 silly audit   '@next/swc-linux-x64-gnu': [ '15.3.3' ],
66 silly audit   '@next/swc-linux-x64-musl': [ '15.3.3' ],
66 silly audit   '@next/swc-win32-arm64-msvc': [ '15.3.3' ],
66 silly audit   '@next/swc-win32-x64-msvc': [ '15.3.3' ],
66 silly audit   '@nodelib/fs.scandir': [ '2.1.5' ],
66 silly audit   '@nodelib/fs.stat': [ '2.0.5' ],
66 silly audit   '@nodelib/fs.walk': [ '1.2.8' ],
66 silly audit   '@nolyfill/is-core-module': [ '1.0.39' ],
66 silly audit   '@radix-ui/number': [ '1.1.1' ],
66 silly audit   '@radix-ui/primitive': [ '1.1.3' ],
66 silly audit   '@radix-ui/react-arrow': [ '1.1.7' ],
66 silly audit   '@radix-ui/react-primitive': [ '2.1.3', '2.1.4' ],
66 silly audit   '@radix-ui/react-slot': [ '1.2.3', '1.2.4' ],
66 silly audit   '@radix-ui/react-avatar': [ '1.1.11' ],
66 silly audit   '@radix-ui/react-checkbox': [ '1.3.3' ],
66 silly audit   '@radix-ui/react-context': [ '1.1.2', '1.1.3' ],
66 silly audit   '@radix-ui/react-collection': [ '1.1.7' ],
66 silly audit   '@radix-ui/react-compose-refs': [ '1.1.2' ],
66 silly audit   '@radix-ui/react-dialog': [ '1.1.15' ],
66 silly audit   '@radix-ui/react-direction': [ '1.1.1' ],
66 silly audit   '@radix-ui/react-dismissable-layer': [ '1.1.11' ],
66 silly audit   '@radix-ui/react-dropdown-menu': [ '2.1.16' ],
66 silly audit   '@radix-ui/react-focus-guards': [ '1.1.3' ],
66 silly audit   '@radix-ui/react-focus-scope': [ '1.1.7' ],
66 silly audit   '@radix-ui/react-id': [ '1.1.1' ],
66 silly audit   '@radix-ui/react-label': [ '2.1.8' ],
66 silly audit   '@radix-ui/react-menu': [ '2.1.16' ],
66 silly audit   '@radix-ui/react-popover': [ '1.1.15' ],
66 silly audit   '@radix-ui/react-popper': [ '1.2.8' ],
66 silly audit   '@radix-ui/react-portal': [ '1.1.9' ],
66 silly audit   '@radix-ui/react-presence': [ '1.1.5' ],
66 silly audit   '@radix-ui/react-progress': [ '1.1.8' ],
66 silly audit   '@radix-ui/react-roving-focus': [ '1.1.11' ],
66 silly audit   '@radix-ui/react-scroll-area': [ '1.2.10' ],
66 silly audit   '@radix-ui/react-select': [ '2.2.6' ],
66 silly audit   '@radix-ui/react-separator': [ '1.1.8' ],
66 silly audit   '@radix-ui/react-switch': [ '1.2.6' ],
66 silly audit   '@radix-ui/react-tabs': [ '1.1.13' ],
66 silly audit   '@radix-ui/react-tooltip': [ '1.2.8' ],
66 silly audit   '@radix-ui/react-use-callback-ref': [ '1.1.1' ],
66 silly audit   '@radix-ui/react-use-controllable-state': [ '1.2.2' ],
66 silly audit   '@radix-ui/react-use-effect-event': [ '0.0.2' ],
66 silly audit   '@radix-ui/react-use-escape-keydown': [ '1.1.1' ],
66 silly audit   '@radix-ui/react-use-is-hydrated': [ '0.1.0' ],
66 silly audit   '@radix-ui/react-use-layout-effect': [ '1.1.1' ],
66 silly audit   '@radix-ui/react-use-previous': [ '1.1.1' ],
66 silly audit   '@radix-ui/react-use-rect': [ '1.1.1' ],
66 silly audit   '@radix-ui/react-use-size': [ '1.1.1' ],
66 silly audit   '@radix-ui/react-visually-hidden': [ '1.2.3' ],
66 silly audit   '@radix-ui/rect': [ '1.1.1' ],
66 silly audit   '@rtsao/scc': [ '1.1.0' ],
66 silly audit   '@rushstack/eslint-patch': [ '1.16.1' ],
66 silly audit   '@supabase/auth-js': [ '2.105.3' ],
66 silly audit   '@supabase/functions-js': [ '2.105.3' ],
66 silly audit   '@supabase/phoenix': [ '0.4.1' ],
66 silly audit   '@supabase/postgrest-js': [ '2.105.3' ],
66 silly audit   '@supabase/realtime-js': [ '2.105.3' ],
66 silly audit   '@supabase/storage-js': [ '2.105.3' ],
66 silly audit   '@supabase/supabase-js': [ '2.105.3' ],
66 silly audit   '@swc/counter': [ '0.1.3' ],
66 silly audit   '@swc/helpers': [ '0.5.15' ],
66 silly audit   '@tybys/wasm-util': [ '0.10.2' ],
66 silly audit   '@types/d3-array': [ '3.2.2' ],
66 silly audit   '@types/d3-color': [ '3.1.3' ],
66 silly audit   '@types/d3-ease': [ '3.0.2' ],
66 silly audit   '@types/d3-interpolate': [ '3.0.4' ],
66 silly audit   '@types/d3-path': [ '3.1.1' ],
66 silly audit   '@types/d3-scale': [ '4.0.9' ],
66 silly audit   '@types/d3-shape': [ '3.1.8' ],
66 silly audit   '@types/d3-time': [ '3.0.4' ],
66 silly audit   '@types/d3-timer': [ '3.0.2' ],
66 silly audit   '@types/estree': [ '1.0.9' ],
66 silly audit   '@types/json-schema': [ '7.0.15' ],
66 silly audit   '@types/json5': [ '0.0.29' ],
66 silly audit   '@types/node': [ '22.19.17' ],
66 silly audit   '@types/react': [ '19.2.14' ],
66 silly audit   '@types/react-dom': [ '19.2.3' ],
66 silly audit   '@types/ws': [ '8.18.1' ],
66 silly audit   '@typescript-eslint/eslint-plugin': [ '8.59.2' ],
66 silly audit   ignore: [ '7.0.5', '5.3.2' ],
66 silly audit   '@typescript-eslint/parser': [ '8.59.2' ],
66 silly audit   '@typescript-eslint/project-service': [ '8.59.2' ],
66 silly audit   '@typescript-eslint/scope-manager': [ '8.59.2' ],
66 silly audit   '@typescript-eslint/tsconfig-utils': [ '8.59.2' ],
66 silly audit   '@typescript-eslint/type-utils': [ '8.59.2' ],
66 silly audit   '@typescript-eslint/types': [ '8.59.2' ],
66 silly audit   '@typescript-eslint/typescript-estree': [ '8.59.2' ],
66 silly audit   'balanced-match': [ '4.0.4', '1.0.2' ],
66 silly audit   'brace-expansion': [ '5.0.5', '1.1.14' ],
66 silly audit   minimatch: [ '10.2.5', '3.1.5' ],
66 silly audit   '@typescript-eslint/utils': [ '8.59.2' ],
66 silly audit   '@typescript-eslint/visitor-keys': [ '8.59.2' ],
66 silly audit   '@unrs/resolver-binding-android-arm-eabi': [ '1.11.1' ],
66 silly audit   '@unrs/resolver-binding-android-arm64': [ '1.11.1' ],
66 silly audit   '@unrs/resolver-binding-darwin-arm64': [ '1.11.1' ],
66 silly audit   '@unrs/resolver-binding-darwin-x64': [ '1.11.1' ],
66 silly audit   '@unrs/resolver-binding-freebsd-x64': [ '1.11.1' ],
66 silly audit   '@unrs/resolver-binding-linux-arm-gnueabihf': [ '1.11.1' ],
66 silly audit   '@unrs/resolver-binding-linux-arm-musleabihf': [ '1.11.1' ],
66 silly audit   '@unrs/resolver-binding-linux-arm64-gnu': [ '1.11.1' ],
66 silly audit   '@unrs/resolver-binding-linux-arm64-musl': [ '1.11.1' ],
66 silly audit   '@unrs/resolver-binding-linux-ppc64-gnu': [ '1.11.1' ],
66 silly audit   '@unrs/resolver-binding-linux-riscv64-gnu': [ '1.11.1' ],
66 silly audit   '@unrs/resolver-binding-linux-riscv64-musl': [ '1.11.1' ],
66 silly audit   '@unrs/resolver-binding-linux-s390x-gnu': [ '1.11.1' ],
66 silly audit   '@unrs/resolver-binding-linux-x64-gnu': [ '1.11.1' ],
66 silly audit   '@unrs/resolver-binding-linux-x64-musl': [ '1.11.1' ],
66 silly audit   '@unrs/resolver-binding-wasm32-wasi': [ '1.11.1' ],
66 silly audit   '@unrs/resolver-binding-win32-arm64-msvc': [ '1.11.1' ],
66 silly audit   '@unrs/resolver-binding-win32-ia32-msvc': [ '1.11.1' ],
66 silly audit   '@unrs/resolver-binding-win32-x64-msvc': [ '1.11.1' ],
66 silly audit   acorn: [ '8.16.0' ],
66 silly audit   'acorn-jsx': [ '5.3.2' ],
66 silly audit   ajv: [ '6.15.0' ],
66 silly audit   'ansi-styles': [ '4.3.0' ],
66 silly audit   'any-promise': [ '1.3.0' ],
66 silly audit   anymatch: [ '3.1.3' ],
66 silly audit   arg: [ '5.0.2' ],
66 silly audit   argparse: [ '2.0.1' ],
66 silly audit   'aria-hidden': [ '1.2.6' ],
66 silly audit   'aria-query': [ '5.3.2' ],
66 silly audit   'array-buffer-byte-length': [ '1.0.2' ],
66 silly audit   'array-includes': [ '3.1.9' ],
66 silly audit   'array.prototype.findlast': [ '1.2.5' ],
66 silly audit   'array.prototype.findlastindex': [ '1.2.6' ],
66 silly audit   'array.prototype.flat': [ '1.3.3' ],
66 silly audit   'array.prototype.flatmap': [ '1.3.3' ],
66 silly audit   'array.prototype.tosorted': [ '1.1.4' ],
66 silly audit   'arraybuffer.prototype.slice': [ '1.0.4' ],
66 silly audit   'ast-types-flow': [ '0.0.8' ],
66 silly audit   'async-function': [ '1.0.0' ],
66 silly audit   autoprefixer: [ '10.5.0' ],
66 silly audit   'available-typed-arrays': [ '1.0.7' ],
66 silly audit   'axe-core': [ '4.11.4' ],
66 silly audit   'axobject-query': [ '4.1.0' ],
66 silly audit   'baseline-browser-mapping': [ '2.10.27' ],
66 silly audit   'binary-extensions': [ '2.3.0' ],
66 silly audit   braces: [ '3.0.3' ],
66 silly audit   browserslist: [ '4.28.2' ],
66 silly audit   busboy: [ '1.6.0' ],
66 silly audit   'call-bind': [ '1.0.9' ],
66 silly audit   'call-bind-apply-helpers': [ '1.0.2' ],
66 silly audit   'call-bound': [ '1.0.4' ],
66 silly audit   callsites: [ '3.1.0' ],
66 silly audit   'camelcase-css': [ '2.0.1' ],
66 silly audit   'caniuse-lite': [ '1.0.30001792' ],
66 silly audit   chalk: [ '4.1.2' ],
66 silly audit   chokidar: [ '3.6.0' ],
66 silly audit   'glob-parent': [ '5.1.2', '6.0.2' ],
66 silly audit   'class-variance-authority': [ '0.7.1' ],
66 silly audit   'client-only': [ '0.0.1' ],
66 silly audit   clsx: [ '2.1.1' ],
66 silly audit   'color-convert': [ '2.0.1' ],
66 silly audit   'color-name': [ '1.1.4' ],
66 silly audit   commander: [ '4.1.1' ],
66 silly audit   'concat-map': [ '0.0.1' ],
66 silly audit   'cross-spawn': [ '7.0.6' ],
66 silly audit   cssesc: [ '3.0.0' ],
66 silly audit   csstype: [ '3.2.3' ],
66 silly audit   'd3-array': [ '3.2.4' ],
66 silly audit   'd3-color': [ '3.1.0' ],
66 silly audit   'd3-ease': [ '3.0.1' ],
66 silly audit   'd3-format': [ '3.1.2' ],
66 silly audit   'd3-interpolate': [ '3.0.1' ],
66 silly audit   'd3-path': [ '3.1.0' ],
66 silly audit   'd3-scale': [ '4.0.2' ],
66 silly audit   'd3-shape': [ '3.2.0' ],
66 silly audit   'd3-time': [ '3.1.0' ],
66 silly audit   'd3-time-format': [ '4.1.0' ],
66 silly audit   'd3-timer': [ '3.0.1' ],
66 silly audit   'damerau-levenshtein': [ '1.0.8' ],
66 silly audit   'data-view-buffer': [ '1.0.2' ],
66 silly audit   'data-view-byte-length': [ '1.0.2' ],
66 silly audit   'data-view-byte-offset': [ '1.0.1' ],
66 silly audit   'date-fns': [ '4.1.0' ],
66 silly audit   debug: [ '4.4.3', '3.2.7' ],
66 silly audit   'decimal.js-light': [ '2.5.1' ],
66 silly audit   'deep-is': [ '0.1.4' ],
66 silly audit   'define-data-property': [ '1.1.4' ],
66 silly audit   'define-properties': [ '1.2.1' ],
66 silly audit   'detect-libc': [ '2.1.2' ],
66 silly audit   'detect-node-es': [ '1.1.0' ],
66 silly audit   didyoumean: [ '1.2.2' ],
66 silly audit   dlv: [ '1.1.3' ],
66 silly audit   doctrine: [ '2.1.0' ],
66 silly audit   'dom-helpers': [ '5.2.1' ],
66 silly audit   'dunder-proto': [ '1.0.1' ],
66 silly audit   'electron-to-chromium': [ '1.5.352' ],
66 silly audit   'emoji-regex': [ '9.2.2' ],
66 silly audit   'es-abstract': [ '1.24.2' ],
66 silly audit   'es-define-property': [ '1.0.1' ],
66 silly audit   'es-errors': [ '1.3.0' ],
66 silly audit   'es-iterator-helpers': [ '1.3.2' ],
66 silly audit   'es-object-atoms': [ '1.1.1' ],
66 silly audit   'es-set-tostringtag': [ '2.1.0' ],
66 silly audit   'es-shim-unscopables': [ '1.1.0' ],
66 silly audit   'es-to-primitive': [ '1.3.0' ],
66 silly audit   escalade: [ '3.2.0' ],
66 silly audit   'escape-string-regexp': [ '4.0.0' ],
66 silly audit   eslint: [ '9.39.4' ],
66 silly audit   'eslint-config-next': [ '15.3.3' ],
66 silly audit   'eslint-import-resolver-node': [ '0.3.10' ],
66 silly audit   'eslint-import-resolver-typescript': [ '3.10.1' ],
66 silly audit   'eslint-module-utils': [ '2.12.1' ],
66 silly audit   'eslint-plugin-import': [ '2.32.0' ],
66 silly audit   semver: [ '6.3.1', '7.7.4' ],
66 silly audit   'eslint-plugin-jsx-a11y': [ '6.10.2' ],
66 silly audit   'eslint-plugin-react': [ '7.37.5' ],
66 silly audit   'eslint-plugin-react-hooks': [ '5.2.0' ],
66 silly audit   'eslint-scope': [ '8.4.0' ],
66 silly audit   espree: [ '10.4.0' ],
66 silly audit   esquery: [ '1.7.0' ],
66 silly audit   esrecurse: [ '4.3.0' ],
66 silly audit   estraverse: [ '5.3.0' ],
66 silly audit   esutils: [ '2.0.3' ],
66 silly audit   eventemitter3: [ '4.0.7' ],
66 silly audit   'fast-deep-equal': [ '3.1.3' ],
66 silly audit   'fast-equals': [ '5.4.0' ],
66 silly audit   'fast-glob': [ '3.3.1', '3.3.3' ],
66 silly audit   'fast-json-stable-stringify': [ '2.1.0' ],
66 silly audit   'fast-levenshtein': [ '2.0.6' ],
66 silly audit   fastq: [ '1.20.1' ],
66 silly audit   'file-entry-cache': [ '8.0.0' ],
66 silly audit   'fill-range': [ '7.1.1' ],
66 silly audit   'find-up': [ '5.0.0' ],
66 silly audit   'flat-cache': [ '4.0.1' ],
66 silly audit   flatted: [ '3.4.2' ],
66 silly audit   'for-each': [ '0.3.5' ],
66 silly audit   'fraction.js': [ '5.3.4' ],
66 silly audit   'framer-motion': [ '12.38.0' ],
66 silly audit   fsevents: [ '2.3.3' ],
66 silly audit   'function-bind': [ '1.1.2' ],
66 silly audit   'function.prototype.name': [ '1.1.8' ],
66 silly audit   'functions-have-names': [ '1.2.3' ],
66 silly audit   'generator-function': [ '2.0.1' ],
66 silly audit   'get-intrinsic': [ '1.3.0' ],
66 silly audit   'get-nonce': [ '1.0.1' ],
66 silly audit   'get-proto': [ '1.0.1' ],
66 silly audit   'get-symbol-description': [ '1.1.0' ],
66 silly audit   'get-tsconfig': [ '4.14.0' ],
66 silly audit   globals: [ '14.0.0' ],
66 silly audit   globalthis: [ '1.0.4' ],
66 silly audit   gopd: [ '1.2.0' ],
66 silly audit   'has-bigints': [ '1.1.0' ],
66 silly audit   'has-flag': [ '4.0.0' ],
66 silly audit   'has-property-descriptors': [ '1.0.2' ],
66 silly audit   'has-proto': [ '1.2.0' ],
66 silly audit   'has-symbols': [ '1.1.0' ],
66 silly audit   'has-tostringtag': [ '1.0.2' ],
66 silly audit   hasown: [ '2.0.3' ],
66 silly audit   'iceberg-js': [ '0.8.1' ],
66 silly audit   'import-fresh': [ '3.3.1' ],
66 silly audit   imurmurhash: [ '0.1.4' ],
66 silly audit   'internal-slot': [ '1.1.0' ],
66 silly audit   internmap: [ '2.0.3' ],
66 silly audit   'is-array-buffer': [ '3.0.5' ],
66 silly audit   'is-async-function': [ '2.1.1' ],
66 silly audit   'is-bigint': [ '1.1.0' ],
66 silly audit   'is-binary-path': [ '2.1.0' ],
66 silly audit   'is-boolean-object': [ '1.2.2' ],
66 silly audit   'is-bun-module': [ '2.0.0' ],
66 silly audit   'is-callable': [ '1.2.7' ],
66 silly audit   'is-core-module': [ '2.16.2' ],
66 silly audit   'is-data-view': [ '1.0.2' ],
66 silly audit   'is-date-object': [ '1.1.0' ],
66 silly audit   'is-extglob': [ '2.1.1' ],
66 silly audit   'is-finalizationregistry': [ '1.1.1' ],
66 silly audit   'is-generator-function': [ '1.1.2' ],
66 silly audit   'is-glob': [ '4.0.3' ],
66 silly audit   'is-map': [ '2.0.3' ],
66 silly audit   'is-negative-zero': [ '2.0.3' ],
66 silly audit   'is-number': [ '7.0.0' ],
66 silly audit   'is-number-object': [ '1.1.1' ],
66 silly audit   'is-regex': [ '1.2.1' ],
66 silly audit   'is-set': [ '2.0.3' ],
66 silly audit   'is-shared-array-buffer': [ '1.0.4' ],
66 silly audit   'is-string': [ '1.1.1' ],
66 silly audit   'is-symbol': [ '1.1.1' ],
66 silly audit   'is-typed-array': [ '1.1.15' ],
66 silly audit   'is-weakmap': [ '2.0.2' ],
66 silly audit   'is-weakref': [ '1.1.1' ],
66 silly audit   'is-weakset': [ '2.0.4' ],
66 silly audit   isarray: [ '2.0.5' ],
66 silly audit   isexe: [ '2.0.0' ],
66 silly audit   'iterator.prototype': [ '1.1.5' ],
66 silly audit   jiti: [ '1.21.7' ],
66 silly audit   'js-tokens': [ '4.0.0' ],
66 silly audit   'js-yaml': [ '4.1.1' ],
66 silly audit   'json-buffer': [ '3.0.1' ],
66 silly audit   'json-schema-traverse': [ '0.4.1' ],
66 silly audit   'json-stable-stringify-without-jsonify': [ '1.0.1' ],
66 silly audit   json5: [ '1.0.2' ],
66 silly audit   'jsx-ast-utils': [ '3.3.5' ],
66 silly audit   keyv: [ '4.5.4' ],
66 silly audit   'language-subtag-registry': [ '0.3.23' ],
66 silly audit   'language-tags': [ '1.0.9' ],
66 silly audit   levn: [ '0.4.1' ],
66 silly audit   lilconfig: [ '3.1.3' ],
66 silly audit   'lines-and-columns': [ '1.2.4' ],
66 silly audit   'locate-path': [ '6.0.0' ],
66 silly audit   lodash: [ '4.18.1' ],
66 silly audit   'lodash.merge': [ '4.6.2' ],
66 silly audit   'loose-envify': [ '1.4.0' ],
66 silly audit   'lucide-react': [ '0.475.0' ],
66 silly audit   'math-intrinsics': [ '1.1.0' ],
66 silly audit   merge2: [ '1.4.1' ],
66 silly audit   micromatch: [ '4.0.8' ],
66 silly audit   minimist: [ '1.2.8' ],
66 silly audit   'motion-dom': [ '12.38.0' ],
66 silly audit   'motion-utils': [ '12.36.0' ],
66 silly audit   ms: [ '2.1.3' ],
66 silly audit   mz: [ '2.7.0' ],
66 silly audit   nanoid: [ '3.3.12' ],
66 silly audit   'napi-postinstall': [ '0.3.4' ],
66 silly audit   'natural-compare': [ '1.4.0' ],
66 silly audit   next: [ '15.3.3' ],
66 silly audit   postcss: [ '8.4.31', '8.5.14' ],
66 silly audit   'node-exports-info': [ '1.6.0' ],
66 silly audit   'node-releases': [ '2.0.38' ],
66 silly audit   'normalize-path': [ '3.0.0' ],
66 silly audit   'object-assign': [ '4.1.1' ],
66 silly audit   'object-hash': [ '3.0.0' ],
66 silly audit   'object-inspect': [ '1.13.4' ],
66 silly audit   'object-keys': [ '1.1.1' ],
66 silly audit   'object.assign': [ '4.1.7' ],
66 silly audit   'object.entries': [ '1.1.9' ],
66 silly audit   'object.fromentries': [ '2.0.8' ],
66 silly audit   'object.groupby': [ '1.0.3' ],
66 silly audit   'object.values': [ '1.2.1' ],
66 silly audit   optionator: [ '0.9.4' ],
66 silly audit   'own-keys': [ '1.0.1' ],
66 silly audit   'p-limit': [ '3.1.0' ],
66 silly audit   'p-locate': [ '5.0.0' ],
66 silly audit   'parent-module': [ '1.0.1' ],
66 silly audit   'path-exists': [ '4.0.0' ],
66 silly audit   'path-key': [ '3.1.1' ],
66 silly audit   'path-parse': [ '1.0.7' ],
66 silly audit   picocolors: [ '1.1.1' ],
66 silly audit   picomatch: [ '2.3.2', '4.0.4' ],
66 silly audit   pify: [ '2.3.0' ],
66 silly audit   pirates: [ '4.0.7' ],
66 silly audit   'possible-typed-array-names': [ '1.1.0' ],
66 silly audit   'postcss-import': [ '15.1.0' ],
66 silly audit   resolve: [ '1.22.12', '2.0.0-next.6' ],
66 silly audit   'postcss-js': [ '4.1.0' ],
66 silly audit   'postcss-load-config': [ '6.0.1' ],
66 silly audit   'postcss-nested': [ '6.2.0' ],
66 silly audit   'postcss-selector-parser': [ '6.1.2' ],
66 silly audit   'postcss-value-parser': [ '4.2.0' ],
66 silly audit   'prelude-ls': [ '1.2.1' ],
66 silly audit   'prop-types': [ '15.8.1' ],
66 silly audit   punycode: [ '2.3.1' ],
66 silly audit   'queue-microtask': [ '1.2.3' ],
66 silly audit   react: [ '19.2.6' ],
66 silly audit   'react-dom': [ '19.2.6' ],
66 silly audit   'react-is': [ '16.13.1', '18.3.1' ],
66 silly audit   'react-remove-scroll': [ '2.7.2' ],
66 silly audit   'react-remove-scroll-bar': [ '2.3.8' ],
66 silly audit   'react-smooth': [ '4.0.4' ],
66 silly audit   'react-style-singleton': [ '2.2.3' ],
66 silly audit   'react-transition-group': [ '4.4.5' ],
66 silly audit   'read-cache': [ '1.0.0' ],
66 silly audit   readdirp: [ '3.6.0' ],
66 silly audit   recharts: [ '2.15.4' ],
66 silly audit   'recharts-scale': [ '0.4.5' ],
66 silly audit   'reflect.getprototypeof': [ '1.0.10' ],
66 silly audit   'regexp.prototype.flags': [ '1.5.4' ],
66 silly audit   'resolve-from': [ '4.0.0' ],
66 silly audit   'resolve-pkg-maps': [ '1.0.0' ],
66 silly audit   reusify: [ '1.1.0' ],
66 silly audit   'run-parallel': [ '1.2.0' ],
66 silly audit   'safe-array-concat': [ '1.1.4' ],
66 silly audit   'safe-push-apply': [ '1.0.0' ],
66 silly audit   'safe-regex-test': [ '1.1.0' ],
66 silly audit   scheduler: [ '0.27.0' ],
66 silly audit   'set-function-length': [ '1.2.2' ],
66 silly audit   'set-function-name': [ '2.0.2' ],
66 silly audit   'set-proto': [ '1.0.0' ],
66 silly audit   sharp: [ '0.34.5' ],
66 silly audit   'shebang-command': [ '2.0.0' ],
66 silly audit   'shebang-regex': [ '3.0.0' ],
66 silly audit   'side-channel': [ '1.1.0' ],
66 silly audit   'side-channel-list': [ '1.0.1' ],
66 silly audit   'side-channel-map': [ '1.0.1' ],
66 silly audit   'side-channel-weakmap': [ '1.0.2' ],
66 silly audit   'source-map-js': [ '1.2.1' ],
66 silly audit   'stable-hash': [ '0.0.5' ],
66 silly audit   'stop-iteration-iterator': [ '1.1.0' ],
66 silly audit   streamsearch: [ '1.1.0' ],
66 silly audit   'string.prototype.includes': [ '2.0.1' ],
66 silly audit   'string.prototype.matchall': [ '4.0.12' ],
66 silly audit   'string.prototype.repeat': [ '1.0.0' ],
66 silly audit   'string.prototype.trim': [ '1.2.10' ],
66 silly audit   'string.prototype.trimend': [ '1.0.9' ],
66 silly audit   'string.prototype.trimstart': [ '1.0.8' ],
66 silly audit   'strip-bom': [ '3.0.0' ],
66 silly audit   'strip-json-comments': [ '3.1.1' ],
66 silly audit   'styled-jsx': [ '5.1.6' ],
66 silly audit   sucrase: [ '3.35.1' ],
66 silly audit   'supports-color': [ '7.2.0' ],
66 silly audit   'supports-preserve-symlinks-flag': [ '1.0.0' ],
66 silly audit   'tailwind-merge': [ '3.5.0' ],
66 silly audit   tailwindcss: [ '3.4.19' ],
66 silly audit   'tailwindcss-animate': [ '1.0.7' ],
66 silly audit   thenify: [ '3.3.1' ],
66 silly audit   'thenify-all': [ '1.6.0' ],
66 silly audit   'tiny-invariant': [ '1.3.3' ],
66 silly audit   tinyglobby: [ '0.2.16' ],
66 silly audit   fdir: [ '6.5.0' ],
66 silly audit   'to-regex-range': [ '5.0.1' ],
66 silly audit   'ts-api-utils': [ '2.5.0' ],
66 silly audit   'ts-interface-checker': [ '0.1.13' ],
66 silly audit   'tsconfig-paths': [ '3.15.0' ],
66 silly audit   tslib: [ '2.8.1' ],
66 silly audit   'type-check': [ '0.4.0' ],
66 silly audit   'typed-array-buffer': [ '1.0.3' ],
66 silly audit   'typed-array-byte-length': [ '1.0.3' ],
66 silly audit   'typed-array-byte-offset': [ '1.0.4' ],
66 silly audit   'typed-array-length': [ '1.0.7' ],
66 silly audit   typescript: [ '5.9.3' ],
66 silly audit   'unbox-primitive': [ '1.1.0' ],
66 silly audit   'undici-types': [ '6.21.0' ],
66 silly audit   'unrs-resolver': [ '1.11.1' ],
66 silly audit   'update-browserslist-db': [ '1.2.3' ],
66 silly audit   'uri-js': [ '4.4.1' ],
66 silly audit   'use-callback-ref': [ '1.3.3' ],
66 silly audit   'use-sidecar': [ '1.1.3' ],
66 silly audit   'use-sync-external-store': [ '1.6.0' ],
66 silly audit   'util-deprecate': [ '1.0.2' ],
66 silly audit   'victory-vendor': [ '36.9.2' ],
66 silly audit   which: [ '2.0.2' ],
66 silly audit   'which-boxed-primitive': [ '1.1.1' ],
66 silly audit   'which-builtin-type': [ '1.2.1' ],
66 silly audit   'which-collection': [ '1.0.2' ],
66 silly audit   'which-typed-array': [ '1.1.20' ],
66 silly audit   'word-wrap': [ '1.2.5' ],
66 silly audit   ws: [ '8.20.0' ],
66 silly audit   'yocto-queue': [ '0.1.0' ],
66 silly audit   '@radix-ui/react-slider': [ '1.3.6' ]
66 silly audit }
67 verbose reify failed optional dependency /home/user/node_modules/fsevents
68 silly reify mark deleted [ '/home/user/node_modules/fsevents' ]
69 verbose reify failed optional dependency /home/user/node_modules/@unrs/resolver-binding-win32-x64-msvc
70 silly reify mark deleted [ '/home/user/node_modules/@unrs/resolver-binding-win32-x64-msvc' ]
71 verbose reify failed optional dependency /home/user/node_modules/@unrs/resolver-binding-win32-ia32-msvc
72 silly reify mark deleted [ '/home/user/node_modules/@unrs/resolver-binding-win32-ia32-msvc' ]
73 verbose reify failed optional dependency /home/user/node_modules/@unrs/resolver-binding-win32-arm64-msvc
74 silly reify mark deleted [ '/home/user/node_modules/@unrs/resolver-binding-win32-arm64-msvc' ]
75 verbose reify failed optional dependency /home/user/node_modules/@unrs/resolver-binding-wasm32-wasi
76 silly reify mark deleted [ '/home/user/node_modules/@unrs/resolver-binding-wasm32-wasi' ]
77 verbose reify failed optional dependency /home/user/node_modules/@napi-rs/wasm-runtime
78 silly reify mark deleted [ '/home/user/node_modules/@napi-rs/wasm-runtime' ]
79 verbose reify failed optional dependency /home/user/node_modules/@emnapi/core
80 silly reify mark deleted [ '/home/user/node_modules/@emnapi/core' ]
81 verbose reify failed optional dependency /home/user/node_modules/@tybys/wasm-util
82 silly reify mark deleted [ '/home/user/node_modules/@tybys/wasm-util' ]
83 verbose reify failed optional dependency /home/user/node_modules/@emnapi/wasi-threads
84 silly reify mark deleted [ '/home/user/node_modules/@emnapi/wasi-threads' ]
85 verbose reify failed optional dependency /home/user/node_modules/@unrs/resolver-binding-linux-s390x-gnu
86 silly reify mark deleted [ '/home/user/node_modules/@unrs/resolver-binding-linux-s390x-gnu' ]
87 verbose reify failed optional dependency /home/user/node_modules/@unrs/resolver-binding-linux-riscv64-musl
88 silly reify mark deleted [ '/home/user/node_modules/@unrs/resolver-binding-linux-riscv64-musl' ]
89 verbose reify failed optional dependency /home/user/node_modules/@unrs/resolver-binding-linux-riscv64-gnu
90 silly reify mark deleted [ '/home/user/node_modules/@unrs/resolver-binding-linux-riscv64-gnu' ]
91 verbose reify failed optional dependency /home/user/node_modules/@unrs/resolver-binding-linux-ppc64-gnu
92 silly reify mark deleted [ '/home/user/node_modules/@unrs/resolver-binding-linux-ppc64-gnu' ]
93 verbose reify failed optional dependency /home/user/node_modules/@unrs/resolver-binding-linux-arm64-musl
94 silly reify mark deleted [ '/home/user/node_modules/@unrs/resolver-binding-linux-arm64-musl' ]
95 verbose reify failed optional dependency /home/user/node_modules/@unrs/resolver-binding-linux-arm64-gnu
96 silly reify mark deleted [ '/home/user/node_modules/@unrs/resolver-binding-linux-arm64-gnu' ]
97 verbose reify failed optional dependency /home/user/node_modules/@unrs/resolver-binding-linux-arm-musleabihf
98 silly reify mark deleted [
98 silly reify   '/home/user/node_modules/@unrs/resolver-binding-linux-arm-musleabihf'
98 silly reify ]
99 verbose reify failed optional dependency /home/user/node_modules/@unrs/resolver-binding-linux-arm-gnueabihf
100 silly reify mark deleted [
100 silly reify   '/home/user/node_modules/@unrs/resolver-binding-linux-arm-gnueabihf'
100 silly reify ]
101 verbose reify failed optional dependency /home/user/node_modules/@unrs/resolver-binding-freebsd-x64
102 silly reify mark deleted [ '/home/user/node_modules/@unrs/resolver-binding-freebsd-x64' ]
103 verbose reify failed optional dependency /home/user/node_modules/@unrs/resolver-binding-darwin-x64
104 silly reify mark deleted [ '/home/user/node_modules/@unrs/resolver-binding-darwin-x64' ]
105 verbose reify failed optional dependency /home/user/node_modules/@unrs/resolver-binding-darwin-arm64
106 silly reify mark deleted [ '/home/user/node_modules/@unrs/resolver-binding-darwin-arm64' ]
107 verbose reify failed optional dependency /home/user/node_modules/@unrs/resolver-binding-android-arm64
108 silly reify mark deleted [ '/home/user/node_modules/@unrs/resolver-binding-android-arm64' ]
109 verbose reify failed optional dependency /home/user/node_modules/@unrs/resolver-binding-android-arm-eabi
110 silly reify mark deleted [ '/home/user/node_modules/@unrs/resolver-binding-android-arm-eabi' ]
111 verbose reify failed optional dependency /home/user/node_modules/@next/swc-win32-x64-msvc
112 silly reify mark deleted [ '/home/user/node_modules/@next/swc-win32-x64-msvc' ]
113 verbose reify failed optional dependency /home/user/node_modules/@next/swc-win32-arm64-msvc
114 silly reify mark deleted [ '/home/user/node_modules/@next/swc-win32-arm64-msvc' ]
115 verbose reify failed optional dependency /home/user/node_modules/@next/swc-linux-arm64-musl
116 silly reify mark deleted [ '/home/user/node_modules/@next/swc-linux-arm64-musl' ]
117 verbose reify failed optional dependency /home/user/node_modules/@next/swc-linux-arm64-gnu
118 silly reify mark deleted [ '/home/user/node_modules/@next/swc-linux-arm64-gnu' ]
119 verbose reify failed optional dependency /home/user/node_modules/@next/swc-darwin-x64
120 silly reify mark deleted [ '/home/user/node_modules/@next/swc-darwin-x64' ]
121 verbose reify failed optional dependency /home/user/node_modules/@next/swc-darwin-arm64
122 silly reify mark deleted [ '/home/user/node_modules/@next/swc-darwin-arm64' ]
123 verbose reify failed optional dependency /home/user/node_modules/@img/sharp-win32-x64
124 silly reify mark deleted [ '/home/user/node_modules/@img/sharp-win32-x64' ]
125 verbose reify failed optional dependency /home/user/node_modules/@img/sharp-win32-ia32
126 silly reify mark deleted [ '/home/user/node_modules/@img/sharp-win32-ia32' ]
127 verbose reify failed optional dependency /home/user/node_modules/@img/sharp-win32-arm64
128 silly reify mark deleted [ '/home/user/node_modules/@img/sharp-win32-arm64' ]
129 verbose reify failed optional dependency /home/user/node_modules/@img/sharp-wasm32
130 silly reify mark deleted [ '/home/user/node_modules/@img/sharp-wasm32' ]
131 verbose reify failed optional dependency /home/user/node_modules/@img/sharp-linuxmusl-arm64
132 silly reify mark deleted [ '/home/user/node_modules/@img/sharp-linuxmusl-arm64' ]
133 verbose reify failed optional dependency /home/user/node_modules/@img/sharp-linux-s390x
134 silly reify mark deleted [ '/home/user/node_modules/@img/sharp-linux-s390x' ]
135 verbose reify failed optional dependency /home/user/node_modules/@img/sharp-linux-riscv64
136 silly reify mark deleted [ '/home/user/node_modules/@img/sharp-linux-riscv64' ]
137 verbose reify failed optional dependency /home/user/node_modules/@img/sharp-linux-ppc64
138 silly reify mark deleted [ '/home/user/node_modules/@img/sharp-linux-ppc64' ]
139 verbose reify failed optional dependency /home/user/node_modules/@img/sharp-linux-arm64
140 silly reify mark deleted [ '/home/user/node_modules/@img/sharp-linux-arm64' ]
141 verbose reify failed optional dependency /home/user/node_modules/@img/sharp-linux-arm
142 silly reify mark deleted [ '/home/user/node_modules/@img/sharp-linux-arm' ]
143 verbose reify failed optional dependency /home/user/node_modules/@img/sharp-libvips-linuxmusl-arm64
144 silly reify mark deleted [ '/home/user/node_modules/@img/sharp-libvips-linuxmusl-arm64' ]
145 verbose reify failed optional dependency /home/user/node_modules/@img/sharp-libvips-linux-s390x
146 silly reify mark deleted [ '/home/user/node_modules/@img/sharp-libvips-linux-s390x' ]
147 verbose reify failed optional dependency /home/user/node_modules/@img/sharp-libvips-linux-riscv64
148 silly reify mark deleted [ '/home/user/node_modules/@img/sharp-libvips-linux-riscv64' ]
149 verbose reify failed optional dependency /home/user/node_modules/@img/sharp-libvips-linux-ppc64
150 silly reify mark deleted [ '/home/user/node_modules/@img/sharp-libvips-linux-ppc64' ]
151 verbose reify failed optional dependency /home/user/node_modules/@img/sharp-libvips-linux-arm64
152 silly reify mark deleted [ '/home/user/node_modules/@img/sharp-libvips-linux-arm64' ]
153 verbose reify failed optional dependency /home/user/node_modules/@img/sharp-libvips-linux-arm
154 silly reify mark deleted [ '/home/user/node_modules/@img/sharp-libvips-linux-arm' ]
155 verbose reify failed optional dependency /home/user/node_modules/@img/sharp-libvips-darwin-x64
156 silly reify mark deleted [ '/home/user/node_modules/@img/sharp-libvips-darwin-x64' ]
157 verbose reify failed optional dependency /home/user/node_modules/@img/sharp-libvips-darwin-arm64
158 silly reify mark deleted [ '/home/user/node_modules/@img/sharp-libvips-darwin-arm64' ]
159 verbose reify failed optional dependency /home/user/node_modules/@img/sharp-darwin-x64
160 silly reify mark deleted [ '/home/user/node_modules/@img/sharp-darwin-x64' ]
161 verbose reify failed optional dependency /home/user/node_modules/@img/sharp-darwin-arm64
162 silly reify mark deleted [ '/home/user/node_modules/@img/sharp-darwin-arm64' ]
163 http fetch POST 200 https://registry.npmjs.org/-/npm/v1/security/advisories/bulk 57ms
164 silly audit report {
164 silly audit report   next: [
164 silly audit report     {
164 silly audit report       id: 1111370,
164 silly audit report       url: 'https://github.com/advisories/GHSA-9qr9-h5gf-34mp',
164 silly audit report       title: 'Next.js is vulnerable to RCE in React flight protocol',
164 silly audit report       severity: 'critical',
164 silly audit report       vulnerable_versions: '>=15.3.0-canary.0 <15.3.6',
164 silly audit report       cwe: [Array],
164 silly audit report       cvss: [Object]
164 silly audit report     },
164 silly audit report     {
164 silly audit report       id: 1111378,
164 silly audit report       url: 'https://github.com/advisories/GHSA-w37m-7fhw-fmv9',
164 silly audit report       title: 'Next Server Actions Source Code Exposure ',
164 silly audit report       severity: 'moderate',
164 silly audit report       vulnerable_versions: '>=15.3.0-canary.0 <15.3.7',
164 silly audit report       cwe: [Array],
164 silly audit report       cvss: [Object]
164 silly audit report     },
164 silly audit report     {
164 silly audit report       id: 1111387,
164 silly audit report       url: 'https://github.com/advisories/GHSA-mwv6-3258-q52c',
164 silly audit report       title: 'Next Vulnerable to Denial of Service with Server Components',
164 silly audit report       severity: 'high',
164 silly audit report       vulnerable_versions: '>=15.3.0-canary.0 <15.3.7',
164 silly audit report       cwe: [Array],
164 silly audit report       cvss: [Object]
164 silly audit report     },
164 silly audit report     {
164 silly audit report       id: 1107228,
164 silly audit report       url: 'https://github.com/advisories/GHSA-g5qg-72qw-gw5v',
164 silly audit report       title: 'Next.js Affected by Cache Key Confusion for Image Optimization API Routes',
164 silly audit report       severity: 'moderate',
164 silly audit report       vulnerable_versions: '>=15.0.0 <=15.4.4',
164 silly audit report       cwe: [Array],
164 silly audit report       cvss: [Object]
164 silly audit report     },
164 silly audit report     {
164 silly audit report       id: 1107514,
164 silly audit report       url: 'https://github.com/advisories/GHSA-xv57-4mr9-wg8v',
164 silly audit report       title: 'Next.js Content Injection Vulnerability for Image Optimization',
164 silly audit report       severity: 'moderate',
164 silly audit report       vulnerable_versions: '>=15.0.0 <=15.4.4',
164 silly audit report       cwe: [Array],
164 silly audit report       cvss: [Object]
164 silly audit report     },
164 silly audit report     {
164 silly audit report       id: 1107515,
164 silly audit report       url: 'https://github.com/advisories/GHSA-4342-x723-ch2f',
164 silly audit report       title: 'Next.js Improper Middleware Redirect Handling Leads to SSRF',
164 silly audit report       severity: 'moderate',
164 silly audit report       vulnerable_versions: '>=15.0.0-canary.0 <15.4.7',
164 silly audit report       cwe: [Array],
164 silly audit report       cvss: [Object]
164 silly audit report     },
164 silly audit report     {
164 silly audit report       id: 1112593,
164 silly audit report       url: 'https://github.com/advisories/GHSA-9g9p-9gw9-jx7f',
164 silly audit report       title: 'Next.js self-hosted applications vulnerable to DoS via Image Optimizer remotePatterns configuration',
164 silly audit report       severity: 'moderate',
164 silly audit report       vulnerable_versions: '>=10.0.0 <15.5.10',
164 silly audit report       cwe: [Array],
164 silly audit report       cvss: [Object]
164 silly audit report     },
164 silly audit report     {
164 silly audit report       id: 1112650,
164 silly audit report       url: 'https://github.com/advisories/GHSA-h25m-26qc-wcjf',
164 silly audit report       title: 'Next.js HTTP request deserialization can lead to DoS when using insecure React Server Components',
164 silly audit report       severity: 'high',
164 silly audit report       vulnerable_versions: '>=15.3.0-canary.0 <15.3.9',
164 silly audit report       cwe: [Array],
164 silly audit report       cvss: [Object]
164 silly audit report     },
164 silly audit report     {
164 silly audit report       id: 1114897,
164 silly audit report       url: 'https://github.com/advisories/GHSA-ggv3-7p47-pfv8',
164 silly audit report       title: 'Next.js: HTTP request smuggling in rewrites',
164 silly audit report       severity: 'moderate',
164 silly audit report       vulnerable_versions: '>=9.5.0 <15.5.13',
164 silly audit report       cwe: [Array],
164 silly audit report       cvss: [Object]
164 silly audit report     },
164 silly audit report     {
164 silly audit report       id: 1114940,
164 silly audit report       url: 'https://github.com/advisories/GHSA-3x4c-7xq6-9pq8',
164 silly audit report       title: 'Next.js: Unbounded next/image disk cache growth can exhaust storage',
164 silly audit report       severity: 'moderate',
164 silly audit report       vulnerable_versions: '>=10.0.0 <15.5.14',
164 silly audit report       cwe: [Array],
164 silly audit report       cvss: [Object]
164 silly audit report     },
164 silly audit report     {
164 silly audit report       id: 1116376,
164 silly audit report       url: 'https://github.com/advisories/GHSA-q4gf-8mx6-v5v3',
164 silly audit report       title: 'Next.js has a Denial of Service with Server Components',
164 silly audit report       severity: 'high',
164 silly audit report       vulnerable_versions: '>=13.0.0 <15.5.15',
164 silly audit report       cwe: [Array],
164 silly audit report       cvss: [Object]
164 silly audit report     }
164 silly audit report   ],
164 silly audit report   postcss: [
164 silly audit report     {
164 silly audit report       id: 1117015,
164 silly audit report       url: 'https://github.com/advisories/GHSA-qx2v-qp2m-jg93',
164 silly audit report       title: 'PostCSS has XSS via Unescaped </style> in its CSS Stringify Output',
164 silly audit report       severity: 'moderate',
164 silly audit report       vulnerable_versions: '<8.5.10',
164 silly audit report       cwe: [Array],
164 silly audit report       cvss: [Object]
164 silly audit report     }
164 silly audit report   ]
164 silly audit report }
165 silly packumentCache corgi:https://registry.npmjs.org/next cache-miss
166 silly packumentCache corgi:https://registry.npmjs.org/postcss cache-miss
167 http fetch GET 200 https://registry.npmjs.org/postcss 65ms (cache revalidated)
168 silly packumentCache corgi:https://registry.npmjs.org/postcss set size:343873 disposed:false
169 http fetch GET 200 https://registry.npmjs.org/next 113ms (cache revalidated)
170 silly packumentCache corgi:https://registry.npmjs.org/next set size:24921576 disposed:false
171 silly ADD node_modules/@radix-ui/react-slider
172 silly ADD node_modules/@radix-ui/react-slider/node_modules/@radix-ui/react-slot
173 silly ADD node_modules/@radix-ui/react-slider/node_modules/@radix-ui/react-primitive
174 silly ADD node_modules/@radix-ui/react-slider/node_modules/@radix-ui/react-context
175 silly ADD
176 silly ADD
177 silly ADD
178 silly ADD
179 silly ADD
180 silly ADD
181 silly ADD
182 silly ADD
183 silly ADD
184 silly ADD
185 silly ADD
186 silly ADD
187 silly ADD
188 silly ADD
189 silly ADD
190 silly ADD
191 silly ADD
192 silly ADD
193 silly ADD
194 silly ADD
195 silly ADD
196 silly ADD
197 silly ADD
198 silly ADD
199 silly ADD
200 silly ADD
201 silly ADD
202 silly ADD
203 silly ADD
204 silly ADD
205 silly ADD
206 silly ADD
207 silly ADD
208 silly ADD
209 silly ADD
210 silly ADD
211 silly ADD
212 silly ADD
213 silly ADD
214 silly ADD
215 silly ADD
216 silly ADD
217 silly ADD
218 silly ADD
219 silly ADD
220 silly ADD
221 silly ADD
222 silly ADD
223 verbose cwd /home/user
224 verbose os Linux 6.1.158
225 verbose node v20.18.1
226 verbose npm  v10.8.2
227 verbose exit 0
228 info ok
