0 verbose cli /usr/local/bin/node /usr/local/bin/npm
1 info using npm@10.8.2
2 info using node@v20.18.1
3 silly config load:file:/usr/local/lib/node_modules/npm/npmrc
4 silly config load:file:/home/user/.npmrc
5 silly config load:file:/usr/local/etc/npmrc
6 verbose title npm install pdfjs-dist
7 verbose argv "install" "pdfjs-dist"
8 verbose logfile logs-max:10 dir:/home/user/.npm/_logs/2026-05-08T01_40_26_438Z-
9 verbose logfile /home/user/.npm/_logs/2026-05-08T01_40_26_438Z-debug-0.log
10 silly packumentCache heap:2197815296 maxSize:549453824 maxEntrySize:274726912
11 silly logfile start cleaning logs, removing 1 files
12 silly logfile done cleaning log files
13 silly idealTree buildDeps
14 silly fetch manifest pdfjs-dist@*
15 silly packumentCache full:https://registry.npmjs.org/pdfjs-dist cache-miss
16 http fetch GET 200 https://registry.npmjs.org/pdfjs-dist 251ms (cache miss)
17 silly packumentCache full:https://registry.npmjs.org/pdfjs-dist set size:undefined disposed:false
18 silly placeDep ROOT pdfjs-dist@5.4.624 OK for: nextjs-app@0.1.0 want: *
19 silly fetch manifest @napi-rs/canvas@^0.1.88
20 silly packumentCache full:https://registry.npmjs.org/@napi-rs%2fcanvas cache-miss
21 silly fetch manifest node-readable-to-web-readable-stream@^0.4.2
22 silly packumentCache full:https://registry.npmjs.org/node-readable-to-web-readable-stream cache-miss
23 http fetch GET 200 https://registry.npmjs.org/node-readable-to-web-readable-stream 69ms (cache miss)
24 silly packumentCache full:https://registry.npmjs.org/node-readable-to-web-readable-stream set size:undefined disposed:false
25 http fetch GET 200 https://registry.npmjs.org/@napi-rs%2fcanvas 71ms (cache miss)
26 silly packumentCache full:https://registry.npmjs.org/@napi-rs%2fcanvas set size:undefined disposed:false
27 silly placeDep ROOT @napi-rs/canvas@0.1.100 OK for: pdfjs-dist@5.4.624 want: ^0.1.88
28 silly placeDep ROOT node-readable-to-web-readable-stream@0.4.2 OK for: pdfjs-dist@5.4.624 want: ^0.4.2
29 silly fetch manifest @napi-rs/canvas-darwin-x64@0.1.100
30 silly packumentCache full:https://registry.npmjs.org/@napi-rs%2fcanvas-darwin-x64 cache-miss
31 silly fetch manifest @napi-rs/canvas-darwin-arm64@0.1.100
32 silly packumentCache full:https://registry.npmjs.org/@napi-rs%2fcanvas-darwin-arm64 cache-miss
33 silly fetch manifest @napi-rs/canvas-android-arm64@0.1.100
34 silly packumentCache full:https://registry.npmjs.org/@napi-rs%2fcanvas-android-arm64 cache-miss
35 http fetch GET 200 https://registry.npmjs.org/@napi-rs%2fcanvas-darwin-x64 59ms (cache miss)
36 silly packumentCache full:https://registry.npmjs.org/@napi-rs%2fcanvas-darwin-x64 set size:undefined disposed:false
37 silly fetch manifest @napi-rs/canvas-linux-x64-gnu@0.1.100
38 silly packumentCache full:https://registry.npmjs.org/@napi-rs%2fcanvas-linux-x64-gnu cache-miss
39 http fetch GET 200 https://registry.npmjs.org/@napi-rs%2fcanvas-darwin-arm64 69ms (cache miss)
40 silly packumentCache full:https://registry.npmjs.org/@napi-rs%2fcanvas-darwin-arm64 set size:undefined disposed:false
41 silly fetch manifest @napi-rs/canvas-linux-x64-musl@0.1.100
42 silly packumentCache full:https://registry.npmjs.org/@napi-rs%2fcanvas-linux-x64-musl cache-miss
43 http fetch GET 200 https://registry.npmjs.org/@napi-rs%2fcanvas-linux-x64-gnu 63ms (cache miss)
44 silly packumentCache full:https://registry.npmjs.org/@napi-rs%2fcanvas-linux-x64-gnu set size:undefined disposed:false
45 silly fetch manifest @napi-rs/canvas-win32-x64-msvc@0.1.100
46 silly packumentCache full:https://registry.npmjs.org/@napi-rs%2fcanvas-win32-x64-msvc cache-miss
47 http fetch GET 200 https://registry.npmjs.org/@napi-rs%2fcanvas-android-arm64 128ms (cache miss)
48 silly packumentCache full:https://registry.npmjs.org/@napi-rs%2fcanvas-android-arm64 set size:undefined disposed:false
49 silly fetch manifest @napi-rs/canvas-linux-arm64-gnu@0.1.100
50 silly packumentCache full:https://registry.npmjs.org/@napi-rs%2fcanvas-linux-arm64-gnu cache-miss
51 http fetch GET 200 https://registry.npmjs.org/@napi-rs%2fcanvas-linux-x64-musl 64ms (cache miss)
52 silly packumentCache full:https://registry.npmjs.org/@napi-rs%2fcanvas-linux-x64-musl set size:undefined disposed:false
53 silly fetch manifest @napi-rs/canvas-linux-arm64-musl@0.1.100
54 silly packumentCache full:https://registry.npmjs.org/@napi-rs%2fcanvas-linux-arm64-musl cache-miss
55 http fetch GET 200 https://registry.npmjs.org/@napi-rs%2fcanvas-linux-arm64-gnu 70ms (cache miss)
56 silly packumentCache full:https://registry.npmjs.org/@napi-rs%2fcanvas-linux-arm64-gnu set size:undefined disposed:false
57 silly fetch manifest @napi-rs/canvas-win32-arm64-msvc@0.1.100
58 silly packumentCache full:https://registry.npmjs.org/@napi-rs%2fcanvas-win32-arm64-msvc cache-miss
59 http fetch GET 200 https://registry.npmjs.org/@napi-rs%2fcanvas-win32-x64-msvc 89ms (cache miss)
60 silly packumentCache full:https://registry.npmjs.org/@napi-rs%2fcanvas-win32-x64-msvc set size:undefined disposed:false
61 silly fetch manifest @napi-rs/canvas-linux-riscv64-gnu@0.1.100
62 silly packumentCache full:https://registry.npmjs.org/@napi-rs%2fcanvas-linux-riscv64-gnu cache-miss
63 http fetch GET 200 https://registry.npmjs.org/@napi-rs%2fcanvas-linux-arm64-musl 82ms (cache miss)
64 silly packumentCache full:https://registry.npmjs.org/@napi-rs%2fcanvas-linux-arm64-musl set size:undefined disposed:false
65 silly fetch manifest @napi-rs/canvas-linux-arm-gnueabihf@0.1.100
66 silly packumentCache full:https://registry.npmjs.org/@napi-rs%2fcanvas-linux-arm-gnueabihf cache-miss
67 http fetch GET 200 https://registry.npmjs.org/@napi-rs%2fcanvas-win32-arm64-msvc 54ms (cache miss)
68 silly packumentCache full:https://registry.npmjs.org/@napi-rs%2fcanvas-win32-arm64-msvc set size:undefined disposed:false
69 http fetch GET 200 https://registry.npmjs.org/@napi-rs%2fcanvas-linux-riscv64-gnu 76ms (cache miss)
70 silly packumentCache full:https://registry.npmjs.org/@napi-rs%2fcanvas-linux-riscv64-gnu set size:undefined disposed:false
71 http fetch GET 200 https://registry.npmjs.org/@napi-rs%2fcanvas-linux-arm-gnueabihf 74ms (cache miss)
72 silly packumentCache full:https://registry.npmjs.org/@napi-rs%2fcanvas-linux-arm-gnueabihf set size:undefined disposed:false
73 silly placeDep ROOT @napi-rs/canvas-android-arm64@0.1.100 OK for: @napi-rs/canvas@0.1.100 want: 0.1.100
74 silly placeDep ROOT @napi-rs/canvas-darwin-arm64@0.1.100 OK for: @napi-rs/canvas@0.1.100 want: 0.1.100
75 silly placeDep ROOT @napi-rs/canvas-darwin-x64@0.1.100 OK for: @napi-rs/canvas@0.1.100 want: 0.1.100
76 silly placeDep ROOT @napi-rs/canvas-linux-arm-gnueabihf@0.1.100 OK for: @napi-rs/canvas@0.1.100 want: 0.1.100
77 silly placeDep ROOT @napi-rs/canvas-linux-arm64-gnu@0.1.100 OK for: @napi-rs/canvas@0.1.100 want: 0.1.100
78 silly placeDep ROOT @napi-rs/canvas-linux-arm64-musl@0.1.100 OK for: @napi-rs/canvas@0.1.100 want: 0.1.100
79 silly placeDep ROOT @napi-rs/canvas-linux-riscv64-gnu@0.1.100 OK for: @napi-rs/canvas@0.1.100 want: 0.1.100
80 silly placeDep ROOT @napi-rs/canvas-linux-x64-gnu@0.1.100 OK for: @napi-rs/canvas@0.1.100 want: 0.1.100
81 silly placeDep ROOT @napi-rs/canvas-linux-x64-musl@0.1.100 OK for: @napi-rs/canvas@0.1.100 want: 0.1.100
82 silly placeDep ROOT @napi-rs/canvas-win32-arm64-msvc@0.1.100 OK for: @napi-rs/canvas@0.1.100 want: 0.1.100
83 silly placeDep ROOT @napi-rs/canvas-win32-x64-msvc@0.1.100 OK for: @napi-rs/canvas@0.1.100 want: 0.1.100
84 warn EBADENGINE Unsupported engine {
84 warn EBADENGINE   package: 'eslint-visitor-keys@5.0.1',
84 warn EBADENGINE   required: { node: '^20.19.0 || ^22.13.0 || >=24' },
84 warn EBADENGINE   current: { node: 'v20.18.1', npm: '10.8.2' }
84 warn EBADENGINE }
85 silly reify moves {}
86 silly audit bulk request {
86 silly audit   '@alloc/quick-lru': [ '5.2.0' ],
86 silly audit   '@babel/runtime': [ '7.29.2' ],
86 silly audit   '@emnapi/core': [ '1.10.0' ],
86 silly audit   '@emnapi/runtime': [ '1.10.0' ],
86 silly audit   '@emnapi/wasi-threads': [ '1.2.1' ],
86 silly audit   '@eslint-community/eslint-utils': [ '4.9.1' ],
86 silly audit   'eslint-visitor-keys': [ '3.4.3', '5.0.1', '4.2.1' ],
86 silly audit   '@eslint-community/regexpp': [ '4.12.2' ],
86 silly audit   '@eslint/config-array': [ '0.21.2' ],
86 silly audit   '@eslint/config-helpers': [ '0.4.2' ],
86 silly audit   '@eslint/core': [ '0.17.0' ],
86 silly audit   '@eslint/eslintrc': [ '3.3.5' ],
86 silly audit   '@eslint/js': [ '9.39.4' ],
86 silly audit   '@eslint/object-schema': [ '2.1.7' ],
86 silly audit   '@eslint/plugin-kit': [ '0.4.1' ],
86 silly audit   '@floating-ui/core': [ '1.7.5' ],
86 silly audit   '@floating-ui/dom': [ '1.7.6' ],
86 silly audit   '@floating-ui/react-dom': [ '2.1.8' ],
86 silly audit   '@floating-ui/utils': [ '0.2.11' ],
86 silly audit   '@humanfs/core': [ '0.19.2' ],
86 silly audit   '@humanfs/node': [ '0.16.8' ],
86 silly audit   '@humanfs/types': [ '0.15.0' ],
86 silly audit   '@humanwhocodes/module-importer': [ '1.0.1' ],
86 silly audit   '@humanwhocodes/retry': [ '0.4.3' ],
86 silly audit   '@img/colour': [ '1.1.0' ],
86 silly audit   '@img/sharp-darwin-arm64': [ '0.34.5' ],
86 silly audit   '@img/sharp-darwin-x64': [ '0.34.5' ],
86 silly audit   '@img/sharp-libvips-darwin-arm64': [ '1.2.4' ],
86 silly audit   '@img/sharp-libvips-darwin-x64': [ '1.2.4' ],
86 silly audit   '@img/sharp-libvips-linux-arm': [ '1.2.4' ],
86 silly audit   '@img/sharp-libvips-linux-arm64': [ '1.2.4' ],
86 silly audit   '@img/sharp-libvips-linux-ppc64': [ '1.2.4' ],
86 silly audit   '@img/sharp-libvips-linux-riscv64': [ '1.2.4' ],
86 silly audit   '@img/sharp-libvips-linux-s390x': [ '1.2.4' ],
86 silly audit   '@img/sharp-libvips-linux-x64': [ '1.2.4' ],
86 silly audit   '@img/sharp-libvips-linuxmusl-arm64': [ '1.2.4' ],
86 silly audit   '@img/sharp-libvips-linuxmusl-x64': [ '1.2.4' ],
86 silly audit   '@img/sharp-linux-arm': [ '0.34.5' ],
86 silly audit   '@img/sharp-linux-arm64': [ '0.34.5' ],
86 silly audit   '@img/sharp-linux-ppc64': [ '0.34.5' ],
86 silly audit   '@img/sharp-linux-riscv64': [ '0.34.5' ],
86 silly audit   '@img/sharp-linux-s390x': [ '0.34.5' ],
86 silly audit   '@img/sharp-linux-x64': [ '0.34.5' ],
86 silly audit   '@img/sharp-linuxmusl-arm64': [ '0.34.5' ],
86 silly audit   '@img/sharp-linuxmusl-x64': [ '0.34.5' ],
86 silly audit   '@img/sharp-wasm32': [ '0.34.5' ],
86 silly audit   '@img/sharp-win32-arm64': [ '0.34.5' ],
86 silly audit   '@img/sharp-win32-ia32': [ '0.34.5' ],
86 silly audit   '@img/sharp-win32-x64': [ '0.34.5' ],
86 silly audit   '@jridgewell/gen-mapping': [ '0.3.13' ],
86 silly audit   '@jridgewell/resolve-uri': [ '3.1.2' ],
86 silly audit   '@jridgewell/sourcemap-codec': [ '1.5.5' ],
86 silly audit   '@jridgewell/trace-mapping': [ '0.3.31' ],
86 silly audit   '@napi-rs/wasm-runtime': [ '0.2.12' ],
86 silly audit   '@next/env': [ '16.2.6' ],
86 silly audit   '@next/eslint-plugin-next': [ '15.3.3' ],
86 silly audit   '@next/swc-darwin-arm64': [ '16.2.6' ],
86 silly audit   '@next/swc-darwin-x64': [ '16.2.6' ],
86 silly audit   '@next/swc-linux-arm64-gnu': [ '16.2.6' ],
86 silly audit   '@next/swc-linux-arm64-musl': [ '16.2.6' ],
86 silly audit   '@next/swc-linux-x64-gnu': [ '16.2.6' ],
86 silly audit   '@next/swc-linux-x64-musl': [ '16.2.6' ],
86 silly audit   '@next/swc-win32-arm64-msvc': [ '16.2.6' ],
86 silly audit   '@next/swc-win32-x64-msvc': [ '16.2.6' ],
86 silly audit   '@nodelib/fs.scandir': [ '2.1.5' ],
86 silly audit   '@nodelib/fs.stat': [ '2.0.5' ],
86 silly audit   '@nodelib/fs.walk': [ '1.2.8' ],
86 silly audit   '@nolyfill/is-core-module': [ '1.0.39' ],
86 silly audit   '@radix-ui/number': [ '1.1.1' ],
86 silly audit   '@radix-ui/primitive': [ '1.1.3' ],
86 silly audit   '@radix-ui/react-arrow': [ '1.1.7' ],
86 silly audit   '@radix-ui/react-primitive': [ '2.1.3', '2.1.4' ],
86 silly audit   '@radix-ui/react-slot': [ '1.2.3', '1.2.4' ],
86 silly audit   '@radix-ui/react-avatar': [ '1.1.11' ],
86 silly audit   '@radix-ui/react-checkbox': [ '1.3.3' ],
86 silly audit   '@radix-ui/react-context': [ '1.1.2', '1.1.3' ],
86 silly audit   '@radix-ui/react-collection': [ '1.1.7' ],
86 silly audit   '@radix-ui/react-compose-refs': [ '1.1.2' ],
86 silly audit   '@radix-ui/react-dialog': [ '1.1.15' ],
86 silly audit   '@radix-ui/react-direction': [ '1.1.1' ],
86 silly audit   '@radix-ui/react-dismissable-layer': [ '1.1.11' ],
86 silly audit   '@radix-ui/react-dropdown-menu': [ '2.1.16' ],
86 silly audit   '@radix-ui/react-focus-guards': [ '1.1.3' ],
86 silly audit   '@radix-ui/react-focus-scope': [ '1.1.7' ],
86 silly audit   '@radix-ui/react-id': [ '1.1.1' ],
86 silly audit   '@radix-ui/react-label': [ '2.1.8' ],
86 silly audit   '@radix-ui/react-menu': [ '2.1.16' ],
86 silly audit   '@radix-ui/react-popover': [ '1.1.15' ],
86 silly audit   '@radix-ui/react-popper': [ '1.2.8' ],
86 silly audit   '@radix-ui/react-portal': [ '1.1.9' ],
86 silly audit   '@radix-ui/react-presence': [ '1.1.5' ],
86 silly audit   '@radix-ui/react-progress': [ '1.1.8' ],
86 silly audit   '@radix-ui/react-roving-focus': [ '1.1.11' ],
86 silly audit   '@radix-ui/react-scroll-area': [ '1.2.10' ],
86 silly audit   '@radix-ui/react-select': [ '2.2.6' ],
86 silly audit   '@radix-ui/react-separator': [ '1.1.8' ],
86 silly audit   '@radix-ui/react-slider': [ '1.3.6' ],
86 silly audit   '@radix-ui/react-switch': [ '1.2.6' ],
86 silly audit   '@radix-ui/react-tabs': [ '1.1.13' ],
86 silly audit   '@radix-ui/react-tooltip': [ '1.2.8' ],
86 silly audit   '@radix-ui/react-use-callback-ref': [ '1.1.1' ],
86 silly audit   '@radix-ui/react-use-controllable-state': [ '1.2.2' ],
86 silly audit   '@radix-ui/react-use-effect-event': [ '0.0.2' ],
86 silly audit   '@radix-ui/react-use-escape-keydown': [ '1.1.1' ],
86 silly audit   '@radix-ui/react-use-is-hydrated': [ '0.1.0' ],
86 silly audit   '@radix-ui/react-use-layout-effect': [ '1.1.1' ],
86 silly audit   '@radix-ui/react-use-previous': [ '1.1.1' ],
86 silly audit   '@radix-ui/react-use-rect': [ '1.1.1' ],
86 silly audit   '@radix-ui/react-use-size': [ '1.1.1' ],
86 silly audit   '@radix-ui/react-visually-hidden': [ '1.2.3' ],
86 silly audit   '@radix-ui/rect': [ '1.1.1' ],
86 silly audit   '@rtsao/scc': [ '1.1.0' ],
86 silly audit   '@rushstack/eslint-patch': [ '1.16.1' ],
86 silly audit   '@supabase/auth-js': [ '2.105.3' ],
86 silly audit   '@supabase/functions-js': [ '2.105.3' ],
86 silly audit   '@supabase/phoenix': [ '0.4.1' ],
86 silly audit   '@supabase/postgrest-js': [ '2.105.3' ],
86 silly audit   '@supabase/realtime-js': [ '2.105.3' ],
86 silly audit   '@supabase/storage-js': [ '2.105.3' ],
86 silly audit   '@supabase/supabase-js': [ '2.105.3' ],
86 silly audit   '@swc/helpers': [ '0.5.15' ],
86 silly audit   '@tybys/wasm-util': [ '0.10.2' ],
86 silly audit   '@types/d3-array': [ '3.2.2' ],
86 silly audit   '@types/d3-color': [ '3.1.3' ],
86 silly audit   '@types/d3-ease': [ '3.0.2' ],
86 silly audit   '@types/d3-interpolate': [ '3.0.4' ],
86 silly audit   '@types/d3-path': [ '3.1.1' ],
86 silly audit   '@types/d3-scale': [ '4.0.9' ],
86 silly audit   '@types/d3-shape': [ '3.1.8' ],
86 silly audit   '@types/d3-time': [ '3.0.4' ],
86 silly audit   '@types/d3-timer': [ '3.0.2' ],
86 silly audit   '@types/estree': [ '1.0.9' ],
86 silly audit   '@types/json-schema': [ '7.0.15' ],
86 silly audit   '@types/json5': [ '0.0.29' ],
86 silly audit   '@types/node': [ '22.19.17' ],
86 silly audit   '@types/react': [ '19.2.14' ],
86 silly audit   '@types/react-dom': [ '19.2.3' ],
86 silly audit   '@types/ws': [ '8.18.1' ],
86 silly audit   '@typescript-eslint/eslint-plugin': [ '8.59.2' ],
86 silly audit   ignore: [ '7.0.5', '5.3.2' ],
86 silly audit   '@typescript-eslint/parser': [ '8.59.2' ],
86 silly audit   '@typescript-eslint/project-service': [ '8.59.2' ],
86 silly audit   '@typescript-eslint/scope-manager': [ '8.59.2' ],
86 silly audit   '@typescript-eslint/tsconfig-utils': [ '8.59.2' ],
86 silly audit   '@typescript-eslint/type-utils': [ '8.59.2' ],
86 silly audit   '@typescript-eslint/types': [ '8.59.2' ],
86 silly audit   '@typescript-eslint/typescript-estree': [ '8.59.2' ],
86 silly audit   'balanced-match': [ '4.0.4', '1.0.2' ],
86 silly audit   'brace-expansion': [ '5.0.5', '1.1.14' ],
86 silly audit   minimatch: [ '10.2.5', '3.1.5' ],
86 silly audit   '@typescript-eslint/utils': [ '8.59.2' ],
86 silly audit   '@typescript-eslint/visitor-keys': [ '8.59.2' ],
86 silly audit   '@unrs/resolver-binding-android-arm-eabi': [ '1.11.1' ],
86 silly audit   '@unrs/resolver-binding-android-arm64': [ '1.11.1' ],
86 silly audit   '@unrs/resolver-binding-darwin-arm64': [ '1.11.1' ],
86 silly audit   '@unrs/resolver-binding-darwin-x64': [ '1.11.1' ],
86 silly audit   '@unrs/resolver-binding-freebsd-x64': [ '1.11.1' ],
86 silly audit   '@unrs/resolver-binding-linux-arm-gnueabihf': [ '1.11.1' ],
86 silly audit   '@unrs/resolver-binding-linux-arm-musleabihf': [ '1.11.1' ],
86 silly audit   '@unrs/resolver-binding-linux-arm64-gnu': [ '1.11.1' ],
86 silly audit   '@unrs/resolver-binding-linux-arm64-musl': [ '1.11.1' ],
86 silly audit   '@unrs/resolver-binding-linux-ppc64-gnu': [ '1.11.1' ],
86 silly audit   '@unrs/resolver-binding-linux-riscv64-gnu': [ '1.11.1' ],
86 silly audit   '@unrs/resolver-binding-linux-riscv64-musl': [ '1.11.1' ],
86 silly audit   '@unrs/resolver-binding-linux-s390x-gnu': [ '1.11.1' ],
86 silly audit   '@unrs/resolver-binding-linux-x64-gnu': [ '1.11.1' ],
86 silly audit   '@unrs/resolver-binding-linux-x64-musl': [ '1.11.1' ],
86 silly audit   '@unrs/resolver-binding-wasm32-wasi': [ '1.11.1' ],
86 silly audit   '@unrs/resolver-binding-win32-arm64-msvc': [ '1.11.1' ],
86 silly audit   '@unrs/resolver-binding-win32-ia32-msvc': [ '1.11.1' ],
86 silly audit   '@unrs/resolver-binding-win32-x64-msvc': [ '1.11.1' ],
86 silly audit   acorn: [ '8.16.0' ],
86 silly audit   'acorn-jsx': [ '5.3.2' ],
86 silly audit   ajv: [ '6.15.0' ],
86 silly audit   'ansi-styles': [ '4.3.0' ],
86 silly audit   'any-promise': [ '1.3.0' ],
86 silly audit   anymatch: [ '3.1.3' ],
86 silly audit   arg: [ '5.0.2' ],
86 silly audit   argparse: [ '2.0.1' ],
86 silly audit   'aria-hidden': [ '1.2.6' ],
86 silly audit   'aria-query': [ '5.3.2' ],
86 silly audit   'array-buffer-byte-length': [ '1.0.2' ],
86 silly audit   'array-includes': [ '3.1.9' ],
86 silly audit   'array.prototype.findlast': [ '1.2.5' ],
86 silly audit   'array.prototype.findlastindex': [ '1.2.6' ],
86 silly audit   'array.prototype.flat': [ '1.3.3' ],
86 silly audit   'array.prototype.flatmap': [ '1.3.3' ],
86 silly audit   'array.prototype.tosorted': [ '1.1.4' ],
86 silly audit   'arraybuffer.prototype.slice': [ '1.0.4' ],
86 silly audit   'ast-types-flow': [ '0.0.8' ],
86 silly audit   'async-function': [ '1.0.0' ],
86 silly audit   autoprefixer: [ '10.5.0' ],
86 silly audit   'available-typed-arrays': [ '1.0.7' ],
86 silly audit   'axe-core': [ '4.11.4' ],
86 silly audit   'axobject-query': [ '4.1.0' ],
86 silly audit   'baseline-browser-mapping': [ '2.10.27' ],
86 silly audit   'binary-extensions': [ '2.3.0' ],
86 silly audit   braces: [ '3.0.3' ],
86 silly audit   browserslist: [ '4.28.2' ],
86 silly audit   'call-bind': [ '1.0.9' ],
86 silly audit   'call-bind-apply-helpers': [ '1.0.2' ],
86 silly audit   'call-bound': [ '1.0.4' ],
86 silly audit   callsites: [ '3.1.0' ],
86 silly audit   'camelcase-css': [ '2.0.1' ],
86 silly audit   'caniuse-lite': [ '1.0.30001792' ],
86 silly audit   chalk: [ '4.1.2' ],
86 silly audit   chokidar: [ '3.6.0' ],
86 silly audit   'glob-parent': [ '5.1.2', '6.0.2' ],
86 silly audit   'class-variance-authority': [ '0.7.1' ],
86 silly audit   'client-only': [ '0.0.1' ],
86 silly audit   clsx: [ '2.1.1' ],
86 silly audit   'color-convert': [ '2.0.1' ],
86 silly audit   'color-name': [ '1.1.4' ],
86 silly audit   commander: [ '4.1.1' ],
86 silly audit   'concat-map': [ '0.0.1' ],
86 silly audit   'cross-spawn': [ '7.0.6' ],
86 silly audit   cssesc: [ '3.0.0' ],
86 silly audit   csstype: [ '3.2.3' ],
86 silly audit   'd3-array': [ '3.2.4' ],
86 silly audit   'd3-color': [ '3.1.0' ],
86 silly audit   'd3-ease': [ '3.0.1' ],
86 silly audit   'd3-format': [ '3.1.2' ],
86 silly audit   'd3-interpolate': [ '3.0.1' ],
86 silly audit   'd3-path': [ '3.1.0' ],
86 silly audit   'd3-scale': [ '4.0.2' ],
86 silly audit   'd3-shape': [ '3.2.0' ],
86 silly audit   'd3-time': [ '3.1.0' ],
86 silly audit   'd3-time-format': [ '4.1.0' ],
86 silly audit   'd3-timer': [ '3.0.1' ],
86 silly audit   'damerau-levenshtein': [ '1.0.8' ],
86 silly audit   'data-view-buffer': [ '1.0.2' ],
86 silly audit   'data-view-byte-length': [ '1.0.2' ],
86 silly audit   'data-view-byte-offset': [ '1.0.1' ],
86 silly audit   'date-fns': [ '4.1.0' ],
86 silly audit   debug: [ '4.4.3', '3.2.7' ],
86 silly audit   'decimal.js-light': [ '2.5.1' ],
86 silly audit   'deep-is': [ '0.1.4' ],
86 silly audit   'define-data-property': [ '1.1.4' ],
86 silly audit   'define-properties': [ '1.2.1' ],
86 silly audit   'detect-libc': [ '2.1.2' ],
86 silly audit   'detect-node-es': [ '1.1.0' ],
86 silly audit   didyoumean: [ '1.2.2' ],
86 silly audit   dlv: [ '1.1.3' ],
86 silly audit   doctrine: [ '2.1.0' ],
86 silly audit   'dom-helpers': [ '5.2.1' ],
86 silly audit   'dunder-proto': [ '1.0.1' ],
86 silly audit   'electron-to-chromium': [ '1.5.352' ],
86 silly audit   'emoji-regex': [ '9.2.2' ],
86 silly audit   'es-abstract': [ '1.24.2' ],
86 silly audit   'es-define-property': [ '1.0.1' ],
86 silly audit   'es-errors': [ '1.3.0' ],
86 silly audit   'es-iterator-helpers': [ '1.3.2' ],
86 silly audit   'es-object-atoms': [ '1.1.1' ],
86 silly audit   'es-set-tostringtag': [ '2.1.0' ],
86 silly audit   'es-shim-unscopables': [ '1.1.0' ],
86 silly audit   'es-to-primitive': [ '1.3.0' ],
86 silly audit   escalade: [ '3.2.0' ],
86 silly audit   'escape-string-regexp': [ '4.0.0' ],
86 silly audit   eslint: [ '9.39.4' ],
86 silly audit   'eslint-config-next': [ '15.3.3' ],
86 silly audit   'eslint-import-resolver-node': [ '0.3.10' ],
86 silly audit   'eslint-import-resolver-typescript': [ '3.10.1' ],
86 silly audit   'eslint-module-utils': [ '2.12.1' ],
86 silly audit   'eslint-plugin-import': [ '2.32.0' ],
86 silly audit   semver: [ '6.3.1', '7.7.4' ],
86 silly audit   'eslint-plugin-jsx-a11y': [ '6.10.2' ],
86 silly audit   'eslint-plugin-react': [ '7.37.5' ],
86 silly audit   'eslint-plugin-react-hooks': [ '5.2.0' ],
86 silly audit   'eslint-scope': [ '8.4.0' ],
86 silly audit   espree: [ '10.4.0' ],
86 silly audit   esquery: [ '1.7.0' ],
86 silly audit   esrecurse: [ '4.3.0' ],
86 silly audit   estraverse: [ '5.3.0' ],
86 silly audit   esutils: [ '2.0.3' ],
86 silly audit   eventemitter3: [ '4.0.7' ],
86 silly audit   'fast-deep-equal': [ '3.1.3' ],
86 silly audit   'fast-equals': [ '5.4.0' ],
86 silly audit   'fast-glob': [ '3.3.1', '3.3.3' ],
86 silly audit   'fast-json-stable-stringify': [ '2.1.0' ],
86 silly audit   'fast-levenshtein': [ '2.0.6' ],
86 silly audit   fastq: [ '1.20.1' ],
86 silly audit   'file-entry-cache': [ '8.0.0' ],
86 silly audit   'fill-range': [ '7.1.1' ],
86 silly audit   'find-up': [ '5.0.0' ],
86 silly audit   'flat-cache': [ '4.0.1' ],
86 silly audit   flatted: [ '3.4.2' ],
86 silly audit   'for-each': [ '0.3.5' ],
86 silly audit   'fraction.js': [ '5.3.4' ],
86 silly audit   'framer-motion': [ '12.38.0' ],
86 silly audit   fsevents: [ '2.3.3' ],
86 silly audit   'function-bind': [ '1.1.2' ],
86 silly audit   'function.prototype.name': [ '1.1.8' ],
86 silly audit   'functions-have-names': [ '1.2.3' ],
86 silly audit   'generator-function': [ '2.0.1' ],
86 silly audit   'get-intrinsic': [ '1.3.0' ],
86 silly audit   'get-nonce': [ '1.0.1' ],
86 silly audit   'get-proto': [ '1.0.1' ],
86 silly audit   'get-symbol-description': [ '1.1.0' ],
86 silly audit   'get-tsconfig': [ '4.14.0' ],
86 silly audit   globals: [ '14.0.0' ],
86 silly audit   globalthis: [ '1.0.4' ],
86 silly audit   gopd: [ '1.2.0' ],
86 silly audit   'has-bigints': [ '1.1.0' ],
86 silly audit   'has-flag': [ '4.0.0' ],
86 silly audit   'has-property-descriptors': [ '1.0.2' ],
86 silly audit   'has-proto': [ '1.2.0' ],
86 silly audit   'has-symbols': [ '1.1.0' ],
86 silly audit   'has-tostringtag': [ '1.0.2' ],
86 silly audit   hasown: [ '2.0.3' ],
86 silly audit   'iceberg-js': [ '0.8.1' ],
86 silly audit   'import-fresh': [ '3.3.1' ],
86 silly audit   imurmurhash: [ '0.1.4' ],
86 silly audit   'internal-slot': [ '1.1.0' ],
86 silly audit   internmap: [ '2.0.3' ],
86 silly audit   'is-array-buffer': [ '3.0.5' ],
86 silly audit   'is-async-function': [ '2.1.1' ],
86 silly audit   'is-bigint': [ '1.1.0' ],
86 silly audit   'is-binary-path': [ '2.1.0' ],
86 silly audit   'is-boolean-object': [ '1.2.2' ],
86 silly audit   'is-bun-module': [ '2.0.0' ],
86 silly audit   'is-callable': [ '1.2.7' ],
86 silly audit   'is-core-module': [ '2.16.2' ],
86 silly audit   'is-data-view': [ '1.0.2' ],
86 silly audit   'is-date-object': [ '1.1.0' ],
86 silly audit   'is-extglob': [ '2.1.1' ],
86 silly audit   'is-finalizationregistry': [ '1.1.1' ],
86 silly audit   'is-generator-function': [ '1.1.2' ],
86 silly audit   'is-glob': [ '4.0.3' ],
86 silly audit   'is-map': [ '2.0.3' ],
86 silly audit   'is-negative-zero': [ '2.0.3' ],
86 silly audit   'is-number': [ '7.0.0' ],
86 silly audit   'is-number-object': [ '1.1.1' ],
86 silly audit   'is-regex': [ '1.2.1' ],
86 silly audit   'is-set': [ '2.0.3' ],
86 silly audit   'is-shared-array-buffer': [ '1.0.4' ],
86 silly audit   'is-string': [ '1.1.1' ],
86 silly audit   'is-symbol': [ '1.1.1' ],
86 silly audit   'is-typed-array': [ '1.1.15' ],
86 silly audit   'is-weakmap': [ '2.0.2' ],
86 silly audit   'is-weakref': [ '1.1.1' ],
86 silly audit   'is-weakset': [ '2.0.4' ],
86 silly audit   isarray: [ '2.0.5' ],
86 silly audit   isexe: [ '2.0.0' ],
86 silly audit   'iterator.prototype': [ '1.1.5' ],
86 silly audit   jiti: [ '1.21.7' ],
86 silly audit   'js-tokens': [ '4.0.0' ],
86 silly audit   'js-yaml': [ '4.1.1' ],
86 silly audit   'json-buffer': [ '3.0.1' ],
86 silly audit   'json-schema-traverse': [ '0.4.1' ],
86 silly audit   'json-stable-stringify-without-jsonify': [ '1.0.1' ],
86 silly audit   json5: [ '1.0.2' ],
86 silly audit   'jsx-ast-utils': [ '3.3.5' ],
86 silly audit   keyv: [ '4.5.4' ],
86 silly audit   'language-subtag-registry': [ '0.3.23' ],
86 silly audit   'language-tags': [ '1.0.9' ],
86 silly audit   levn: [ '0.4.1' ],
86 silly audit   lilconfig: [ '3.1.3' ],
86 silly audit   'lines-and-columns': [ '1.2.4' ],
86 silly audit   'locate-path': [ '6.0.0' ],
86 silly audit   lodash: [ '4.18.1' ],
86 silly audit   'lodash.merge': [ '4.6.2' ],
86 silly audit   'loose-envify': [ '1.4.0' ],
86 silly audit   'lucide-react': [ '0.475.0' ],
86 silly audit   'math-intrinsics': [ '1.1.0' ],
86 silly audit   merge2: [ '1.4.1' ],
86 silly audit   micromatch: [ '4.0.8' ],
86 silly audit   minimist: [ '1.2.8' ],
86 silly audit   'motion-dom': [ '12.38.0' ],
86 silly audit   'motion-utils': [ '12.36.0' ],
86 silly audit   ms: [ '2.1.3' ],
86 silly audit   mz: [ '2.7.0' ],
86 silly audit   nanoid: [ '3.3.12' ],
86 silly audit   'napi-postinstall': [ '0.3.4' ],
86 silly audit   'natural-compare': [ '1.4.0' ],
86 silly audit   next: [ '16.2.6' ],
86 silly audit   postcss: [ '8.4.31', '8.5.14' ],
86 silly audit   'node-exports-info': [ '1.6.0' ],
86 silly audit   'node-releases': [ '2.0.38' ],
86 silly audit   'normalize-path': [ '3.0.0' ],
86 silly audit   'object-assign': [ '4.1.1' ],
86 silly audit   'object-hash': [ '3.0.0' ],
86 silly audit   'object-inspect': [ '1.13.4' ],
86 silly audit   'object-keys': [ '1.1.1' ],
86 silly audit   'object.assign': [ '4.1.7' ],
86 silly audit   'object.entries': [ '1.1.9' ],
86 silly audit   'object.fromentries': [ '2.0.8' ],
86 silly audit   'object.groupby': [ '1.0.3' ],
86 silly audit   'object.values': [ '1.2.1' ],
86 silly audit   optionator: [ '0.9.4' ],
86 silly audit   'own-keys': [ '1.0.1' ],
86 silly audit   'p-limit': [ '3.1.0' ],
86 silly audit   'p-locate': [ '5.0.0' ],
86 silly audit   'parent-module': [ '1.0.1' ],
86 silly audit   'path-exists': [ '4.0.0' ],
86 silly audit   'path-key': [ '3.1.1' ],
86 silly audit   'path-parse': [ '1.0.7' ],
86 silly audit   picocolors: [ '1.1.1' ],
86 silly audit   picomatch: [ '2.3.2', '4.0.4' ],
86 silly audit   pify: [ '2.3.0' ],
86 silly audit   pirates: [ '4.0.7' ],
86 silly audit   'possible-typed-array-names': [ '1.1.0' ],
86 silly audit   'postcss-import': [ '15.1.0' ],
86 silly audit   resolve: [ '1.22.12', '2.0.0-next.6' ],
86 silly audit   'postcss-js': [ '4.1.0' ],
86 silly audit   'postcss-load-config': [ '6.0.1' ],
86 silly audit   'postcss-nested': [ '6.2.0' ],
86 silly audit   'postcss-selector-parser': [ '6.1.2' ],
86 silly audit   'postcss-value-parser': [ '4.2.0' ],
86 silly audit   'prelude-ls': [ '1.2.1' ],
86 silly audit   'prop-types': [ '15.8.1' ],
86 silly audit   punycode: [ '2.3.1' ],
86 silly audit   'queue-microtask': [ '1.2.3' ],
86 silly audit   react: [ '19.2.6' ],
86 silly audit   'react-dom': [ '19.2.6' ],
86 silly audit   'react-is': [ '16.13.1', '18.3.1' ],
86 silly audit   'react-remove-scroll': [ '2.7.2' ],
86 silly audit   'react-remove-scroll-bar': [ '2.3.8' ],
86 silly audit   'react-smooth': [ '4.0.4' ],
86 silly audit   'react-style-singleton': [ '2.2.3' ],
86 silly audit   'react-transition-group': [ '4.4.5' ],
86 silly audit   'read-cache': [ '1.0.0' ],
86 silly audit   readdirp: [ '3.6.0' ],
86 silly audit   recharts: [ '2.15.4' ],
86 silly audit   'recharts-scale': [ '0.4.5' ],
86 silly audit   'reflect.getprototypeof': [ '1.0.10' ],
86 silly audit   'regexp.prototype.flags': [ '1.5.4' ],
86 silly audit   'resolve-from': [ '4.0.0' ],
86 silly audit   'resolve-pkg-maps': [ '1.0.0' ],
86 silly audit   reusify: [ '1.1.0' ],
86 silly audit   'run-parallel': [ '1.2.0' ],
86 silly audit   'safe-array-concat': [ '1.1.4' ],
86 silly audit   'safe-push-apply': [ '1.0.0' ],
86 silly audit   'safe-regex-test': [ '1.1.0' ],
86 silly audit   scheduler: [ '0.27.0' ],
86 silly audit   'set-function-length': [ '1.2.2' ],
86 silly audit   'set-function-name': [ '2.0.2' ],
86 silly audit   'set-proto': [ '1.0.0' ],
86 silly audit   sharp: [ '0.34.5' ],
86 silly audit   'shebang-command': [ '2.0.0' ],
86 silly audit   'shebang-regex': [ '3.0.0' ],
86 silly audit   'side-channel': [ '1.1.0' ],
86 silly audit   'side-channel-list': [ '1.0.1' ],
86 silly audit   'side-channel-map': [ '1.0.1' ],
86 silly audit   'side-channel-weakmap': [ '1.0.2' ],
86 silly audit   'source-map-js': [ '1.2.1' ],
86 silly audit   'stable-hash': [ '0.0.5' ],
86 silly audit   'stop-iteration-iterator': [ '1.1.0' ],
86 silly audit   'string.prototype.includes': [ '2.0.1' ],
86 silly audit   'string.prototype.matchall': [ '4.0.12' ],
86 silly audit   'string.prototype.repeat': [ '1.0.0' ],
86 silly audit   'string.prototype.trim': [ '1.2.10' ],
86 silly audit   'string.prototype.trimend': [ '1.0.9' ],
86 silly audit   'string.prototype.trimstart': [ '1.0.8' ],
86 silly audit   'strip-bom': [ '3.0.0' ],
86 silly audit   'strip-json-comments': [ '3.1.1' ],
86 silly audit   'styled-jsx': [ '5.1.6' ],
86 silly audit   sucrase: [ '3.35.1' ],
86 silly audit   'supports-color': [ '7.2.0' ],
86 silly audit   'supports-preserve-symlinks-flag': [ '1.0.0' ],
86 silly audit   'tailwind-merge': [ '3.5.0' ],
86 silly audit   tailwindcss: [ '3.4.19' ],
86 silly audit   'tailwindcss-animate': [ '1.0.7' ],
86 silly audit   thenify: [ '3.3.1' ],
86 silly audit   'thenify-all': [ '1.6.0' ],
86 silly audit   'tiny-invariant': [ '1.3.3' ],
86 silly audit   tinyglobby: [ '0.2.16' ],
86 silly audit   fdir: [ '6.5.0' ],
86 silly audit   'to-regex-range': [ '5.0.1' ],
86 silly audit   'ts-api-utils': [ '2.5.0' ],
86 silly audit   'ts-interface-checker': [ '0.1.13' ],
86 silly audit   'tsconfig-paths': [ '3.15.0' ],
86 silly audit   tslib: [ '2.8.1' ],
86 silly audit   'type-check': [ '0.4.0' ],
86 silly audit   'typed-array-buffer': [ '1.0.3' ],
86 silly audit   'typed-array-byte-length': [ '1.0.3' ],
86 silly audit   'typed-array-byte-offset': [ '1.0.4' ],
86 silly audit   'typed-array-length': [ '1.0.7' ],
86 silly audit   typescript: [ '5.9.3' ],
86 silly audit   'unbox-primitive': [ '1.1.0' ],
86 silly audit   'undici-types': [ '6.21.0' ],
86 silly audit   'unrs-resolver': [ '1.11.1' ],
86 silly audit   'update-browserslist-db': [ '1.2.3' ],
86 silly audit   'uri-js': [ '4.4.1' ],
86 silly audit   'use-callback-ref': [ '1.3.3' ],
86 silly audit   'use-sidecar': [ '1.1.3' ],
86 silly audit   'use-sync-external-store': [ '1.6.0' ],
86 silly audit   'util-deprecate': [ '1.0.2' ],
86 silly audit   'victory-vendor': [ '36.9.2' ],
86 silly audit   which: [ '2.0.2' ],
86 silly audit   'which-boxed-primitive': [ '1.1.1' ],
86 silly audit   'which-builtin-type': [ '1.2.1' ],
86 silly audit   'which-collection': [ '1.0.2' ],
86 silly audit   'which-typed-array': [ '1.1.20' ],
86 silly audit   'word-wrap': [ '1.2.5' ],
86 silly audit   ws: [ '8.20.0' ],
86 silly audit   'yocto-queue': [ '0.1.0' ],
86 silly audit   'pdfjs-dist': [ '5.4.624' ],
86 silly audit   '@napi-rs/canvas': [ '0.1.100' ],
86 silly audit   'node-readable-to-web-readable-stream': [ '0.4.2' ],
86 silly audit   '@napi-rs/canvas-android-arm64': [ '0.1.100' ],
86 silly audit   '@napi-rs/canvas-darwin-arm64': [ '0.1.100' ],
86 silly audit   '@napi-rs/canvas-darwin-x64': [ '0.1.100' ],
86 silly audit   '@napi-rs/canvas-linux-arm-gnueabihf': [ '0.1.100' ],
86 silly audit   '@napi-rs/canvas-linux-arm64-gnu': [ '0.1.100' ],
86 silly audit   '@napi-rs/canvas-linux-arm64-musl': [ '0.1.100' ],
86 silly audit   '@napi-rs/canvas-linux-riscv64-gnu': [ '0.1.100' ],
86 silly audit   '@napi-rs/canvas-linux-x64-gnu': [ '0.1.100' ],
86 silly audit   '@napi-rs/canvas-linux-x64-musl': [ '0.1.100' ],
86 silly audit   '@napi-rs/canvas-win32-arm64-msvc': [ '0.1.100' ],
86 silly audit   '@napi-rs/canvas-win32-x64-msvc': [ '0.1.100' ]
86 silly audit }
87 verbose reify failed optional dependency /home/user/node_modules/@napi-rs/canvas-win32-x64-msvc
88 silly reify mark deleted [ '/home/user/node_modules/@napi-rs/canvas-win32-x64-msvc' ]
89 verbose reify failed optional dependency /home/user/node_modules/@napi-rs/canvas-win32-arm64-msvc
90 silly reify mark deleted [ '/home/user/node_modules/@napi-rs/canvas-win32-arm64-msvc' ]
91 verbose reify failed optional dependency /home/user/node_modules/@napi-rs/canvas-linux-x64-musl
92 silly reify mark deleted [ '/home/user/node_modules/@napi-rs/canvas-linux-x64-musl' ]
93 verbose reify failed optional dependency /home/user/node_modules/@napi-rs/canvas-linux-riscv64-gnu
94 silly reify mark deleted [ '/home/user/node_modules/@napi-rs/canvas-linux-riscv64-gnu' ]
95 verbose reify failed optional dependency /home/user/node_modules/@napi-rs/canvas-linux-arm64-musl
96 silly reify mark deleted [ '/home/user/node_modules/@napi-rs/canvas-linux-arm64-musl' ]
97 verbose reify failed optional dependency /home/user/node_modules/@napi-rs/canvas-linux-arm64-gnu
98 silly reify mark deleted [ '/home/user/node_modules/@napi-rs/canvas-linux-arm64-gnu' ]
99 verbose reify failed optional dependency /home/user/node_modules/@napi-rs/canvas-linux-arm-gnueabihf
100 silly reify mark deleted [ '/home/user/node_modules/@napi-rs/canvas-linux-arm-gnueabihf' ]
101 verbose reify failed optional dependency /home/user/node_modules/@napi-rs/canvas-darwin-x64
102 silly reify mark deleted [ '/home/user/node_modules/@napi-rs/canvas-darwin-x64' ]
103 verbose reify failed optional dependency /home/user/node_modules/@napi-rs/canvas-darwin-arm64
104 silly reify mark deleted [ '/home/user/node_modules/@napi-rs/canvas-darwin-arm64' ]
105 verbose reify failed optional dependency /home/user/node_modules/@napi-rs/canvas-android-arm64
106 silly reify mark deleted [ '/home/user/node_modules/@napi-rs/canvas-android-arm64' ]
107 verbose reify failed optional dependency /home/user/node_modules/fsevents
108 silly reify mark deleted [ '/home/user/node_modules/fsevents' ]
109 verbose reify failed optional dependency /home/user/node_modules/@unrs/resolver-binding-win32-x64-msvc
110 silly reify mark deleted [ '/home/user/node_modules/@unrs/resolver-binding-win32-x64-msvc' ]
111 verbose reify failed optional dependency /home/user/node_modules/@unrs/resolver-binding-win32-ia32-msvc
112 silly reify mark deleted [ '/home/user/node_modules/@unrs/resolver-binding-win32-ia32-msvc' ]
113 verbose reify failed optional dependency /home/user/node_modules/@unrs/resolver-binding-win32-arm64-msvc
114 silly reify mark deleted [ '/home/user/node_modules/@unrs/resolver-binding-win32-arm64-msvc' ]
115 verbose reify failed optional dependency /home/user/node_modules/@unrs/resolver-binding-wasm32-wasi
116 silly reify mark deleted [ '/home/user/node_modules/@unrs/resolver-binding-wasm32-wasi' ]
117 verbose reify failed optional dependency /home/user/node_modules/@napi-rs/wasm-runtime
118 silly reify mark deleted [ '/home/user/node_modules/@napi-rs/wasm-runtime' ]
119 verbose reify failed optional dependency /home/user/node_modules/@emnapi/core
120 silly reify mark deleted [ '/home/user/node_modules/@emnapi/core' ]
121 verbose reify failed optional dependency /home/user/node_modules/@tybys/wasm-util
122 silly reify mark deleted [ '/home/user/node_modules/@tybys/wasm-util' ]
123 verbose reify failed optional dependency /home/user/node_modules/@emnapi/wasi-threads
124 silly reify mark deleted [ '/home/user/node_modules/@emnapi/wasi-threads' ]
125 verbose reify failed optional dependency /home/user/node_modules/@unrs/resolver-binding-linux-s390x-gnu
126 silly reify mark deleted [ '/home/user/node_modules/@unrs/resolver-binding-linux-s390x-gnu' ]
127 verbose reify failed optional dependency /home/user/node_modules/@unrs/resolver-binding-linux-riscv64-musl
128 silly reify mark deleted [ '/home/user/node_modules/@unrs/resolver-binding-linux-riscv64-musl' ]
129 verbose reify failed optional dependency /home/user/node_modules/@unrs/resolver-binding-linux-riscv64-gnu
130 silly reify mark deleted [ '/home/user/node_modules/@unrs/resolver-binding-linux-riscv64-gnu' ]
131 verbose reify failed optional dependency /home/user/node_modules/@unrs/resolver-binding-linux-ppc64-gnu
132 silly reify mark deleted [ '/home/user/node_modules/@unrs/resolver-binding-linux-ppc64-gnu' ]
133 verbose reify failed optional dependency /home/user/node_modules/@unrs/resolver-binding-linux-arm64-musl
134 silly reify mark deleted [ '/home/user/node_modules/@unrs/resolver-binding-linux-arm64-musl' ]
135 verbose reify failed optional dependency /home/user/node_modules/@unrs/resolver-binding-linux-arm64-gnu
136 silly reify mark deleted [ '/home/user/node_modules/@unrs/resolver-binding-linux-arm64-gnu' ]
137 verbose reify failed optional dependency /home/user/node_modules/@unrs/resolver-binding-linux-arm-musleabihf
138 silly reify mark deleted [
138 silly reify   '/home/user/node_modules/@unrs/resolver-binding-linux-arm-musleabihf'
138 silly reify ]
139 verbose reify failed optional dependency /home/user/node_modules/@unrs/resolver-binding-linux-arm-gnueabihf
140 silly reify mark deleted [
140 silly reify   '/home/user/node_modules/@unrs/resolver-binding-linux-arm-gnueabihf'
140 silly reify ]
141 verbose reify failed optional dependency /home/user/node_modules/@unrs/resolver-binding-freebsd-x64
142 silly reify mark deleted [ '/home/user/node_modules/@unrs/resolver-binding-freebsd-x64' ]
143 verbose reify failed optional dependency /home/user/node_modules/@unrs/resolver-binding-darwin-x64
144 silly reify mark deleted [ '/home/user/node_modules/@unrs/resolver-binding-darwin-x64' ]
145 verbose reify failed optional dependency /home/user/node_modules/@unrs/resolver-binding-darwin-arm64
146 silly reify mark deleted [ '/home/user/node_modules/@unrs/resolver-binding-darwin-arm64' ]
147 verbose reify failed optional dependency /home/user/node_modules/@unrs/resolver-binding-android-arm64
148 silly reify mark deleted [ '/home/user/node_modules/@unrs/resolver-binding-android-arm64' ]
149 verbose reify failed optional dependency /home/user/node_modules/@unrs/resolver-binding-android-arm-eabi
150 silly reify mark deleted [ '/home/user/node_modules/@unrs/resolver-binding-android-arm-eabi' ]
151 verbose reify failed optional dependency /home/user/node_modules/@next/swc-win32-x64-msvc
152 silly reify mark deleted [ '/home/user/node_modules/@next/swc-win32-x64-msvc' ]
153 verbose reify failed optional dependency /home/user/node_modules/@next/swc-win32-arm64-msvc
154 silly reify mark deleted [ '/home/user/node_modules/@next/swc-win32-arm64-msvc' ]
155 verbose reify failed optional dependency /home/user/node_modules/@next/swc-linux-arm64-musl
156 silly reify mark deleted [ '/home/user/node_modules/@next/swc-linux-arm64-musl' ]
157 verbose reify failed optional dependency /home/user/node_modules/@next/swc-linux-arm64-gnu
158 silly reify mark deleted [ '/home/user/node_modules/@next/swc-linux-arm64-gnu' ]
159 verbose reify failed optional dependency /home/user/node_modules/@next/swc-darwin-x64
160 silly reify mark deleted [ '/home/user/node_modules/@next/swc-darwin-x64' ]
161 verbose reify failed optional dependency /home/user/node_modules/@next/swc-darwin-arm64
162 silly reify mark deleted [ '/home/user/node_modules/@next/swc-darwin-arm64' ]
163 verbose reify failed optional dependency /home/user/node_modules/@img/sharp-win32-x64
164 silly reify mark deleted [ '/home/user/node_modules/@img/sharp-win32-x64' ]
165 verbose reify failed optional dependency /home/user/node_modules/@img/sharp-win32-ia32
166 silly reify mark deleted [ '/home/user/node_modules/@img/sharp-win32-ia32' ]
167 verbose reify failed optional dependency /home/user/node_modules/@img/sharp-win32-arm64
168 silly reify mark deleted [ '/home/user/node_modules/@img/sharp-win32-arm64' ]
169 verbose reify failed optional dependency /home/user/node_modules/@img/sharp-wasm32
170 silly reify mark deleted [ '/home/user/node_modules/@img/sharp-wasm32' ]
171 verbose reify failed optional dependency /home/user/node_modules/@img/sharp-linuxmusl-arm64
172 silly reify mark deleted [ '/home/user/node_modules/@img/sharp-linuxmusl-arm64' ]
173 verbose reify failed optional dependency /home/user/node_modules/@img/sharp-linux-s390x
174 silly reify mark deleted [ '/home/user/node_modules/@img/sharp-linux-s390x' ]
175 verbose reify failed optional dependency /home/user/node_modules/@img/sharp-linux-riscv64
176 silly reify mark deleted [ '/home/user/node_modules/@img/sharp-linux-riscv64' ]
177 verbose reify failed optional dependency /home/user/node_modules/@img/sharp-linux-ppc64
178 silly reify mark deleted [ '/home/user/node_modules/@img/sharp-linux-ppc64' ]
179 verbose reify failed optional dependency /home/user/node_modules/@img/sharp-linux-arm64
180 silly reify mark deleted [ '/home/user/node_modules/@img/sharp-linux-arm64' ]
181 verbose reify failed optional dependency /home/user/node_modules/@img/sharp-linux-arm
182 silly reify mark deleted [ '/home/user/node_modules/@img/sharp-linux-arm' ]
183 verbose reify failed optional dependency /home/user/node_modules/@img/sharp-libvips-linuxmusl-arm64
184 silly reify mark deleted [ '/home/user/node_modules/@img/sharp-libvips-linuxmusl-arm64' ]
185 verbose reify failed optional dependency /home/user/node_modules/@img/sharp-libvips-linux-s390x
186 silly reify mark deleted [ '/home/user/node_modules/@img/sharp-libvips-linux-s390x' ]
187 verbose reify failed optional dependency /home/user/node_modules/@img/sharp-libvips-linux-riscv64
188 silly reify mark deleted [ '/home/user/node_modules/@img/sharp-libvips-linux-riscv64' ]
189 verbose reify failed optional dependency /home/user/node_modules/@img/sharp-libvips-linux-ppc64
190 silly reify mark deleted [ '/home/user/node_modules/@img/sharp-libvips-linux-ppc64' ]
191 verbose reify failed optional dependency /home/user/node_modules/@img/sharp-libvips-linux-arm64
192 silly reify mark deleted [ '/home/user/node_modules/@img/sharp-libvips-linux-arm64' ]
193 verbose reify failed optional dependency /home/user/node_modules/@img/sharp-libvips-linux-arm
194 silly reify mark deleted [ '/home/user/node_modules/@img/sharp-libvips-linux-arm' ]
195 verbose reify failed optional dependency /home/user/node_modules/@img/sharp-libvips-darwin-x64
196 silly reify mark deleted [ '/home/user/node_modules/@img/sharp-libvips-darwin-x64' ]
197 verbose reify failed optional dependency /home/user/node_modules/@img/sharp-libvips-darwin-arm64
198 silly reify mark deleted [ '/home/user/node_modules/@img/sharp-libvips-darwin-arm64' ]
199 verbose reify failed optional dependency /home/user/node_modules/@img/sharp-darwin-x64
200 silly reify mark deleted [ '/home/user/node_modules/@img/sharp-darwin-x64' ]
201 verbose reify failed optional dependency /home/user/node_modules/@img/sharp-darwin-arm64
202 silly reify mark deleted [ '/home/user/node_modules/@img/sharp-darwin-arm64' ]
203 silly tarball no local data for pdfjs-dist@https://registry.npmjs.org/pdfjs-dist/-/pdfjs-dist-5.4.624.tgz. Extracting by manifest.
204 silly tarball no local data for @next/swc-linux-x64-musl@https://registry.npmjs.org/@next/swc-linux-x64-musl/-/swc-linux-x64-musl-16.2.6.tgz. Extracting by manifest.
205 silly tarball no local data for node-readable-to-web-readable-stream@https://registry.npmjs.org/node-readable-to-web-readable-stream/-/node-readable-to-web-readable-stream-0.4.2.tgz. Extracting by manifest.
206 silly tarball no local data for @napi-rs/canvas-linux-x64-gnu@https://registry.npmjs.org/@napi-rs/canvas-linux-x64-gnu/-/canvas-linux-x64-gnu-0.1.100.tgz. Extracting by manifest.
207 silly tarball no local data for @napi-rs/canvas@https://registry.npmjs.org/@napi-rs/canvas/-/canvas-0.1.100.tgz. Extracting by manifest.
208 http fetch POST 200 https://registry.npmjs.org/-/npm/v1/security/advisories/bulk 211ms
209 silly audit report {
209 silly audit report   postcss: [
209 silly audit report     {
209 silly audit report       id: 1117015,
209 silly audit report       url: 'https://github.com/advisories/GHSA-qx2v-qp2m-jg93',
209 silly audit report       title: 'PostCSS has XSS via Unescaped </style> in its CSS Stringify Output',
209 silly audit report       severity: 'moderate',
209 silly audit report       vulnerable_versions: '<8.5.10',
209 silly audit report       cwe: [Array],
209 silly audit report       cvss: [Object]
209 silly audit report     }
209 silly audit report   ]
209 silly audit report }
210 silly packumentCache corgi:https://registry.npmjs.org/postcss cache-miss
211 http fetch GET 200 https://registry.npmjs.org/postcss 130ms (cache revalidated)
212 silly packumentCache corgi:https://registry.npmjs.org/postcss set size:343873 disposed:false
213 silly packumentCache corgi:https://registry.npmjs.org/next cache-miss
214 http fetch GET 200 https://registry.npmjs.org/node-readable-to-web-readable-stream/-/node-readable-to-web-readable-stream-0.4.2.tgz 212ms (cache miss)
215 http fetch GET 200 https://registry.npmjs.org/@napi-rs/canvas/-/canvas-0.1.100.tgz 296ms (cache miss)
216 http fetch GET 200 https://registry.npmjs.org/next 185ms (cache revalidated)
217 silly packumentCache corgi:https://registry.npmjs.org/next set size:24929605 disposed:false
218 http fetch GET 200 https://registry.npmjs.org/@napi-rs/canvas-linux-x64-gnu/-/canvas-linux-x64-gnu-0.1.100.tgz 1553ms (cache miss)
219 http fetch GET 200 https://registry.npmjs.org/pdfjs-dist/-/pdfjs-dist-5.4.624.tgz 1725ms (cache miss)
220 http fetch GET 200 https://registry.npmjs.org/@next/swc-linux-x64-musl/-/swc-linux-x64-musl-16.2.6.tgz 2535ms (cache miss)
221 silly ADD
222 silly ADD
223 silly ADD
224 silly ADD node_modules/@napi-rs/canvas-linux-x64-gnu
225 silly ADD
226 silly ADD
227 silly ADD
228 silly ADD
229 silly ADD
230 silly ADD
231 silly ADD
232 silly ADD node_modules/node-readable-to-web-readable-stream
233 silly ADD node_modules/@napi-rs/canvas
234 silly ADD node_modules/pdfjs-dist
235 silly ADD
236 silly ADD
237 silly ADD
238 silly ADD
239 silly ADD
240 silly ADD
241 silly ADD
242 silly ADD
243 silly ADD
244 silly ADD
245 silly ADD
246 silly ADD
247 silly ADD
248 silly ADD
249 silly ADD
250 silly ADD
251 silly ADD
252 silly ADD
253 silly ADD
254 silly ADD
255 silly ADD
256 silly ADD node_modules/@next/swc-linux-x64-musl
257 silly ADD
258 silly ADD
259 silly ADD
260 silly ADD
261 silly ADD
262 silly ADD
263 silly ADD
264 silly ADD
265 silly ADD
266 silly ADD
267 silly ADD
268 silly ADD
269 silly ADD
270 silly ADD
271 silly ADD
272 silly ADD
273 silly ADD
274 silly ADD
275 silly ADD
276 silly ADD
277 silly ADD
278 silly ADD
279 silly ADD
280 silly ADD
281 silly ADD
282 silly ADD
283 silly ADD
284 verbose cwd /home/user
285 verbose os Linux 6.1.158
286 verbose node v20.18.1
287 verbose npm  v10.8.2
288 verbose exit 0
289 info ok
